28-Oct-2025 10:27:39.947 INFO [Catalina-utility-2] org.apache.catalina.startup.HostConfig.deployWAR Deploying web application archive [/home/vignol-bande/Downloads/mesures/apache-tomcat-11.0.1/webapps/serv.war]
28-Oct-2025 10:27:39.983 INFO [Catalina-utility-2] org.apache.catalina.startup.HostConfig.deployWAR Deployment of web application archive [/home/vignol-bande/Downloads/mesures/apache-tomcat-11.0.1/webapps/serv.war] has finished in [36] ms
28-Oct-2025 10:30:40.009 INFO [Catalina-utility-1] org.apache.catalina.startup.HostConfig.undeploy Undeploying context [/serv1]
28-Oct-2025 10:31:30.036 INFO [Catalina-utility-1] org.apache.catalina.startup.HostConfig.deployWAR Deploying web application archive [/home/vignol-bande/Downloads/mesures/apache-tomcat-11.0.1/webapps/serv1.war]
28-Oct-2025 10:31:30.044 SEVERE [Catalina-utility-1] org.apache.catalina.startup.ContextConfig.beforeStart Exception fixing docBase for context [/serv1]
	java.io.IOException: Unable to create the file [/home/vignol-bande/Downloads/mesures/apache-tomcat-11.0.1/webapps/serv1/META-INF/war-tracker]
		at org.apache.catalina.startup.ExpandWar.expand(ExpandWar.java:166)
		at org.apache.catalina.startup.ContextConfig.fixDocBase(ContextConfig.java:801)
		at org.apache.catalina.startup.ContextConfig.beforeStart(ContextConfig.java:937)
		at org.apache.catalina.startup.ContextConfig.lifecycleEvent(ContextConfig.java:292)
		at org.apache.catalina.util.LifecycleBase.fireLifecycleEvent(LifecycleBase.java:109)
		at org.apache.catalina.util.LifecycleBase.setStateInternal(LifecycleBase.java:389)
		at org.apache.catalina.util.LifecycleBase.start(LifecycleBase.java:163)
		at org.apache.catalina.core.ContainerBase.addChild(ContainerBase.java:566)
		at org.apache.catalina.core.StandardHost.addChild(StandardHost.java:653)
		at org.apache.catalina.startup.HostConfig.deployWAR(HostConfig.java:933)
		at org.apache.catalina.startup.HostConfig$DeployWar.run(HostConfig.java:1875)
		at java.base/java.util.concurrent.Executors$RunnableAdapter.call(Executors.java:572)
		at java.base/java.util.concurrent.FutureTask.run(FutureTask.java:317)
		at org.apache.tomcat.util.threads.InlineExecutorService.execute(InlineExecutorService.java:75)
		at java.base/java.util.concurrent.AbstractExecutorService.submit(AbstractExecutorService.java:123)
		at org.apache.catalina.startup.HostConfig.deployWARs(HostConfig.java:735)
		at org.apache.catalina.startup.HostConfig.deployApps(HostConfig.java:387)
		at org.apache.catalina.startup.HostConfig.check(HostConfig.java:1642)
		at org.apache.catalina.startup.HostConfig.lifecycleEvent(HostConfig.java:263)
		at org.apache.catalina.util.LifecycleBase.fireLifecycleEvent(LifecycleBase.java:109)
		at org.apache.catalina.core.ContainerBase.backgroundProcess(ContainerBase.java:940)
		at org.apache.catalina.core.ContainerBase$ContainerBackgroundProcessor.processChildren(ContainerBase.java:1139)
		at org.apache.catalina.core.ContainerBase$ContainerBackgroundProcessor.processChildren(ContainerBase.java:1143)
		at org.apache.catalina.core.ContainerBase$ContainerBackgroundProcessor.run(ContainerBase.java:1121)
		at java.base/java.util.concurrent.Executors$RunnableAdapter.call(Executors.java:572)
		at java.base/java.util.concurrent.FutureTask.runAndReset(FutureTask.java:358)
		at java.base/java.util.concurrent.ScheduledThreadPoolExecutor$ScheduledFutureTask.run(ScheduledThreadPoolExecutor.java:305)
		at java.base/java.util.concurrent.ThreadPoolExecutor.runWorker(ThreadPoolExecutor.java:1144)
		at java.base/java.util.concurrent.ThreadPoolExecutor$Worker.run(ThreadPoolExecutor.java:642)
		at org.apache.tomcat.util.threads.TaskThread$WrappingRunnable.run(TaskThread.java:63)
		at java.base/java.lang.Thread.run(Thread.java:1583)
28-Oct-2025 10:31:30.055 SEVERE [Catalina-utility-1] org.apache.catalina.startup.HostConfig.deployWAR Error deploying web application archive [/home/vignol-bande/Downloads/mesures/apache-tomcat-11.0.1/webapps/serv1.war]
	java.lang.IllegalStateException: Error starting child
		at org.apache.catalina.core.ContainerBase.addChild(ContainerBase.java:569)
		at org.apache.catalina.core.StandardHost.addChild(StandardHost.java:653)
		at org.apache.catalina.startup.HostConfig.deployWAR(HostConfig.java:933)
		at org.apache.catalina.startup.HostConfig$DeployWar.run(HostConfig.java:1875)
		at java.base/java.util.concurrent.Executors$RunnableAdapter.call(Executors.java:572)
		at java.base/java.util.concurrent.FutureTask.run(FutureTask.java:317)
		at org.apache.tomcat.util.threads.InlineExecutorService.execute(InlineExecutorService.java:75)
		at java.base/java.util.concurrent.AbstractExecutorService.submit(AbstractExecutorService.java:123)
		at org.apache.catalina.startup.HostConfig.deployWARs(HostConfig.java:735)
		at org.apache.catalina.startup.HostConfig.deployApps(HostConfig.java:387)
		at org.apache.catalina.startup.HostConfig.check(HostConfig.java:1642)
		at org.apache.catalina.startup.HostConfig.lifecycleEvent(HostConfig.java:263)
		at org.apache.catalina.util.LifecycleBase.fireLifecycleEvent(LifecycleBase.java:109)
		at org.apache.catalina.core.ContainerBase.backgroundProcess(ContainerBase.java:940)
		at org.apache.catalina.core.ContainerBase$ContainerBackgroundProcessor.processChildren(ContainerBase.java:1139)
		at org.apache.catalina.core.ContainerBase$ContainerBackgroundProcessor.processChildren(ContainerBase.java:1143)
		at org.apache.catalina.core.ContainerBase$ContainerBackgroundProcessor.run(ContainerBase.java:1121)
		at java.base/java.util.concurrent.Executors$RunnableAdapter.call(Executors.java:572)
		at java.base/java.util.concurrent.FutureTask.runAndReset(FutureTask.java:358)
		at java.base/java.util.concurrent.ScheduledThreadPoolExecutor$ScheduledFutureTask.run(ScheduledThreadPoolExecutor.java:305)
		at java.base/java.util.concurrent.ThreadPoolExecutor.runWorker(ThreadPoolExecutor.java:1144)
		at java.base/java.util.concurrent.ThreadPoolExecutor$Worker.run(ThreadPoolExecutor.java:642)
		at org.apache.tomcat.util.threads.TaskThread$WrappingRunnable.run(TaskThread.java:63)
		at java.base/java.lang.Thread.run(Thread.java:1583)
	Caused by: org.apache.catalina.LifecycleException: Failed to start component [StandardEngine[Catalina].StandardHost[localhost].StandardContext[/serv1]]
		at org.apache.catalina.util.LifecycleBase.handleSubClassException(LifecycleBase.java:406)
		at org.apache.catalina.util.LifecycleBase.start(LifecycleBase.java:179)
		at org.apache.catalina.core.ContainerBase.addChild(ContainerBase.java:566)
		... 23 more
	Caused by: java.lang.VerifyError: Bad type on operand stack
Exception Details:
  Location:
    app/Serv.doGet(Ljakarta/servlet/http/HttpServletRequest;Ljakarta/servlet/http/HttpServletResponse;)V @3: invokeinterface
  Reason:
    Type 'jakarta/servlet/http/HttpServletRequest' (current frame, stack[0]) is not assignable to 'odb/MyHttpServletRequest'
  Current Frame:
    bci: @3
    flags: { }
    locals: { 'app/Serv', 'jakarta/servlet/http/HttpServletRequest', 'jakarta/servlet/http/HttpServletResponse' }
    stack: { 'jakarta/servlet/http/HttpServletRequest', 'java/lang/String' }
  Bytecode:
    0000000: 2b12 34b9 003a 0200 4e2b 123c b900 3a02
    0000010: 003a 042d c700 4a2b b900 4001 0019 04ba
    0000020: 004b 0000 b900 5102 003a 0519 05b6 0057
    0000030: 3a06 2c2a b600 5819 04b9 005b 0200 b900
    0000040: 6102 002c 1906 b400 67be b900 6b02 002c
    0000050: b900 6f01 0019 06b4 0067 b600 75b1 2d19
    0000060: 04ba 007a 0000 3a05 b800 7e19 05b8 0084
    0000070: b900 8802 00b9 008b 0100 b900 8f01 003a
    0000080: 062a b400 2819 06b8 0093 b600 973a 0719
    0000090: 07b9 009b 0100 129d b600 a32c ba00 b600
    00000a0: 00b6 00bc 1907 b900 9b01 0012 beb6 00a3
    00000b0: 2cba 00c3 0000 b600 bc19 07b9 009b 0100
    00000c0: 12c5 b600 c92c ba00 ce00 00b9 00d3 0200
    00000d0: 2cb9 006f 0100 1907 b900 d701 00b4 0067
    00000e0: b600 75a7 000a 3a07 1907 b600 dab1     
  Exception Handler Table:
    bci [129, 227] => handler: 230
  Stackmap Table:
    append_frame(@94,Object[#237],Object[#237])
    full_frame(@230,{Object[#2],Object[#239],Object[#241],Object[#237],Object[#237],Object[#237],Object[#12]},{Object[#50]})
    append_frame(@237,Object[#243])

		at java.base/java.lang.Class.getDeclaredFields0(Native Method)
		at java.base/java.lang.Class.privateGetDeclaredFields(Class.java:3473)
		at java.base/java.lang.Class.getDeclaredFields(Class.java:2542)
		at org.apache.catalina.startup.WebAnnotationSet.loadFieldsAnnotation(WebAnnotationSet.java:199)
		at org.apache.catalina.startup.WebAnnotationSet.loadApplicationServletAnnotations(WebAnnotationSet.java:138)
		at org.apache.catalina.startup.WebAnnotationSet.loadApplicationAnnotations(WebAnnotationSet.java:69)
		at org.apache.catalina.startup.ContextConfig.applicationAnnotationsConfig(ContextConfig.java:319)
		at org.apache.catalina.startup.ContextConfig.configureStart(ContextConfig.java:964)
		at org.apache.catalina.startup.ContextConfig.lifecycleEvent(ContextConfig.java:290)
		at org.apache.catalina.util.LifecycleBase.fireLifecycleEvent(LifecycleBase.java:109)
		at org.apache.catalina.core.StandardContext.startInternal(StandardContext.java:4311)
		at org.apache.catalina.util.LifecycleBase.start(LifecycleBase.java:164)
		... 24 more
28-Oct-2025 10:31:30.056 INFO [Catalina-utility-1] org.apache.catalina.startup.HostConfig.deployWAR Deployment of web application archive [/home/vignol-bande/Downloads/mesures/apache-tomcat-11.0.1/webapps/serv1.war] has finished in [21] ms
28-Oct-2025 10:34:00.075 INFO [Catalina-utility-2] org.apache.catalina.startup.HostConfig.undeploy Undeploying context [/serv1]
28-Oct-2025 10:36:20.099 INFO [Catalina-utility-1] org.apache.catalina.startup.HostConfig.deployWAR Deploying web application archive [/home/vignol-bande/Downloads/mesures/apache-tomcat-11.0.1/webapps/serv1.war]
28-Oct-2025 10:36:20.117 SEVERE [Catalina-utility-1] org.apache.catalina.startup.HostConfig.deployWAR Error deploying web application archive [/home/vignol-bande/Downloads/mesures/apache-tomcat-11.0.1/webapps/serv1.war]
	java.lang.IllegalStateException: Error starting child
		at org.apache.catalina.core.ContainerBase.addChild(ContainerBase.java:569)
		at org.apache.catalina.core.StandardHost.addChild(StandardHost.java:653)
		at org.apache.catalina.startup.HostConfig.deployWAR(HostConfig.java:933)
		at org.apache.catalina.startup.HostConfig$DeployWar.run(HostConfig.java:1875)
		at java.base/java.util.concurrent.Executors$RunnableAdapter.call(Executors.java:572)
		at java.base/java.util.concurrent.FutureTask.run(FutureTask.java:317)
		at org.apache.tomcat.util.threads.InlineExecutorService.execute(InlineExecutorService.java:75)
		at java.base/java.util.concurrent.AbstractExecutorService.submit(AbstractExecutorService.java:123)
		at org.apache.catalina.startup.HostConfig.deployWARs(HostConfig.java:735)
		at org.apache.catalina.startup.HostConfig.deployApps(HostConfig.java:387)
		at org.apache.catalina.startup.HostConfig.check(HostConfig.java:1642)
		at org.apache.catalina.startup.HostConfig.lifecycleEvent(HostConfig.java:263)
		at org.apache.catalina.util.LifecycleBase.fireLifecycleEvent(LifecycleBase.java:109)
		at org.apache.catalina.core.ContainerBase.backgroundProcess(ContainerBase.java:940)
		at org.apache.catalina.core.ContainerBase$ContainerBackgroundProcessor.processChildren(ContainerBase.java:1139)
		at org.apache.catalina.core.ContainerBase$ContainerBackgroundProcessor.processChildren(ContainerBase.java:1143)
		at org.apache.catalina.core.ContainerBase$ContainerBackgroundProcessor.run(ContainerBase.java:1121)
		at java.base/java.util.concurrent.Executors$RunnableAdapter.call(Executors.java:572)
		at java.base/java.util.concurrent.FutureTask.runAndReset(FutureTask.java:358)
		at java.base/java.util.concurrent.ScheduledThreadPoolExecutor$ScheduledFutureTask.run(ScheduledThreadPoolExecutor.java:305)
		at java.base/java.util.concurrent.ThreadPoolExecutor.runWorker(ThreadPoolExecutor.java:1144)
		at java.base/java.util.concurrent.ThreadPoolExecutor$Worker.run(ThreadPoolExecutor.java:642)
		at org.apache.tomcat.util.threads.TaskThread$WrappingRunnable.run(TaskThread.java:63)
		at java.base/java.lang.Thread.run(Thread.java:1583)
	Caused by: org.apache.catalina.LifecycleException: Failed to start component [StandardEngine[Catalina].StandardHost[localhost].StandardContext[/serv1]]
		at org.apache.catalina.util.LifecycleBase.handleSubClassException(LifecycleBase.java:406)
		at org.apache.catalina.util.LifecycleBase.start(LifecycleBase.java:179)
		at org.apache.catalina.core.ContainerBase.addChild(ContainerBase.java:566)
		... 23 more
	Caused by: java.lang.VerifyError: Bad type on operand stack
Exception Details:
  Location:
    app/Serv.doGet(Ljakarta/servlet/http/HttpServletRequest;Ljakarta/servlet/http/HttpServletResponse;)V @3: invokeinterface
  Reason:
    Type 'jakarta/servlet/http/HttpServletRequest' (current frame, stack[0]) is not assignable to 'odb/MyHttpServletRequest'
  Current Frame:
    bci: @3
    flags: { }
    locals: { 'app/Serv', 'jakarta/servlet/http/HttpServletRequest', 'jakarta/servlet/http/HttpServletResponse' }
    stack: { 'jakarta/servlet/http/HttpServletRequest', 'java/lang/String' }
  Bytecode:
    0000000: 2b12 34b9 003a 0200 4e2b 123c b900 3a02
    0000010: 003a 042d c700 4a2b b900 4001 0019 04ba
    0000020: 004b 0000 b900 5102 003a 0519 05b6 0057
    0000030: 3a06 2c2a b600 5819 04b9 005b 0200 b900
    0000040: 6102 002c 1906 b400 67be b900 6b02 002c
    0000050: b900 6f01 0019 06b4 0067 b600 75b1 2d19
    0000060: 04ba 007a 0000 3a05 b800 7e19 05b8 0084
    0000070: b900 8802 00b9 008b 0100 b900 8f01 003a
    0000080: 062a b400 2819 06b8 0093 b600 973a 0719
    0000090: 07b9 009b 0100 129d b600 a32c ba00 b600
    00000a0: 00b6 00bc 1907 b900 9b01 0012 beb6 00a3
    00000b0: 2cba 00c3 0000 b600 bc19 07b9 009b 0100
    00000c0: 12c5 b600 c92c ba00 ce00 00b9 00d3 0200
    00000d0: 2cb9 006f 0100 1907 b900 d701 00b4 0067
    00000e0: b600 75a7 000a 3a07 1907 b600 dab1     
  Exception Handler Table:
    bci [129, 227] => handler: 230
  Stackmap Table:
    append_frame(@94,Object[#237],Object[#237])
    full_frame(@230,{Object[#2],Object[#239],Object[#241],Object[#237],Object[#237],Object[#237],Object[#12]},{Object[#50]})
    append_frame(@237,Object[#243])

		at java.base/java.lang.Class.getDeclaredFields0(Native Method)
		at java.base/java.lang.Class.privateGetDeclaredFields(Class.java:3473)
		at java.base/java.lang.Class.getDeclaredFields(Class.java:2542)
		at org.apache.catalina.startup.WebAnnotationSet.loadFieldsAnnotation(WebAnnotationSet.java:199)
		at org.apache.catalina.startup.WebAnnotationSet.loadApplicationServletAnnotations(WebAnnotationSet.java:138)
		at org.apache.catalina.startup.WebAnnotationSet.loadApplicationAnnotations(WebAnnotationSet.java:69)
		at org.apache.catalina.startup.ContextConfig.applicationAnnotationsConfig(ContextConfig.java:319)
		at org.apache.catalina.startup.ContextConfig.configureStart(ContextConfig.java:964)
		at org.apache.catalina.startup.ContextConfig.lifecycleEvent(ContextConfig.java:290)
		at org.apache.catalina.util.LifecycleBase.fireLifecycleEvent(LifecycleBase.java:109)
		at org.apache.catalina.core.StandardContext.startInternal(StandardContext.java:4311)
		at org.apache.catalina.util.LifecycleBase.start(LifecycleBase.java:164)
		... 24 more
28-Oct-2025 10:36:20.118 INFO [Catalina-utility-1] org.apache.catalina.startup.HostConfig.deployWAR Deployment of web application archive [/home/vignol-bande/Downloads/mesures/apache-tomcat-11.0.1/webapps/serv1.war] has finished in [19] ms
28-Oct-2025 12:32:19.982 INFO [Catalina-utility-1] org.apache.catalina.startup.HostConfig.undeploy Undeploying context [/serv1]
28-Oct-2025 12:32:50.004 INFO [Catalina-utility-2] org.apache.catalina.startup.HostConfig.deployWAR Deploying web application archive [/home/vignol-bande/Downloads/mesures/apache-tomcat-11.0.1/webapps/serv1.war]
28-Oct-2025 12:32:50.032 SEVERE [Catalina-utility-2] org.apache.catalina.startup.HostConfig.deployWAR Error deploying web application archive [/home/vignol-bande/Downloads/mesures/apache-tomcat-11.0.1/webapps/serv1.war]
	java.lang.IllegalStateException: Error starting child
		at org.apache.catalina.core.ContainerBase.addChild(ContainerBase.java:569)
		at org.apache.catalina.core.StandardHost.addChild(StandardHost.java:653)
		at org.apache.catalina.startup.HostConfig.deployWAR(HostConfig.java:933)
		at org.apache.catalina.startup.HostConfig$DeployWar.run(HostConfig.java:1875)
		at java.base/java.util.concurrent.Executors$RunnableAdapter.call(Executors.java:572)
		at java.base/java.util.concurrent.FutureTask.run(FutureTask.java:317)
		at org.apache.tomcat.util.threads.InlineExecutorService.execute(InlineExecutorService.java:75)
		at java.base/java.util.concurrent.AbstractExecutorService.submit(AbstractExecutorService.java:123)
		at org.apache.catalina.startup.HostConfig.deployWARs(HostConfig.java:735)
		at org.apache.catalina.startup.HostConfig.deployApps(HostConfig.java:387)
		at org.apache.catalina.startup.HostConfig.check(HostConfig.java:1642)
		at org.apache.catalina.startup.HostConfig.lifecycleEvent(HostConfig.java:263)
		at org.apache.catalina.util.LifecycleBase.fireLifecycleEvent(LifecycleBase.java:109)
		at org.apache.catalina.core.ContainerBase.backgroundProcess(ContainerBase.java:940)
		at org.apache.catalina.core.ContainerBase$ContainerBackgroundProcessor.processChildren(ContainerBase.java:1139)
		at org.apache.catalina.core.ContainerBase$ContainerBackgroundProcessor.processChildren(ContainerBase.java:1143)
		at org.apache.catalina.core.ContainerBase$ContainerBackgroundProcessor.run(ContainerBase.java:1121)
		at java.base/java.util.concurrent.Executors$RunnableAdapter.call(Executors.java:572)
		at java.base/java.util.concurrent.FutureTask.runAndReset(FutureTask.java:358)
		at java.base/java.util.concurrent.ScheduledThreadPoolExecutor$ScheduledFutureTask.run(ScheduledThreadPoolExecutor.java:305)
		at java.base/java.util.concurrent.ThreadPoolExecutor.runWorker(ThreadPoolExecutor.java:1144)
		at java.base/java.util.concurrent.ThreadPoolExecutor$Worker.run(ThreadPoolExecutor.java:642)
		at org.apache.tomcat.util.threads.TaskThread$WrappingRunnable.run(TaskThread.java:63)
		at java.base/java.lang.Thread.run(Thread.java:1583)
	Caused by: org.apache.catalina.LifecycleException: Failed to start component [StandardEngine[Catalina].StandardHost[localhost].StandardContext[/serv1]]
		at org.apache.catalina.util.LifecycleBase.handleSubClassException(LifecycleBase.java:406)
		at org.apache.catalina.util.LifecycleBase.start(LifecycleBase.java:179)
		at org.apache.catalina.core.ContainerBase.addChild(ContainerBase.java:566)
		... 23 more
	Caused by: java.lang.VerifyError: Bad type on operand stack
Exception Details:
  Location:
    app/Serv.doGet(Ljakarta/servlet/http/HttpServletRequest;Ljakarta/servlet/http/HttpServletResponse;)V @45: invokevirtual
  Reason:
    Type 'java/io/InputStream' (current frame, stack[0]) is not assignable to 'odb/MyInputStream'
  Current Frame:
    bci: @45
    flags: { }
    locals: { 'app/Serv', 'jakarta/servlet/http/HttpServletRequest', 'jakarta/servlet/http/HttpServletResponse', 'java/lang/String', 'java/lang/String', 'java/io/InputStream' }
    stack: { 'java/io/InputStream' }
  Bytecode:
    0000000: 2b12 34b9 003a 0200 4e2b 123c b900 3a02
    0000010: 003a 042d c700 4a2b b900 4001 0019 04ba
    0000020: 004b 0000 b900 5102 003a 0519 05b6 0057
    0000030: 3a06 2c2a b600 5819 04b9 005b 0200 b900
    0000040: 6102 002c 1906 b400 67be b900 6b02 002c
    0000050: b900 6f01 0019 06b4 0067 b600 75b1 2d19
    0000060: 04ba 007a 0000 3a05 b800 7e19 05b8 0084
    0000070: b900 8802 00b9 008b 0100 b900 8f01 003a
    0000080: 062a b400 2819 06b8 0093 b600 973a 0719
    0000090: 07b9 009b 0100 129d b600 a32c ba00 b600
    00000a0: 00b6 00bc 1907 b900 9b01 0012 beb6 00a3
    00000b0: 2cba 00c3 0000 b600 bc19 07b9 009b 0100
    00000c0: 12c5 b600 c92c ba00 ce00 00b9 00d3 0200
    00000d0: 2cb9 006f 0100 1907 b900 d701 0000 b400
    00000e0: 67b6 0075 a700 0a3a 0719 07b6 00da b1  
  Exception Handler Table:
    bci [129, 228] => handler: 231
  Stackmap Table:
    append_frame(@94,Object[#237],Object[#237])
    full_frame(@231,{Object[#2],Object[#54],Object[#93],Object[#237],Object[#237],Object[#237],Object[#12]},{Object[#50]})
    append_frame(@238,Object[#239])

		at java.base/java.lang.Class.getDeclaredFields0(Native Method)
		at java.base/java.lang.Class.privateGetDeclaredFields(Class.java:3473)
		at java.base/java.lang.Class.getDeclaredFields(Class.java:2542)
		at org.apache.catalina.startup.WebAnnotationSet.loadFieldsAnnotation(WebAnnotationSet.java:199)
		at org.apache.catalina.startup.WebAnnotationSet.loadApplicationServletAnnotations(WebAnnotationSet.java:138)
		at org.apache.catalina.startup.WebAnnotationSet.loadApplicationAnnotations(WebAnnotationSet.java:69)
		at org.apache.catalina.startup.ContextConfig.applicationAnnotationsConfig(ContextConfig.java:319)
		at org.apache.catalina.startup.ContextConfig.configureStart(ContextConfig.java:964)
		at org.apache.catalina.startup.ContextConfig.lifecycleEvent(ContextConfig.java:290)
		at org.apache.catalina.util.LifecycleBase.fireLifecycleEvent(LifecycleBase.java:109)
		at org.apache.catalina.core.StandardContext.startInternal(StandardContext.java:4311)
		at org.apache.catalina.util.LifecycleBase.start(LifecycleBase.java:164)
		... 24 more
28-Oct-2025 12:32:50.032 INFO [Catalina-utility-2] org.apache.catalina.startup.HostConfig.deployWAR Deployment of web application archive [/home/vignol-bande/Downloads/mesures/apache-tomcat-11.0.1/webapps/serv1.war] has finished in [28] ms
28-Oct-2025 12:43:40.096 INFO [Catalina-utility-2] org.apache.catalina.startup.HostConfig.undeploy Undeploying context [/serv1]
28-Oct-2025 12:45:40.117 INFO [Catalina-utility-2] org.apache.catalina.startup.HostConfig.deployWAR Deploying web application archive [/home/vignol-bande/Downloads/mesures/apache-tomcat-11.0.1/webapps/serv1.war]
28-Oct-2025 12:45:40.151 SEVERE [Catalina-utility-2] org.apache.catalina.startup.HostConfig.deployWAR Error deploying web application archive [/home/vignol-bande/Downloads/mesures/apache-tomcat-11.0.1/webapps/serv1.war]
	java.lang.IllegalStateException: Error starting child
		at org.apache.catalina.core.ContainerBase.addChild(ContainerBase.java:569)
		at org.apache.catalina.core.StandardHost.addChild(StandardHost.java:653)
		at org.apache.catalina.startup.HostConfig.deployWAR(HostConfig.java:933)
		at org.apache.catalina.startup.HostConfig$DeployWar.run(HostConfig.java:1875)
		at java.base/java.util.concurrent.Executors$RunnableAdapter.call(Executors.java:572)
		at java.base/java.util.concurrent.FutureTask.run(FutureTask.java:317)
		at org.apache.tomcat.util.threads.InlineExecutorService.execute(InlineExecutorService.java:75)
		at java.base/java.util.concurrent.AbstractExecutorService.submit(AbstractExecutorService.java:123)
		at org.apache.catalina.startup.HostConfig.deployWARs(HostConfig.java:735)
		at org.apache.catalina.startup.HostConfig.deployApps(HostConfig.java:387)
		at org.apache.catalina.startup.HostConfig.check(HostConfig.java:1642)
		at org.apache.catalina.startup.HostConfig.lifecycleEvent(HostConfig.java:263)
		at org.apache.catalina.util.LifecycleBase.fireLifecycleEvent(LifecycleBase.java:109)
		at org.apache.catalina.core.ContainerBase.backgroundProcess(ContainerBase.java:940)
		at org.apache.catalina.core.ContainerBase$ContainerBackgroundProcessor.processChildren(ContainerBase.java:1139)
		at org.apache.catalina.core.ContainerBase$ContainerBackgroundProcessor.processChildren(ContainerBase.java:1143)
		at org.apache.catalina.core.ContainerBase$ContainerBackgroundProcessor.run(ContainerBase.java:1121)
		at java.base/java.util.concurrent.Executors$RunnableAdapter.call(Executors.java:572)
		at java.base/java.util.concurrent.FutureTask.runAndReset(FutureTask.java:358)
		at java.base/java.util.concurrent.ScheduledThreadPoolExecutor$ScheduledFutureTask.run(ScheduledThreadPoolExecutor.java:305)
		at java.base/java.util.concurrent.ThreadPoolExecutor.runWorker(ThreadPoolExecutor.java:1144)
		at java.base/java.util.concurrent.ThreadPoolExecutor$Worker.run(ThreadPoolExecutor.java:642)
		at org.apache.tomcat.util.threads.TaskThread$WrappingRunnable.run(TaskThread.java:63)
		at java.base/java.lang.Thread.run(Thread.java:1583)
	Caused by: org.apache.catalina.LifecycleException: Failed to start component [StandardEngine[Catalina].StandardHost[localhost].StandardContext[/serv1]]
		at org.apache.catalina.util.LifecycleBase.handleSubClassException(LifecycleBase.java:406)
		at org.apache.catalina.util.LifecycleBase.start(LifecycleBase.java:179)
		at org.apache.catalina.core.ContainerBase.addChild(ContainerBase.java:566)
		... 23 more
	Caused by: java.lang.VerifyError: Bad type on operand stack
Exception Details:
  Location:
    app/Serv.doGet(Ljakarta/servlet/http/HttpServletRequest;Ljakarta/servlet/http/HttpServletResponse;)V @232: getfield
  Reason:
    Type '[B' (current frame, stack[1]) is not assignable to 'pack/Pair'
  Current Frame:
    bci: @232
    flags: { }
    locals: { 'app/Serv', 'jakarta/servlet/http/HttpServletRequest', 'jakarta/servlet/http/HttpServletResponse', 'java/lang/String', 'java/lang/String', 'java/lang/String', 'java/net/http/HttpRequest', 'java/net/http/HttpResponse' }
    stack: { 'jakarta/servlet/ServletOutputStream', '[B' }
  Bytecode:
    0000000: 2b12 34b9 003a 0200 4e2b 123c b900 3a02
    0000010: 003a 042d c700 522b b900 4001 0019 04ba
    0000020: 004b 0000 b900 5102 00bb 0053 5a5f b700
    0000030: 563a 0519 05b6 005a 3a06 2c2a b600 5b19
    0000040: 04b9 005e 0200 b900 6402 002c 1906 b400
    0000050: 6abe b900 6e02 002c b900 7201 0019 06b4
    0000060: 006a b600 78b1 2d19 04ba 007d 0000 3a05
    0000070: b800 8119 05b8 0087 b900 8b02 00b9 008e
    0000080: 0100 b900 9201 003a 062a b400 2819 06b8
    0000090: 0096 b600 9a3a 0719 07b9 009e 0100 12a0
    00000a0: b600 a62c ba00 b900 00b6 00bf 1907 b900
    00000b0: 9e01 0012 c1b6 00a6 2cba 00c6 0000 b600
    00000c0: bf19 07b9 009e 0100 12c8 b600 cc2c ba00
    00000d0: d100 00b9 00d6 0200 2cb9 0072 0100 1907
    00000e0: b900 da01 00c0 00db b400 6ab6 0078 a700
    00000f0: 0a3a 0719 07b6 00de b1                 
  Exception Handler Table:
    bci [137, 238] => handler: 241
  Stackmap Table:
    append_frame(@102,Object[#241],Object[#241])
    full_frame(@241,{Object[#2],Object[#54],Object[#96],Object[#241],Object[#241],Object[#241],Object[#12]},{Object[#50]})
    append_frame(@248,Object[#243])

		at java.base/java.lang.Class.getDeclaredFields0(Native Method)
		at java.base/java.lang.Class.privateGetDeclaredFields(Class.java:3473)
		at java.base/java.lang.Class.getDeclaredFields(Class.java:2542)
		at org.apache.catalina.startup.WebAnnotationSet.loadFieldsAnnotation(WebAnnotationSet.java:199)
		at org.apache.catalina.startup.WebAnnotationSet.loadApplicationServletAnnotations(WebAnnotationSet.java:138)
		at org.apache.catalina.startup.WebAnnotationSet.loadApplicationAnnotations(WebAnnotationSet.java:69)
		at org.apache.catalina.startup.ContextConfig.applicationAnnotationsConfig(ContextConfig.java:319)
		at org.apache.catalina.startup.ContextConfig.configureStart(ContextConfig.java:964)
		at org.apache.catalina.startup.ContextConfig.lifecycleEvent(ContextConfig.java:290)
		at org.apache.catalina.util.LifecycleBase.fireLifecycleEvent(LifecycleBase.java:109)
		at org.apache.catalina.core.StandardContext.startInternal(StandardContext.java:4311)
		at org.apache.catalina.util.LifecycleBase.start(LifecycleBase.java:164)
		... 24 more
28-Oct-2025 12:45:40.152 INFO [Catalina-utility-2] org.apache.catalina.startup.HostConfig.deployWAR Deployment of web application archive [/home/vignol-bande/Downloads/mesures/apache-tomcat-11.0.1/webapps/serv1.war] has finished in [35] ms
28-Oct-2025 13:18:30.376 INFO [Catalina-utility-2] org.apache.catalina.startup.HostConfig.undeploy Undeploying context [/serv1]
28-Oct-2025 13:19:00.388 INFO [Catalina-utility-1] org.apache.catalina.startup.HostConfig.deployWAR Deploying web application archive [/home/vignol-bande/Downloads/mesures/apache-tomcat-11.0.1/webapps/serv1.war]
28-Oct-2025 13:19:00.406 SEVERE [Catalina-utility-1] org.apache.catalina.startup.HostConfig.deployWAR Error deploying web application archive [/home/vignol-bande/Downloads/mesures/apache-tomcat-11.0.1/webapps/serv1.war]
	java.lang.IllegalStateException: Error starting child
		at org.apache.catalina.core.ContainerBase.addChild(ContainerBase.java:569)
		at org.apache.catalina.core.StandardHost.addChild(StandardHost.java:653)
		at org.apache.catalina.startup.HostConfig.deployWAR(HostConfig.java:933)
		at org.apache.catalina.startup.HostConfig$DeployWar.run(HostConfig.java:1875)
		at java.base/java.util.concurrent.Executors$RunnableAdapter.call(Executors.java:572)
		at java.base/java.util.concurrent.FutureTask.run(FutureTask.java:317)
		at org.apache.tomcat.util.threads.InlineExecutorService.execute(InlineExecutorService.java:75)
		at java.base/java.util.concurrent.AbstractExecutorService.submit(AbstractExecutorService.java:123)
		at org.apache.catalina.startup.HostConfig.deployWARs(HostConfig.java:735)
		at org.apache.catalina.startup.HostConfig.deployApps(HostConfig.java:387)
		at org.apache.catalina.startup.HostConfig.check(HostConfig.java:1642)
		at org.apache.catalina.startup.HostConfig.lifecycleEvent(HostConfig.java:263)
		at org.apache.catalina.util.LifecycleBase.fireLifecycleEvent(LifecycleBase.java:109)
		at org.apache.catalina.core.ContainerBase.backgroundProcess(ContainerBase.java:940)
		at org.apache.catalina.core.ContainerBase$ContainerBackgroundProcessor.processChildren(ContainerBase.java:1139)
		at org.apache.catalina.core.ContainerBase$ContainerBackgroundProcessor.processChildren(ContainerBase.java:1143)
		at org.apache.catalina.core.ContainerBase$ContainerBackgroundProcessor.run(ContainerBase.java:1121)
		at java.base/java.util.concurrent.Executors$RunnableAdapter.call(Executors.java:572)
		at java.base/java.util.concurrent.FutureTask.runAndReset(FutureTask.java:358)
		at java.base/java.util.concurrent.ScheduledThreadPoolExecutor$ScheduledFutureTask.run(ScheduledThreadPoolExecutor.java:305)
		at java.base/java.util.concurrent.ThreadPoolExecutor.runWorker(ThreadPoolExecutor.java:1144)
		at java.base/java.util.concurrent.ThreadPoolExecutor$Worker.run(ThreadPoolExecutor.java:642)
		at org.apache.tomcat.util.threads.TaskThread$WrappingRunnable.run(TaskThread.java:63)
		at java.base/java.lang.Thread.run(Thread.java:1583)
	Caused by: org.apache.catalina.LifecycleException: Failed to start component [StandardEngine[Catalina].StandardHost[localhost].StandardContext[/serv1]]
		at org.apache.catalina.util.LifecycleBase.handleSubClassException(LifecycleBase.java:406)
		at org.apache.catalina.util.LifecycleBase.start(LifecycleBase.java:179)
		at org.apache.catalina.core.ContainerBase.addChild(ContainerBase.java:566)
		... 23 more
	Caused by: java.lang.VerifyError: Bad type on operand stack
Exception Details:
  Location:
    app/Serv.doGet(Lodb/MyHttpServletRequest;Lodb/MyHttpServletResponse;)V @45: invokevirtual
  Reason:
    Type 'java/io/InputStream' (current frame, stack[0]) is not assignable to 'odb/MyInputStream'
  Current Frame:
    bci: @45
    flags: { }
    locals: { 'app/Serv', 'odb/MyHttpServletRequest', 'odb/MyHttpServletResponse', 'java/lang/String', 'java/lang/String', 'java/io/InputStream' }
    stack: { 'java/io/InputStream' }
  Bytecode:
    0000000: 2b12 34b9 003a 0200 4e2b 123c b900 3a02
    0000010: 003a 042d c700 472b b900 4001 0019 04ba
    0000020: 004b 0000 b900 5102 003a 0519 05b6 0057
    0000030: 3a06 2c2a b600 5819 04b9 005b 0200 b900
    0000040: 6102 002c 1906 b400 67be b900 6b02 002c
    0000050: b900 6f01 0019 06b6 0075 b12d 1904 ba00
    0000060: 7a00 003a 05b8 007e 1905 b800 84b9 0088
    0000070: 0200 b900 8b01 00b9 008f 0100 3a06 2ab4
    0000080: 0028 1906 b800 93b6 0097 3a07 1907 b900
    0000090: 9b01 0012 9db6 00a3 2cba 00b6 0000 b600
    00000a0: bc19 07b9 009b 0100 12be b600 a32c ba00
    00000b0: c300 00b6 00bc 1907 b900 9b01 0012 c5b6
    00000c0: 00c9 2cba 00ce 0000 b900 d302 002c b900
    00000d0: 6f01 0019 07b9 00d7 0100 c000 d8b6 0075
    00000e0: a700 0a3a 0719 07b6 00db b1            
  Exception Handler Table:
    bci [126, 224] => handler: 227
  Stackmap Table:
    append_frame(@91,Object[#238],Object[#238])
    full_frame(@227,{Object[#2],Object[#54],Object[#93],Object[#238],Object[#238],Object[#238],Object[#12]},{Object[#50]})
    append_frame(@234,Object[#240])

		at java.base/java.lang.Class.getDeclaredFields0(Native Method)
		at java.base/java.lang.Class.privateGetDeclaredFields(Class.java:3473)
		at java.base/java.lang.Class.getDeclaredFields(Class.java:2542)
		at org.apache.catalina.startup.WebAnnotationSet.loadFieldsAnnotation(WebAnnotationSet.java:199)
		at org.apache.catalina.startup.WebAnnotationSet.loadApplicationServletAnnotations(WebAnnotationSet.java:138)
		at org.apache.catalina.startup.WebAnnotationSet.loadApplicationAnnotations(WebAnnotationSet.java:69)
		at org.apache.catalina.startup.ContextConfig.applicationAnnotationsConfig(ContextConfig.java:319)
		at org.apache.catalina.startup.ContextConfig.configureStart(ContextConfig.java:964)
		at org.apache.catalina.startup.ContextConfig.lifecycleEvent(ContextConfig.java:290)
		at org.apache.catalina.util.LifecycleBase.fireLifecycleEvent(LifecycleBase.java:109)
		at org.apache.catalina.core.StandardContext.startInternal(StandardContext.java:4311)
		at org.apache.catalina.util.LifecycleBase.start(LifecycleBase.java:164)
		... 24 more
28-Oct-2025 13:19:00.407 INFO [Catalina-utility-1] org.apache.catalina.startup.HostConfig.deployWAR Deployment of web application archive [/home/vignol-bande/Downloads/mesures/apache-tomcat-11.0.1/webapps/serv1.war] has finished in [19] ms
28-Oct-2025 15:28:41.219 INFO [Catalina-utility-1] org.apache.catalina.startup.HostConfig.undeploy Undeploying context [/serv1]
28-Oct-2025 15:28:51.224 INFO [Catalina-utility-2] org.apache.catalina.startup.HostConfig.deployWAR Deploying web application archive [/home/vignol-bande/Downloads/mesures/apache-tomcat-11.0.1/webapps/serv1.war]
28-Oct-2025 15:28:51.257 SEVERE [Catalina-utility-2] org.apache.catalina.startup.HostConfig.deployWAR Error deploying web application archive [/home/vignol-bande/Downloads/mesures/apache-tomcat-11.0.1/webapps/serv1.war]
	java.lang.IllegalStateException: Error starting child
		at org.apache.catalina.core.ContainerBase.addChild(ContainerBase.java:569)
		at org.apache.catalina.core.StandardHost.addChild(StandardHost.java:653)
		at org.apache.catalina.startup.HostConfig.deployWAR(HostConfig.java:933)
		at org.apache.catalina.startup.HostConfig$DeployWar.run(HostConfig.java:1875)
		at java.base/java.util.concurrent.Executors$RunnableAdapter.call(Executors.java:572)
		at java.base/java.util.concurrent.FutureTask.run(FutureTask.java:317)
		at org.apache.tomcat.util.threads.InlineExecutorService.execute(InlineExecutorService.java:75)
		at java.base/java.util.concurrent.AbstractExecutorService.submit(AbstractExecutorService.java:123)
		at org.apache.catalina.startup.HostConfig.deployWARs(HostConfig.java:735)
		at org.apache.catalina.startup.HostConfig.deployApps(HostConfig.java:387)
		at org.apache.catalina.startup.HostConfig.check(HostConfig.java:1642)
		at org.apache.catalina.startup.HostConfig.lifecycleEvent(HostConfig.java:263)
		at org.apache.catalina.util.LifecycleBase.fireLifecycleEvent(LifecycleBase.java:109)
		at org.apache.catalina.core.ContainerBase.backgroundProcess(ContainerBase.java:940)
		at org.apache.catalina.core.ContainerBase$ContainerBackgroundProcessor.processChildren(ContainerBase.java:1139)
		at org.apache.catalina.core.ContainerBase$ContainerBackgroundProcessor.processChildren(ContainerBase.java:1143)
		at org.apache.catalina.core.ContainerBase$ContainerBackgroundProcessor.run(ContainerBase.java:1121)
		at java.base/java.util.concurrent.Executors$RunnableAdapter.call(Executors.java:572)
		at java.base/java.util.concurrent.FutureTask.runAndReset(FutureTask.java:358)
		at java.base/java.util.concurrent.ScheduledThreadPoolExecutor$ScheduledFutureTask.run(ScheduledThreadPoolExecutor.java:305)
		at java.base/java.util.concurrent.ThreadPoolExecutor.runWorker(ThreadPoolExecutor.java:1144)
		at java.base/java.util.concurrent.ThreadPoolExecutor$Worker.run(ThreadPoolExecutor.java:642)
		at org.apache.tomcat.util.threads.TaskThread$WrappingRunnable.run(TaskThread.java:63)
		at java.base/java.lang.Thread.run(Thread.java:1583)
	Caused by: org.apache.catalina.LifecycleException: Failed to start component [StandardEngine[Catalina].StandardHost[localhost].StandardContext[/serv1]]
		at org.apache.catalina.util.LifecycleBase.handleSubClassException(LifecycleBase.java:406)
		at org.apache.catalina.util.LifecycleBase.start(LifecycleBase.java:179)
		at org.apache.catalina.core.ContainerBase.addChild(ContainerBase.java:566)
		... 23 more
	Caused by: java.lang.VerifyError: Bad type on operand stack
Exception Details:
  Location:
    app/Serv.doGet(Lodb/MyHttpServletRequest;Lodb/MyHttpServletResponse;)V @45: invokevirtual
  Reason:
    Type 'java/io/InputStream' (current frame, stack[0]) is not assignable to 'odb/MyInputStream'
  Current Frame:
    bci: @45
    flags: { }
    locals: { 'app/Serv', 'odb/MyHttpServletRequest', 'odb/MyHttpServletResponse', 'java/lang/String', 'java/lang/String', 'java/io/InputStream' }
    stack: { 'java/io/InputStream' }
  Bytecode:
    0000000: 2b12 34b9 003a 0200 4e2b 123c b900 3a02
    0000010: 003a 042d c700 472b b900 4001 0019 04ba
    0000020: 004b 0000 b900 5102 003a 0519 05b6 0057
    0000030: 3a06 2c2a b600 5819 04b9 005b 0200 b900
    0000040: 6102 002c 1906 b400 67be b900 6b02 002c
    0000050: b900 6f01 0019 06b6 0075 b12d 1904 ba00
    0000060: 7a00 003a 05b8 007e 1905 b800 84b9 0088
    0000070: 0200 b900 8b01 00b9 008f 0100 3a06 2ab4
    0000080: 0028 1906 b800 93b6 0097 3a07 1907 b900
    0000090: 9b01 0012 9db6 00a3 2cba 00b6 0000 b600
    00000a0: bc19 07b9 009b 0100 12be b600 a32c ba00
    00000b0: c300 00b6 00bc 1907 b900 9b01 0012 c5b6
    00000c0: 00c9 2cba 00ce 0000 b900 d302 002c b900
    00000d0: 6f01 0019 07b9 00d7 0100 c000 d8b6 0075
    00000e0: a700 0a3a 0719 07b6 00db b1            
  Exception Handler Table:
    bci [126, 224] => handler: 227
  Stackmap Table:
    append_frame(@91,Object[#238],Object[#238])
    full_frame(@227,{Object[#2],Object[#54],Object[#93],Object[#238],Object[#238],Object[#238],Object[#12]},{Object[#50]})
    append_frame(@234,Object[#240])

		at java.base/java.lang.Class.getDeclaredFields0(Native Method)
		at java.base/java.lang.Class.privateGetDeclaredFields(Class.java:3473)
		at java.base/java.lang.Class.getDeclaredFields(Class.java:2542)
		at org.apache.catalina.startup.WebAnnotationSet.loadFieldsAnnotation(WebAnnotationSet.java:199)
		at org.apache.catalina.startup.WebAnnotationSet.loadApplicationServletAnnotations(WebAnnotationSet.java:138)
		at org.apache.catalina.startup.WebAnnotationSet.loadApplicationAnnotations(WebAnnotationSet.java:69)
		at org.apache.catalina.startup.ContextConfig.applicationAnnotationsConfig(ContextConfig.java:319)
		at org.apache.catalina.startup.ContextConfig.configureStart(ContextConfig.java:964)
		at org.apache.catalina.startup.ContextConfig.lifecycleEvent(ContextConfig.java:290)
		at org.apache.catalina.util.LifecycleBase.fireLifecycleEvent(LifecycleBase.java:109)
		at org.apache.catalina.core.StandardContext.startInternal(StandardContext.java:4311)
		at org.apache.catalina.util.LifecycleBase.start(LifecycleBase.java:164)
		... 24 more
28-Oct-2025 15:28:51.258 INFO [Catalina-utility-2] org.apache.catalina.startup.HostConfig.deployWAR Deployment of web application archive [/home/vignol-bande/Downloads/mesures/apache-tomcat-11.0.1/webapps/serv1.war] has finished in [34] ms
28-Oct-2025 16:25:21.585 INFO [Catalina-utility-2] org.apache.catalina.startup.HostConfig.undeploy Undeploying context [/serv1]
28-Oct-2025 16:25:51.594 INFO [Catalina-utility-1] org.apache.catalina.startup.HostConfig.deployWAR Deploying web application archive [/home/vignol-bande/Downloads/mesures/apache-tomcat-11.0.1/webapps/serv1.war]
28-Oct-2025 16:25:51.613 SEVERE [Catalina-utility-1] org.apache.catalina.startup.HostConfig.deployWAR Error deploying web application archive [/home/vignol-bande/Downloads/mesures/apache-tomcat-11.0.1/webapps/serv1.war]
	java.lang.IllegalStateException: Error starting child
		at org.apache.catalina.core.ContainerBase.addChild(ContainerBase.java:569)
		at org.apache.catalina.core.StandardHost.addChild(StandardHost.java:653)
		at org.apache.catalina.startup.HostConfig.deployWAR(HostConfig.java:933)
		at org.apache.catalina.startup.HostConfig$DeployWar.run(HostConfig.java:1875)
		at java.base/java.util.concurrent.Executors$RunnableAdapter.call(Executors.java:572)
		at java.base/java.util.concurrent.FutureTask.run(FutureTask.java:317)
		at org.apache.tomcat.util.threads.InlineExecutorService.execute(InlineExecutorService.java:75)
		at java.base/java.util.concurrent.AbstractExecutorService.submit(AbstractExecutorService.java:123)
		at org.apache.catalina.startup.HostConfig.deployWARs(HostConfig.java:735)
		at org.apache.catalina.startup.HostConfig.deployApps(HostConfig.java:387)
		at org.apache.catalina.startup.HostConfig.check(HostConfig.java:1642)
		at org.apache.catalina.startup.HostConfig.lifecycleEvent(HostConfig.java:263)
		at org.apache.catalina.util.LifecycleBase.fireLifecycleEvent(LifecycleBase.java:109)
		at org.apache.catalina.core.ContainerBase.backgroundProcess(ContainerBase.java:940)
		at org.apache.catalina.core.ContainerBase$ContainerBackgroundProcessor.processChildren(ContainerBase.java:1139)
		at org.apache.catalina.core.ContainerBase$ContainerBackgroundProcessor.processChildren(ContainerBase.java:1143)
		at org.apache.catalina.core.ContainerBase$ContainerBackgroundProcessor.run(ContainerBase.java:1121)
		at java.base/java.util.concurrent.Executors$RunnableAdapter.call(Executors.java:572)
		at java.base/java.util.concurrent.FutureTask.runAndReset(FutureTask.java:358)
		at java.base/java.util.concurrent.ScheduledThreadPoolExecutor$ScheduledFutureTask.run(ScheduledThreadPoolExecutor.java:305)
		at java.base/java.util.concurrent.ThreadPoolExecutor.runWorker(ThreadPoolExecutor.java:1144)
		at java.base/java.util.concurrent.ThreadPoolExecutor$Worker.run(ThreadPoolExecutor.java:642)
		at org.apache.tomcat.util.threads.TaskThread$WrappingRunnable.run(TaskThread.java:63)
		at java.base/java.lang.Thread.run(Thread.java:1583)
	Caused by: org.apache.catalina.LifecycleException: Failed to start component [StandardEngine[Catalina].StandardHost[localhost].StandardContext[/serv1]]
		at org.apache.catalina.util.LifecycleBase.handleSubClassException(LifecycleBase.java:406)
		at org.apache.catalina.util.LifecycleBase.start(LifecycleBase.java:179)
		at org.apache.catalina.core.ContainerBase.addChild(ContainerBase.java:566)
		... 23 more
	Caused by: java.lang.VerifyError: Bad type on operand stack
Exception Details:
  Location:
    app/Serv.doGet(Lodb/MyHttpServletRequest;Lodb/MyHttpServletResponse;)V @6: invokeinterface
  Reason:
    Type 'odb/MyHttpServletRequest' (current frame, stack[1]) is not assignable to 'java/lang/String'
  Current Frame:
    bci: @6
    flags: { }
    locals: { 'app/Serv', 'odb/MyHttpServletRequest', 'odb/MyHttpServletResponse' }
    stack: { 'odb/MyHttpServletRequest', 'odb/MyHttpServletRequest' }
  Bytecode:
    0000000: 2b12 34c0 0036 b900 3a02 004e 2b12 3cc0
    0000010: 0036 b900 3a02 003a 042d c700 592b c000
    0000020: 36b9 0040 0100 1904 ba00 4b00 00b9 0051
    0000030: 0200 3a05 1905 c000 53b6 0057 3a06 2c2a
    0000040: b600 5819 04b9 005b 0200 c000 5db9 0061
    0000050: 0200 2c19 06b4 0067 bec0 005d b900 6b02
    0000060: 002c c000 5db9 006f 0100 1906 c000 71b6
    0000070: 0075 b12d 1904 ba00 7a00 003a 05b8 007e
    0000080: 1905 b800 84b9 0088 0200 b900 8b01 00b9
    0000090: 008f 0100 3a06 2ab4 0028 1906 b800 93b6
    00000a0: 0097 3a07 1907 b900 9b01 0012 9db6 00a3
    00000b0: 2cba 00b6 0000 b600 bc19 07b9 009b 0100
    00000c0: 12be b600 a32c ba00 c300 00b6 00bc 1907
    00000d0: b900 9b01 0012 c5b6 00c9 2cba 00ce 0000
    00000e0: b900 d302 002c c000 5db9 006f 0100 1907
    00000f0: b900 d701 00c0 00d8 c000 71b6 0075 a700
    0000100: 0a3a 0719 07b6 00db b1                 
  Exception Handler Table:
    bci [150, 254] => handler: 257
  Stackmap Table:
    append_frame(@115,Object[#238],Object[#238])
    full_frame(@257,{Object[#2],Object[#54],Object[#93],Object[#238],Object[#238],Object[#238],Object[#12]},{Object[#50]})
    append_frame(@264,Object[#240])

		at java.base/java.lang.Class.getDeclaredFields0(Native Method)
		at java.base/java.lang.Class.privateGetDeclaredFields(Class.java:3473)
		at java.base/java.lang.Class.getDeclaredFields(Class.java:2542)
		at org.apache.catalina.startup.WebAnnotationSet.loadFieldsAnnotation(WebAnnotationSet.java:199)
		at org.apache.catalina.startup.WebAnnotationSet.loadApplicationServletAnnotations(WebAnnotationSet.java:138)
		at org.apache.catalina.startup.WebAnnotationSet.loadApplicationAnnotations(WebAnnotationSet.java:69)
		at org.apache.catalina.startup.ContextConfig.applicationAnnotationsConfig(ContextConfig.java:319)
		at org.apache.catalina.startup.ContextConfig.configureStart(ContextConfig.java:964)
		at org.apache.catalina.startup.ContextConfig.lifecycleEvent(ContextConfig.java:290)
		at org.apache.catalina.util.LifecycleBase.fireLifecycleEvent(LifecycleBase.java:109)
		at org.apache.catalina.core.StandardContext.startInternal(StandardContext.java:4311)
		at org.apache.catalina.util.LifecycleBase.start(LifecycleBase.java:164)
		... 24 more
28-Oct-2025 16:25:51.614 INFO [Catalina-utility-1] org.apache.catalina.startup.HostConfig.deployWAR Deployment of web application archive [/home/vignol-bande/Downloads/mesures/apache-tomcat-11.0.1/webapps/serv1.war] has finished in [20] ms
