29-Oct-2025 12:23:36.563 INFO [Catalina-utility-1] org.apache.catalina.startup.HostConfig.undeploy Undeploying context [/serv1]
29-Oct-2025 12:25:16.580 INFO [Catalina-utility-2] org.apache.catalina.startup.HostConfig.deployWAR Deploying web application archive [/home/vignol-bande/Downloads/mesures/apache-tomcat-11.0.1/webapps/serv1.war]
29-Oct-2025 12:25:16.601 SEVERE [Catalina-utility-2] org.apache.catalina.startup.HostConfig.deployWAR Error deploying web application archive [/home/vignol-bande/Downloads/mesures/apache-tomcat-11.0.1/webapps/serv1.war]
	java.lang.IllegalStateException: Error starting child
		at org.apache.catalina.core.ContainerBase.addChild(ContainerBase.java:569)
		at org.apache.catalina.core.StandardHost.addChild(StandardHost.java:653)
		at org.apache.catalina.startup.HostConfig.deployWAR(HostConfig.java:933)
		at org.apache.catalina.startup.HostConfig$DeployWar.run(HostConfig.java:1875)
		at java.base/java.util.concurrent.Executors$RunnableAdapter.call(Executors.java:572)
		at java.base/java.util.concurrent.FutureTask.run(FutureTask.java:317)
		at org.apache.tomcat.util.threads.InlineExecutorService.execute(InlineExecutorService.java:75)
		at java.base/java.util.concurrent.AbstractExecutorService.submit(AbstractExecutorService.java:123)
		at org.apache.catalina.startup.HostConfig.deployWARs(HostConfig.java:735)
		at org.apache.catalina.startup.HostConfig.deployApps(HostConfig.java:387)
		at org.apache.catalina.startup.HostConfig.check(HostConfig.java:1642)
		at org.apache.catalina.startup.HostConfig.lifecycleEvent(HostConfig.java:263)
		at org.apache.catalina.util.LifecycleBase.fireLifecycleEvent(LifecycleBase.java:109)
		at org.apache.catalina.core.ContainerBase.backgroundProcess(ContainerBase.java:940)
		at org.apache.catalina.core.ContainerBase$ContainerBackgroundProcessor.processChildren(ContainerBase.java:1139)
		at org.apache.catalina.core.ContainerBase$ContainerBackgroundProcessor.processChildren(ContainerBase.java:1143)
		at org.apache.catalina.core.ContainerBase$ContainerBackgroundProcessor.run(ContainerBase.java:1121)
		at java.base/java.util.concurrent.Executors$RunnableAdapter.call(Executors.java:572)
		at java.base/java.util.concurrent.FutureTask.runAndReset(FutureTask.java:358)
		at java.base/java.util.concurrent.ScheduledThreadPoolExecutor$ScheduledFutureTask.run(ScheduledThreadPoolExecutor.java:305)
		at java.base/java.util.concurrent.ThreadPoolExecutor.runWorker(ThreadPoolExecutor.java:1144)
		at java.base/java.util.concurrent.ThreadPoolExecutor$Worker.run(ThreadPoolExecutor.java:642)
		at org.apache.tomcat.util.threads.TaskThread$WrappingRunnable.run(TaskThread.java:63)
		at java.base/java.lang.Thread.run(Thread.java:1583)
	Caused by: org.apache.catalina.LifecycleException: Failed to start component [StandardEngine[Catalina].StandardHost[localhost].StandardContext[/serv1]]
		at org.apache.catalina.util.LifecycleBase.handleSubClassException(LifecycleBase.java:406)
		at org.apache.catalina.util.LifecycleBase.start(LifecycleBase.java:179)
		at org.apache.catalina.core.ContainerBase.addChild(ContainerBase.java:566)
		... 23 more
	Caused by: java.lang.VerifyError: Bad type on operand stack
Exception Details:
  Location:
    app/Serv.doGet(Lodb/MyHttpServletRequest;Lodb/MyHttpServletResponse;)V @45: invokevirtual
  Reason:
    Type 'java/io/InputStream' (current frame, stack[0]) is not assignable to 'odb/MyInputStream'
  Current Frame:
    bci: @45
    flags: { }
    locals: { 'app/Serv', 'odb/MyHttpServletRequest', 'odb/MyHttpServletResponse', 'java/lang/String', 'java/lang/String', 'java/io/InputStream' }
    stack: { 'java/io/InputStream' }
  Bytecode:
    0000000: 2b12 34b9 003a 0200 4e2b 123c b900 3a02
    0000010: 003a 042d c700 472b b900 4001 0019 04ba
    0000020: 004b 0000 b900 5102 003a 0519 05b6 0057
    0000030: 3a06 2c2a b600 5819 04b9 005b 0200 b900
    0000040: 6102 002c 1906 b400 67be b900 6b02 002c
    0000050: b900 6f01 0019 06b6 0075 b12d 1904 ba00
    0000060: 7a00 003a 05b8 007e 1905 b800 84b9 0088
    0000070: 0200 b900 8b01 00b9 008f 0100 3a06 2ab4
    0000080: 0028 1906 b800 93b6 0097 3a07 1907 b900
    0000090: 9b01 0012 9db6 00a3 2cba 00b6 0000 b600
    00000a0: bc19 07b9 009b 0100 12be b600 a32c ba00
    00000b0: c300 00b6 00bc 1907 b900 9b01 0012 c5b6
    00000c0: 00c9 2cba 00ce 0000 b900 d302 002c b900
    00000d0: 6f01 0019 07b9 00d7 0100 c000 d8b4 0067
    00000e0: bb00 635a 5f04 b700 dbb6 0075 a700 0a3a
    00000f0: 0719 07b6 00de b1                      
  Exception Handler Table:
    bci [126, 236] => handler: 239
  Stackmap Table:
    append_frame(@91,Object[#241],Object[#241])
    full_frame(@239,{Object[#2],Object[#54],Object[#93],Object[#241],Object[#241],Object[#241],Object[#12]},{Object[#50]})
    append_frame(@246,Object[#243])

		at java.base/java.lang.Class.getDeclaredFields0(Native Method)
		at java.base/java.lang.Class.privateGetDeclaredFields(Class.java:3473)
		at java.base/java.lang.Class.getDeclaredFields(Class.java:2542)
		at org.apache.catalina.startup.WebAnnotationSet.loadFieldsAnnotation(WebAnnotationSet.java:199)
		at org.apache.catalina.startup.WebAnnotationSet.loadApplicationServletAnnotations(WebAnnotationSet.java:138)
		at org.apache.catalina.startup.WebAnnotationSet.loadApplicationAnnotations(WebAnnotationSet.java:69)
		at org.apache.catalina.startup.ContextConfig.applicationAnnotationsConfig(ContextConfig.java:319)
		at org.apache.catalina.startup.ContextConfig.configureStart(ContextConfig.java:964)
		at org.apache.catalina.startup.ContextConfig.lifecycleEvent(ContextConfig.java:290)
		at org.apache.catalina.util.LifecycleBase.fireLifecycleEvent(LifecycleBase.java:109)
		at org.apache.catalina.core.StandardContext.startInternal(StandardContext.java:4311)
		at org.apache.catalina.util.LifecycleBase.start(LifecycleBase.java:164)
		... 24 more
29-Oct-2025 12:25:16.601 INFO [Catalina-utility-2] org.apache.catalina.startup.HostConfig.deployWAR Deployment of web application archive [/home/vignol-bande/Downloads/mesures/apache-tomcat-11.0.1/webapps/serv1.war] has finished in [21] ms
29-Oct-2025 12:31:16.633 INFO [Catalina-utility-1] org.apache.catalina.startup.HostConfig.undeploy Undeploying context [/serv1]
29-Oct-2025 12:34:06.657 INFO [Catalina-utility-1] org.apache.catalina.startup.HostConfig.deployWAR Deploying web application archive [/home/vignol-bande/Downloads/mesures/apache-tomcat-11.0.1/webapps/serv1.war]
29-Oct-2025 12:34:06.677 SEVERE [Catalina-utility-1] org.apache.catalina.startup.HostConfig.deployWAR Error deploying web application archive [/home/vignol-bande/Downloads/mesures/apache-tomcat-11.0.1/webapps/serv1.war]
	java.lang.IllegalStateException: Error starting child
		at org.apache.catalina.core.ContainerBase.addChild(ContainerBase.java:569)
		at org.apache.catalina.core.StandardHost.addChild(StandardHost.java:653)
		at org.apache.catalina.startup.HostConfig.deployWAR(HostConfig.java:933)
		at org.apache.catalina.startup.HostConfig$DeployWar.run(HostConfig.java:1875)
		at java.base/java.util.concurrent.Executors$RunnableAdapter.call(Executors.java:572)
		at java.base/java.util.concurrent.FutureTask.run(FutureTask.java:317)
		at org.apache.tomcat.util.threads.InlineExecutorService.execute(InlineExecutorService.java:75)
		at java.base/java.util.concurrent.AbstractExecutorService.submit(AbstractExecutorService.java:123)
		at org.apache.catalina.startup.HostConfig.deployWARs(HostConfig.java:735)
		at org.apache.catalina.startup.HostConfig.deployApps(HostConfig.java:387)
		at org.apache.catalina.startup.HostConfig.check(HostConfig.java:1642)
		at org.apache.catalina.startup.HostConfig.lifecycleEvent(HostConfig.java:263)
		at org.apache.catalina.util.LifecycleBase.fireLifecycleEvent(LifecycleBase.java:109)
		at org.apache.catalina.core.ContainerBase.backgroundProcess(ContainerBase.java:940)
		at org.apache.catalina.core.ContainerBase$ContainerBackgroundProcessor.processChildren(ContainerBase.java:1139)
		at org.apache.catalina.core.ContainerBase$ContainerBackgroundProcessor.processChildren(ContainerBase.java:1143)
		at org.apache.catalina.core.ContainerBase$ContainerBackgroundProcessor.run(ContainerBase.java:1121)
		at java.base/java.util.concurrent.Executors$RunnableAdapter.call(Executors.java:572)
		at java.base/java.util.concurrent.FutureTask.runAndReset(FutureTask.java:358)
		at java.base/java.util.concurrent.ScheduledThreadPoolExecutor$ScheduledFutureTask.run(ScheduledThreadPoolExecutor.java:305)
		at java.base/java.util.concurrent.ThreadPoolExecutor.runWorker(ThreadPoolExecutor.java:1144)
		at java.base/java.util.concurrent.ThreadPoolExecutor$Worker.run(ThreadPoolExecutor.java:642)
		at org.apache.tomcat.util.threads.TaskThread$WrappingRunnable.run(TaskThread.java:63)
		at java.base/java.lang.Thread.run(Thread.java:1583)
	Caused by: org.apache.catalina.LifecycleException: Failed to start component [StandardEngine[Catalina].StandardHost[localhost].StandardContext[/serv1]]
		at org.apache.catalina.util.LifecycleBase.handleSubClassException(LifecycleBase.java:406)
		at org.apache.catalina.util.LifecycleBase.start(LifecycleBase.java:179)
		at org.apache.catalina.core.ContainerBase.addChild(ContainerBase.java:566)
		... 23 more
	Caused by: java.lang.VerifyError: Bad type on operand stack
Exception Details:
  Location:
    app/Serv.doGet(Lodb/MyHttpServletRequest;Lodb/MyHttpServletResponse;)V @39: invokeinterface
  Reason:
    Type 'odb/MyInputStream' (current frame, stack[1]) is not assignable to 'java/lang/String'
  Current Frame:
    bci: @39
    flags: { }
    locals: { 'app/Serv', 'odb/MyHttpServletRequest', 'odb/MyHttpServletResponse', 'java/lang/String', 'java/lang/String' }
    stack: { 'jakarta/servlet/ServletContext', 'odb/MyInputStream' }
  Bytecode:
    0000000: 2b12 34b9 003a 0200 4e2b 123c b900 3a02
    0000010: 003a 042d c700 4a2b b900 4001 0019 04ba
    0000020: 004b 0000 c000 4db9 0053 0200 3a05 1905
    0000030: b600 573a 062c 2ab6 0058 1904 b900 5b02
    0000040: 00b9 0061 0200 2c19 06b4 0067 beb9 006b
    0000050: 0200 2cb9 006f 0100 1906 b600 75b1 2d19
    0000060: 04ba 007a 0000 3a05 b800 7e19 05b8 0084
    0000070: b900 8802 00b9 008b 0100 b900 8f01 003a
    0000080: 062a b400 2819 06b8 0093 b600 973a 0719
    0000090: 07b9 009b 0100 129d b600 a32c ba00 b600
    00000a0: 00b6 00bc 1907 b900 9b01 0012 beb6 00a3
    00000b0: 2cba 00c3 0000 b600 bc19 07b9 009b 0100
    00000c0: 12c5 b600 c92c ba00 ce00 00b9 00d3 0200
    00000d0: 2cb9 006f 0100 1907 b900 d701 00c0 00d8
    00000e0: b600 75a7 000a 3a07 1907 b600 dbb1     
  Exception Handler Table:
    bci [129, 227] => handler: 230
  Stackmap Table:
    append_frame(@94,Object[#238],Object[#238])
    full_frame(@230,{Object[#2],Object[#54],Object[#93],Object[#238],Object[#238],Object[#238],Object[#12]},{Object[#50]})
    append_frame(@237,Object[#240])

		at java.base/java.lang.Class.getDeclaredFields0(Native Method)
		at java.base/java.lang.Class.privateGetDeclaredFields(Class.java:3473)
		at java.base/java.lang.Class.getDeclaredFields(Class.java:2542)
		at org.apache.catalina.startup.WebAnnotationSet.loadFieldsAnnotation(WebAnnotationSet.java:199)
		at org.apache.catalina.startup.WebAnnotationSet.loadApplicationServletAnnotations(WebAnnotationSet.java:138)
		at org.apache.catalina.startup.WebAnnotationSet.loadApplicationAnnotations(WebAnnotationSet.java:69)
		at org.apache.catalina.startup.ContextConfig.applicationAnnotationsConfig(ContextConfig.java:319)
		at org.apache.catalina.startup.ContextConfig.configureStart(ContextConfig.java:964)
		at org.apache.catalina.startup.ContextConfig.lifecycleEvent(ContextConfig.java:290)
		at org.apache.catalina.util.LifecycleBase.fireLifecycleEvent(LifecycleBase.java:109)
		at org.apache.catalina.core.StandardContext.startInternal(StandardContext.java:4311)
		at org.apache.catalina.util.LifecycleBase.start(LifecycleBase.java:164)
		... 24 more
29-Oct-2025 12:34:06.677 INFO [Catalina-utility-1] org.apache.catalina.startup.HostConfig.deployWAR Deployment of web application archive [/home/vignol-bande/Downloads/mesures/apache-tomcat-11.0.1/webapps/serv1.war] has finished in [20] ms
29-Oct-2025 12:58:26.833 INFO [Catalina-utility-2] org.apache.catalina.startup.HostConfig.undeploy Undeploying context [/serv1]
29-Oct-2025 13:03:16.868 INFO [Catalina-utility-2] org.apache.catalina.startup.HostConfig.deployWAR Deploying web application archive [/home/vignol-bande/Downloads/mesures/apache-tomcat-11.0.1/webapps/serv1.war]
29-Oct-2025 13:03:16.887 SEVERE [Catalina-utility-2] org.apache.catalina.startup.HostConfig.deployWAR Error deploying web application archive [/home/vignol-bande/Downloads/mesures/apache-tomcat-11.0.1/webapps/serv1.war]
	java.lang.IllegalStateException: Error starting child
		at org.apache.catalina.core.ContainerBase.addChild(ContainerBase.java:569)
		at org.apache.catalina.core.StandardHost.addChild(StandardHost.java:653)
		at org.apache.catalina.startup.HostConfig.deployWAR(HostConfig.java:933)
		at org.apache.catalina.startup.HostConfig$DeployWar.run(HostConfig.java:1875)
		at java.base/java.util.concurrent.Executors$RunnableAdapter.call(Executors.java:572)
		at java.base/java.util.concurrent.FutureTask.run(FutureTask.java:317)
		at org.apache.tomcat.util.threads.InlineExecutorService.execute(InlineExecutorService.java:75)
		at java.base/java.util.concurrent.AbstractExecutorService.submit(AbstractExecutorService.java:123)
		at org.apache.catalina.startup.HostConfig.deployWARs(HostConfig.java:735)
		at org.apache.catalina.startup.HostConfig.deployApps(HostConfig.java:387)
		at org.apache.catalina.startup.HostConfig.check(HostConfig.java:1642)
		at org.apache.catalina.startup.HostConfig.lifecycleEvent(HostConfig.java:263)
		at org.apache.catalina.util.LifecycleBase.fireLifecycleEvent(LifecycleBase.java:109)
		at org.apache.catalina.core.ContainerBase.backgroundProcess(ContainerBase.java:940)
		at org.apache.catalina.core.ContainerBase$ContainerBackgroundProcessor.processChildren(ContainerBase.java:1139)
		at org.apache.catalina.core.ContainerBase$ContainerBackgroundProcessor.processChildren(ContainerBase.java:1143)
		at org.apache.catalina.core.ContainerBase$ContainerBackgroundProcessor.run(ContainerBase.java:1121)
		at java.base/java.util.concurrent.Executors$RunnableAdapter.call(Executors.java:572)
		at java.base/java.util.concurrent.FutureTask.runAndReset(FutureTask.java:358)
		at java.base/java.util.concurrent.ScheduledThreadPoolExecutor$ScheduledFutureTask.run(ScheduledThreadPoolExecutor.java:305)
		at java.base/java.util.concurrent.ThreadPoolExecutor.runWorker(ThreadPoolExecutor.java:1144)
		at java.base/java.util.concurrent.ThreadPoolExecutor$Worker.run(ThreadPoolExecutor.java:642)
		at org.apache.tomcat.util.threads.TaskThread$WrappingRunnable.run(TaskThread.java:63)
		at java.base/java.lang.Thread.run(Thread.java:1583)
	Caused by: org.apache.catalina.LifecycleException: Failed to start component [StandardEngine[Catalina].StandardHost[localhost].StandardContext[/serv1]]
		at org.apache.catalina.util.LifecycleBase.handleSubClassException(LifecycleBase.java:406)
		at org.apache.catalina.util.LifecycleBase.start(LifecycleBase.java:179)
		at org.apache.catalina.core.ContainerBase.addChild(ContainerBase.java:566)
		... 23 more
	Caused by: java.lang.VerifyError: Bad type on operand stack
Exception Details:
  Location:
    app/Serv.doGet(Lodb/MyHttpServletRequest;Lodb/MyHttpServletResponse;)V @224: invokevirtual
  Reason:
    Type '[B' (current frame, stack[1]) is not assignable to 'pack/Pair'
  Current Frame:
    bci: @224
    flags: { }
    locals: { 'app/Serv', 'odb/MyHttpServletRequest', 'odb/MyHttpServletResponse', 'java/lang/String', 'java/lang/String', 'java/lang/String', 'java/net/http/HttpRequest', 'java/net/http/HttpResponse' }
    stack: { 'odb/MyServletOutputStream', '[B' }
  Bytecode:
    0000000: 2b12 34b9 003a 0200 4e2b 123c b900 3a02
    0000010: 003a 042d c700 4a2b b900 4001 0019 04ba
    0000020: 004b 0000 b900 5102 00c0 0053 3a05 1905
    0000030: b600 573a 062c 2ab6 0058 1904 b900 5b02
    0000040: 00b9 0061 0200 2c19 06b4 0067 beb9 006b
    0000050: 0200 2cb9 006f 0100 1906 b600 75b1 2d19
    0000060: 04ba 007a 0000 3a05 b800 7e19 05b8 0084
    0000070: b900 8802 00b9 008b 0100 b900 8f01 003a
    0000080: 062a b400 2819 06b8 0093 b600 973a 0719
    0000090: 07b9 009b 0100 129d b600 a32c ba00 b600
    00000a0: 00b6 00bc 1907 b900 9b01 0012 beb6 00a3
    00000b0: 2cba 00c3 0000 b600 bc19 07b9 009b 0100
    00000c0: 12c5 b600 c92c ba00 ce00 00b9 00d3 0200
    00000d0: 2cb9 006f 0100 1907 b900 d701 00c0 00d8
    00000e0: b600 75a7 000a 3a07 1907 b600 dbb1     
  Exception Handler Table:
    bci [129, 227] => handler: 230
  Stackmap Table:
    append_frame(@94,Object[#238],Object[#238])
    full_frame(@230,{Object[#2],Object[#54],Object[#93],Object[#238],Object[#238],Object[#238],Object[#12]},{Object[#50]})
    append_frame(@237,Object[#240])

		at java.base/java.lang.Class.getDeclaredFields0(Native Method)
		at java.base/java.lang.Class.privateGetDeclaredFields(Class.java:3473)
		at java.base/java.lang.Class.getDeclaredFields(Class.java:2542)
		at org.apache.catalina.startup.WebAnnotationSet.loadFieldsAnnotation(WebAnnotationSet.java:199)
		at org.apache.catalina.startup.WebAnnotationSet.loadApplicationServletAnnotations(WebAnnotationSet.java:138)
		at org.apache.catalina.startup.WebAnnotationSet.loadApplicationAnnotations(WebAnnotationSet.java:69)
		at org.apache.catalina.startup.ContextConfig.applicationAnnotationsConfig(ContextConfig.java:319)
		at org.apache.catalina.startup.ContextConfig.configureStart(ContextConfig.java:964)
		at org.apache.catalina.startup.ContextConfig.lifecycleEvent(ContextConfig.java:290)
		at org.apache.catalina.util.LifecycleBase.fireLifecycleEvent(LifecycleBase.java:109)
		at org.apache.catalina.core.StandardContext.startInternal(StandardContext.java:4311)
		at org.apache.catalina.util.LifecycleBase.start(LifecycleBase.java:164)
		... 24 more
29-Oct-2025 13:03:16.888 INFO [Catalina-utility-2] org.apache.catalina.startup.HostConfig.deployWAR Deployment of web application archive [/home/vignol-bande/Downloads/mesures/apache-tomcat-11.0.1/webapps/serv1.war] has finished in [19] ms
29-Oct-2025 13:09:16.919 INFO [Catalina-utility-1] org.apache.catalina.startup.HostConfig.undeploy Undeploying context [/serv1]
29-Oct-2025 13:10:26.931 INFO [Catalina-utility-1] org.apache.catalina.startup.HostConfig.deployWAR Deploying web application archive [/home/vignol-bande/Downloads/mesures/apache-tomcat-11.0.1/webapps/serv1.war]
29-Oct-2025 13:10:26.948 SEVERE [Catalina-utility-1] org.apache.catalina.startup.HostConfig.deployWAR Error deploying web application archive [/home/vignol-bande/Downloads/mesures/apache-tomcat-11.0.1/webapps/serv1.war]
	java.lang.IllegalStateException: Error starting child
		at org.apache.catalina.core.ContainerBase.addChild(ContainerBase.java:569)
		at org.apache.catalina.core.StandardHost.addChild(StandardHost.java:653)
		at org.apache.catalina.startup.HostConfig.deployWAR(HostConfig.java:933)
		at org.apache.catalina.startup.HostConfig$DeployWar.run(HostConfig.java:1875)
		at java.base/java.util.concurrent.Executors$RunnableAdapter.call(Executors.java:572)
		at java.base/java.util.concurrent.FutureTask.run(FutureTask.java:317)
		at org.apache.tomcat.util.threads.InlineExecutorService.execute(InlineExecutorService.java:75)
		at java.base/java.util.concurrent.AbstractExecutorService.submit(AbstractExecutorService.java:123)
		at org.apache.catalina.startup.HostConfig.deployWARs(HostConfig.java:735)
		at org.apache.catalina.startup.HostConfig.deployApps(HostConfig.java:387)
		at org.apache.catalina.startup.HostConfig.check(HostConfig.java:1642)
		at org.apache.catalina.startup.HostConfig.lifecycleEvent(HostConfig.java:263)
		at org.apache.catalina.util.LifecycleBase.fireLifecycleEvent(LifecycleBase.java:109)
		at org.apache.catalina.core.ContainerBase.backgroundProcess(ContainerBase.java:940)
		at org.apache.catalina.core.ContainerBase$ContainerBackgroundProcessor.processChildren(ContainerBase.java:1139)
		at org.apache.catalina.core.ContainerBase$ContainerBackgroundProcessor.processChildren(ContainerBase.java:1143)
		at org.apache.catalina.core.ContainerBase$ContainerBackgroundProcessor.run(ContainerBase.java:1121)
		at java.base/java.util.concurrent.Executors$RunnableAdapter.call(Executors.java:572)
		at java.base/java.util.concurrent.FutureTask.runAndReset(FutureTask.java:358)
		at java.base/java.util.concurrent.ScheduledThreadPoolExecutor$ScheduledFutureTask.run(ScheduledThreadPoolExecutor.java:305)
		at java.base/java.util.concurrent.ThreadPoolExecutor.runWorker(ThreadPoolExecutor.java:1144)
		at java.base/java.util.concurrent.ThreadPoolExecutor$Worker.run(ThreadPoolExecutor.java:642)
		at org.apache.tomcat.util.threads.TaskThread$WrappingRunnable.run(TaskThread.java:63)
		at java.base/java.lang.Thread.run(Thread.java:1583)
	Caused by: org.apache.catalina.LifecycleException: Failed to start component [StandardEngine[Catalina].StandardHost[localhost].StandardContext[/serv1]]
		at org.apache.catalina.util.LifecycleBase.handleSubClassException(LifecycleBase.java:406)
		at org.apache.catalina.util.LifecycleBase.start(LifecycleBase.java:179)
		at org.apache.catalina.core.ContainerBase.addChild(ContainerBase.java:566)
		... 23 more
	Caused by: java.lang.VerifyError: Bad type on operand stack
Exception Details:
  Location:
    app/Serv.doGet(Lodb/MyHttpServletRequest;Lodb/MyHttpServletResponse;)V @45: invokevirtual
  Reason:
    Type 'java/io/InputStream' (current frame, stack[0]) is not assignable to 'odb/MyInputStream'
  Current Frame:
    bci: @45
    flags: { }
    locals: { 'app/Serv', 'odb/MyHttpServletRequest', 'odb/MyHttpServletResponse', 'java/lang/String', 'java/lang/String', 'java/io/InputStream' }
    stack: { 'java/io/InputStream' }
  Bytecode:
    0000000: 2b12 34b9 003a 0200 4e2b 123c b900 3a02
    0000010: 003a 042d c700 472b b900 4001 0019 04ba
    0000020: 004b 0000 b900 5102 003a 0519 05b6 0057
    0000030: 3a06 2c2a b600 5819 04b9 005b 0200 b900
    0000040: 6102 002c 1906 b400 67be b900 6b02 002c
    0000050: b900 6f01 0019 06b6 0075 b12d 1904 ba00
    0000060: 7a00 003a 05b8 007e 1905 b800 84b9 0088
    0000070: 0200 b900 8b01 00b9 008f 0100 3a06 2ab4
    0000080: 0028 1906 b800 93b6 0097 3a07 1907 b900
    0000090: 9b01 0012 9db6 00a3 2cba 00b6 0000 b600
    00000a0: bc19 07b9 009b 0100 12be b600 a32c ba00
    00000b0: c300 00b6 00bc 1907 b900 9b01 0012 c5b6
    00000c0: 00c9 2cba 00ce 0000 b900 d302 002c b900
    00000d0: 6f01 0019 07b9 00d7 0100 c000 d8b6 0075
    00000e0: a700 0a3a 0719 07b6 00db b1            
  Exception Handler Table:
    bci [126, 224] => handler: 227
  Stackmap Table:
    append_frame(@91,Object[#238],Object[#238])
    full_frame(@227,{Object[#2],Object[#54],Object[#93],Object[#238],Object[#238],Object[#238],Object[#12]},{Object[#50]})
    append_frame(@234,Object[#240])

		at java.base/java.lang.Class.getDeclaredFields0(Native Method)
		at java.base/java.lang.Class.privateGetDeclaredFields(Class.java:3473)
		at java.base/java.lang.Class.getDeclaredFields(Class.java:2542)
		at org.apache.catalina.startup.WebAnnotationSet.loadFieldsAnnotation(WebAnnotationSet.java:199)
		at org.apache.catalina.startup.WebAnnotationSet.loadApplicationServletAnnotations(WebAnnotationSet.java:138)
		at org.apache.catalina.startup.WebAnnotationSet.loadApplicationAnnotations(WebAnnotationSet.java:69)
		at org.apache.catalina.startup.ContextConfig.applicationAnnotationsConfig(ContextConfig.java:319)
		at org.apache.catalina.startup.ContextConfig.configureStart(ContextConfig.java:964)
		at org.apache.catalina.startup.ContextConfig.lifecycleEvent(ContextConfig.java:290)
		at org.apache.catalina.util.LifecycleBase.fireLifecycleEvent(LifecycleBase.java:109)
		at org.apache.catalina.core.StandardContext.startInternal(StandardContext.java:4311)
		at org.apache.catalina.util.LifecycleBase.start(LifecycleBase.java:164)
		... 24 more
29-Oct-2025 13:10:26.948 INFO [Catalina-utility-1] org.apache.catalina.startup.HostConfig.deployWAR Deployment of web application archive [/home/vignol-bande/Downloads/mesures/apache-tomcat-11.0.1/webapps/serv1.war] has finished in [17] ms
29-Oct-2025 15:33:47.827 INFO [Catalina-utility-1] org.apache.catalina.startup.HostConfig.undeploy Undeploying context [/serv1]
29-Oct-2025 15:36:07.858 INFO [Catalina-utility-1] org.apache.catalina.startup.HostConfig.deployWAR Deploying web application archive [/home/vignol-bande/Downloads/mesures/apache-tomcat-11.0.1/webapps/serv1.war]
29-Oct-2025 15:36:07.875 SEVERE [Catalina-utility-1] org.apache.catalina.startup.HostConfig.deployWAR Error deploying web application archive [/home/vignol-bande/Downloads/mesures/apache-tomcat-11.0.1/webapps/serv1.war]
	java.lang.IllegalStateException: Error starting child
		at org.apache.catalina.core.ContainerBase.addChild(ContainerBase.java:569)
		at org.apache.catalina.core.StandardHost.addChild(StandardHost.java:653)
		at org.apache.catalina.startup.HostConfig.deployWAR(HostConfig.java:933)
		at org.apache.catalina.startup.HostConfig$DeployWar.run(HostConfig.java:1875)
		at java.base/java.util.concurrent.Executors$RunnableAdapter.call(Executors.java:572)
		at java.base/java.util.concurrent.FutureTask.run(FutureTask.java:317)
		at org.apache.tomcat.util.threads.InlineExecutorService.execute(InlineExecutorService.java:75)
		at java.base/java.util.concurrent.AbstractExecutorService.submit(AbstractExecutorService.java:123)
		at org.apache.catalina.startup.HostConfig.deployWARs(HostConfig.java:735)
		at org.apache.catalina.startup.HostConfig.deployApps(HostConfig.java:387)
		at org.apache.catalina.startup.HostConfig.check(HostConfig.java:1642)
		at org.apache.catalina.startup.HostConfig.lifecycleEvent(HostConfig.java:263)
		at org.apache.catalina.util.LifecycleBase.fireLifecycleEvent(LifecycleBase.java:109)
		at org.apache.catalina.core.ContainerBase.backgroundProcess(ContainerBase.java:940)
		at org.apache.catalina.core.ContainerBase$ContainerBackgroundProcessor.processChildren(ContainerBase.java:1139)
		at org.apache.catalina.core.ContainerBase$ContainerBackgroundProcessor.processChildren(ContainerBase.java:1143)
		at org.apache.catalina.core.ContainerBase$ContainerBackgroundProcessor.run(ContainerBase.java:1121)
		at java.base/java.util.concurrent.Executors$RunnableAdapter.call(Executors.java:572)
		at java.base/java.util.concurrent.FutureTask.runAndReset(FutureTask.java:358)
		at java.base/java.util.concurrent.ScheduledThreadPoolExecutor$ScheduledFutureTask.run(ScheduledThreadPoolExecutor.java:305)
		at java.base/java.util.concurrent.ThreadPoolExecutor.runWorker(ThreadPoolExecutor.java:1144)
		at java.base/java.util.concurrent.ThreadPoolExecutor$Worker.run(ThreadPoolExecutor.java:642)
		at org.apache.tomcat.util.threads.TaskThread$WrappingRunnable.run(TaskThread.java:63)
		at java.base/java.lang.Thread.run(Thread.java:1583)
	Caused by: org.apache.catalina.LifecycleException: Failed to start component [StandardEngine[Catalina].StandardHost[localhost].StandardContext[/serv1]]
		at org.apache.catalina.util.LifecycleBase.handleSubClassException(LifecycleBase.java:406)
		at org.apache.catalina.util.LifecycleBase.start(LifecycleBase.java:179)
		at org.apache.catalina.core.ContainerBase.addChild(ContainerBase.java:566)
		... 23 more
	Caused by: java.lang.VerifyError: Bad type on operand stack
Exception Details:
  Location:
    app/Serv.doGet(Lodb/MyHttpServletRequest;Lodb/MyHttpServletResponse;)V @59: invokevirtual
  Reason:
    Type 'java/lang/Object' (current frame, stack[0]) is not assignable to 'odb/MyInputStream'
  Current Frame:
    bci: @59
    flags: { }
    locals: { 'app/Serv', 'odb/MyHttpServletRequest', 'odb/MyHttpServletResponse', 'java/lang/String', 'java/lang/String', 'java/lang/Object' }
    stack: { 'java/lang/Object' }
  Bytecode:
    0000000: 2b12 34b9 003a 0200 4e2b 123c b900 3a02
    0000010: 003a 042d c700 552b b900 4001 0019 04ba
    0000020: 004b 0000 b900 5102 0059 c600 0dbb 0053
    0000030: 5a5f 0301 b700 563a 0519 05b6 005a 3a06
    0000040: 2c2a b600 5b19 04b9 005e 0200 b900 6402
    0000050: 002c 1906 b400 6abe b900 6e02 002c b900
    0000060: 7201 0019 06b6 0078 b12d 1904 ba00 7d00
    0000070: 003a 05b8 0081 1905 b800 87b9 008b 0200
    0000080: b900 8e01 00b9 0092 0100 3a06 2ab4 0028
    0000090: 1906 b800 96b6 009a 3a07 1907 b900 9e01
    00000a0: 0012 a0b6 00a6 2cba 00b9 0000 b600 bf19
    00000b0: 07b9 009e 0100 12c1 b600 a62c ba00 c600
    00000c0: 00b6 00bf 1907 b900 9e01 0012 c8b6 00cc
    00000d0: 2cba 00d1 0000 b900 d602 002c b900 7201
    00000e0: 0019 07b9 00da 0100 c000 dbbb 0066 5a5f
    00000f0: 04b7 00de b600 78a7 000a 3a07 1907 b600
    0000100: e1b1                                   
  Exception Handler Table:
    bci [140, 247] => handler: 250
  Stackmap Table:
    full_frame(@55,{Object[#2],Object[#54],Object[#96],Object[#244],Object[#244]},{Object[#246]})
    same_frame(@105)
    full_frame(@250,{Object[#2],Object[#54],Object[#96],Object[#244],Object[#244],Object[#244],Object[#12]},{Object[#50]})
    append_frame(@257,Object[#246])

		at java.base/java.lang.Class.getDeclaredFields0(Native Method)
		at java.base/java.lang.Class.privateGetDeclaredFields(Class.java:3473)
		at java.base/java.lang.Class.getDeclaredFields(Class.java:2542)
		at org.apache.catalina.startup.WebAnnotationSet.loadFieldsAnnotation(WebAnnotationSet.java:199)
		at org.apache.catalina.startup.WebAnnotationSet.loadApplicationServletAnnotations(WebAnnotationSet.java:138)
		at org.apache.catalina.startup.WebAnnotationSet.loadApplicationAnnotations(WebAnnotationSet.java:69)
		at org.apache.catalina.startup.ContextConfig.applicationAnnotationsConfig(ContextConfig.java:319)
		at org.apache.catalina.startup.ContextConfig.configureStart(ContextConfig.java:964)
		at org.apache.catalina.startup.ContextConfig.lifecycleEvent(ContextConfig.java:290)
		at org.apache.catalina.util.LifecycleBase.fireLifecycleEvent(LifecycleBase.java:109)
		at org.apache.catalina.core.StandardContext.startInternal(StandardContext.java:4311)
		at org.apache.catalina.util.LifecycleBase.start(LifecycleBase.java:164)
		... 24 more
29-Oct-2025 15:36:07.876 INFO [Catalina-utility-1] org.apache.catalina.startup.HostConfig.deployWAR Deployment of web application archive [/home/vignol-bande/Downloads/mesures/apache-tomcat-11.0.1/webapps/serv1.war] has finished in [18] ms
29-Oct-2025 15:47:17.943 INFO [Catalina-utility-2] org.apache.catalina.startup.HostConfig.undeploy Undeploying context [/serv1]
29-Oct-2025 15:50:07.965 INFO [Catalina-utility-1] org.apache.catalina.startup.HostConfig.deployWAR Deploying web application archive [/home/vignol-bande/Downloads/mesures/apache-tomcat-11.0.1/webapps/serv1.war]
29-Oct-2025 15:50:07.991 SEVERE [Catalina-utility-1] org.apache.catalina.startup.HostConfig.deployWAR Error deploying web application archive [/home/vignol-bande/Downloads/mesures/apache-tomcat-11.0.1/webapps/serv1.war]
	java.lang.IllegalStateException: Error starting child
		at org.apache.catalina.core.ContainerBase.addChild(ContainerBase.java:569)
		at org.apache.catalina.core.StandardHost.addChild(StandardHost.java:653)
		at org.apache.catalina.startup.HostConfig.deployWAR(HostConfig.java:933)
		at org.apache.catalina.startup.HostConfig$DeployWar.run(HostConfig.java:1875)
		at java.base/java.util.concurrent.Executors$RunnableAdapter.call(Executors.java:572)
		at java.base/java.util.concurrent.FutureTask.run(FutureTask.java:317)
		at org.apache.tomcat.util.threads.InlineExecutorService.execute(InlineExecutorService.java:75)
		at java.base/java.util.concurrent.AbstractExecutorService.submit(AbstractExecutorService.java:123)
		at org.apache.catalina.startup.HostConfig.deployWARs(HostConfig.java:735)
		at org.apache.catalina.startup.HostConfig.deployApps(HostConfig.java:387)
		at org.apache.catalina.startup.HostConfig.check(HostConfig.java:1642)
		at org.apache.catalina.startup.HostConfig.lifecycleEvent(HostConfig.java:263)
		at org.apache.catalina.util.LifecycleBase.fireLifecycleEvent(LifecycleBase.java:109)
		at org.apache.catalina.core.ContainerBase.backgroundProcess(ContainerBase.java:940)
		at org.apache.catalina.core.ContainerBase$ContainerBackgroundProcessor.processChildren(ContainerBase.java:1139)
		at org.apache.catalina.core.ContainerBase$ContainerBackgroundProcessor.processChildren(ContainerBase.java:1143)
		at org.apache.catalina.core.ContainerBase$ContainerBackgroundProcessor.run(ContainerBase.java:1121)
		at java.base/java.util.concurrent.Executors$RunnableAdapter.call(Executors.java:572)
		at java.base/java.util.concurrent.FutureTask.runAndReset(FutureTask.java:358)
		at java.base/java.util.concurrent.ScheduledThreadPoolExecutor$ScheduledFutureTask.run(ScheduledThreadPoolExecutor.java:305)
		at java.base/java.util.concurrent.ThreadPoolExecutor.runWorker(ThreadPoolExecutor.java:1144)
		at java.base/java.util.concurrent.ThreadPoolExecutor$Worker.run(ThreadPoolExecutor.java:642)
		at org.apache.tomcat.util.threads.TaskThread$WrappingRunnable.run(TaskThread.java:63)
		at java.base/java.lang.Thread.run(Thread.java:1583)
	Caused by: org.apache.catalina.LifecycleException: Failed to start component [StandardEngine[Catalina].StandardHost[localhost].StandardContext[/serv1]]
		at org.apache.catalina.util.LifecycleBase.handleSubClassException(LifecycleBase.java:406)
		at org.apache.catalina.util.LifecycleBase.start(LifecycleBase.java:179)
		at org.apache.catalina.core.ContainerBase.addChild(ContainerBase.java:566)
		... 23 more
	Caused by: java.lang.VerifyError: Bad type on operand stack
Exception Details:
  Location:
    app/Serv.doGet(Lodb/MyHttpServletRequest;Lodb/MyHttpServletResponse;)V @231: invokevirtual
  Reason:
    Type '[B' (current frame, stack[1]) is not assignable to 'pack/Pair'
  Current Frame:
    bci: @231
    flags: { }
    locals: { 'app/Serv', 'odb/MyHttpServletRequest', 'odb/MyHttpServletResponse', 'java/lang/String', 'java/lang/String', 'java/lang/String', 'java/net/http/HttpRequest', 'java/net/http/HttpResponse' }
    stack: { 'odb/MyServletOutputStream', '[B' }
  Bytecode:
    0000000: 2b12 34b9 003a 0200 4e2b 123c b900 3a02
    0000010: 003a 042d c700 512b b900 4001 0019 04ba
    0000020: 004b 0000 b900 5102 00bb 0053 5a5f 0301
    0000030: b700 563a 0519 05b6 005a 3a06 2c2a b600
    0000040: 5b19 04b9 005e 0200 b900 6402 002c 1906
    0000050: b400 6abe b900 6e02 002c b900 7201 0019
    0000060: 06b6 0078 b12d 1904 ba00 7d00 003a 05b8
    0000070: 0081 1905 b800 87b9 008b 0200 b900 8e01
    0000080: 00b9 0092 0100 3a06 2ab4 0028 1906 b800
    0000090: 96b6 009a 3a07 1907 b900 9e01 0012 a0b6
    00000a0: 00a6 2cba 00b9 0000 b600 bf19 07b9 009e
    00000b0: 0100 12c1 b600 a62c ba00 c600 00b6 00bf
    00000c0: 1907 b900 9e01 0012 c8b6 00cc 2cba 00d1
    00000d0: 0000 b900 d602 002c b900 7201 0019 07b9
    00000e0: 00da 0100 c000 dbb6 0078 a700 0a3a 0719
    00000f0: 07b6 00de b1                           
  Exception Handler Table:
    bci [136, 234] => handler: 237
  Stackmap Table:
    append_frame(@101,Object[#241],Object[#241])
    full_frame(@237,{Object[#2],Object[#54],Object[#96],Object[#241],Object[#241],Object[#241],Object[#12]},{Object[#50]})
    append_frame(@244,Object[#243])

		at java.base/java.lang.Class.getDeclaredFields0(Native Method)
		at java.base/java.lang.Class.privateGetDeclaredFields(Class.java:3473)
		at java.base/java.lang.Class.getDeclaredFields(Class.java:2542)
		at org.apache.catalina.startup.WebAnnotationSet.loadFieldsAnnotation(WebAnnotationSet.java:199)
		at org.apache.catalina.startup.WebAnnotationSet.loadApplicationServletAnnotations(WebAnnotationSet.java:138)
		at org.apache.catalina.startup.WebAnnotationSet.loadApplicationAnnotations(WebAnnotationSet.java:69)
		at org.apache.catalina.startup.ContextConfig.applicationAnnotationsConfig(ContextConfig.java:319)
		at org.apache.catalina.startup.ContextConfig.configureStart(ContextConfig.java:964)
		at org.apache.catalina.startup.ContextConfig.lifecycleEvent(ContextConfig.java:290)
		at org.apache.catalina.util.LifecycleBase.fireLifecycleEvent(LifecycleBase.java:109)
		at org.apache.catalina.core.StandardContext.startInternal(StandardContext.java:4311)
		at org.apache.catalina.util.LifecycleBase.start(LifecycleBase.java:164)
		... 24 more
29-Oct-2025 15:50:07.992 INFO [Catalina-utility-1] org.apache.catalina.startup.HostConfig.deployWAR Deployment of web application archive [/home/vignol-bande/Downloads/mesures/apache-tomcat-11.0.1/webapps/serv1.war] has finished in [27] ms
29-Oct-2025 22:22:52.502 INFO [Catalina-utility-1] org.apache.catalina.startup.HostConfig.undeploy Undeploying context [/serv1]
29-Oct-2025 22:24:22.527 INFO [Catalina-utility-1] org.apache.catalina.startup.HostConfig.deployWAR Deploying web application archive [/home/vignol-bande/Downloads/mesures/apache-tomcat-11.0.1/webapps/serv1.war]
29-Oct-2025 22:24:22.551 INFO [Catalina-utility-1] org.apache.catalina.startup.HostConfig.deployWAR Deployment of web application archive [/home/vignol-bande/Downloads/mesures/apache-tomcat-11.0.1/webapps/serv1.war] has finished in [24] ms
29-Oct-2025 22:33:41.340 INFO [main] org.apache.catalina.core.StandardServer.await A valid shutdown command was received via the shutdown port. Stopping the Server instance.
29-Oct-2025 22:33:41.340 INFO [main] org.apache.coyote.AbstractProtocol.pause Pausing ProtocolHandler ["http-nio-8080"]
29-Oct-2025 22:33:41.341 INFO [main] org.apache.catalina.core.StandardService.stopInternal Stopping service [Catalina]
29-Oct-2025 22:33:41.351 INFO [main] org.apache.coyote.AbstractProtocol.stop Stopping ProtocolHandler ["http-nio-8080"]
29-Oct-2025 22:33:41.353 INFO [main] org.apache.coyote.AbstractProtocol.destroy Destroying ProtocolHandler ["http-nio-8080"]
29-Oct-2025 22:33:44.787 INFO [main] org.apache.catalina.startup.VersionLoggerListener.log Server version name:   Apache Tomcat/11.0.1
29-Oct-2025 22:33:44.789 INFO [main] org.apache.catalina.startup.VersionLoggerListener.log Server built:          Nov 6 2024 19:08:24 UTC
29-Oct-2025 22:33:44.790 INFO [main] org.apache.catalina.startup.VersionLoggerListener.log Server version number: 11.0.1.0
29-Oct-2025 22:33:44.790 INFO [main] org.apache.catalina.startup.VersionLoggerListener.log OS Name:               Linux
29-Oct-2025 22:33:44.790 INFO [main] org.apache.catalina.startup.VersionLoggerListener.log OS Version:            6.14.0-29-generic
29-Oct-2025 22:33:44.790 INFO [main] org.apache.catalina.startup.VersionLoggerListener.log Architecture:          amd64
29-Oct-2025 22:33:44.790 INFO [main] org.apache.catalina.startup.VersionLoggerListener.log Java Home:             /usr/lib/jvm/java-21-openjdk-amd64
29-Oct-2025 22:33:44.790 INFO [main] org.apache.catalina.startup.VersionLoggerListener.log JVM Version:           21.0.8+9-Ubuntu-0ubuntu124.04.1
29-Oct-2025 22:33:44.790 INFO [main] org.apache.catalina.startup.VersionLoggerListener.log JVM Vendor:            Ubuntu
29-Oct-2025 22:33:44.790 INFO [main] org.apache.catalina.startup.VersionLoggerListener.log CATALINA_BASE:         /home/vignol-bande/Downloads/mesures/apache-tomcat-11.0.1
29-Oct-2025 22:33:44.790 INFO [main] org.apache.catalina.startup.VersionLoggerListener.log CATALINA_HOME:         /home/vignol-bande/Downloads/mesures/apache-tomcat-11.0.1
29-Oct-2025 22:33:44.799 INFO [main] org.apache.catalina.startup.VersionLoggerListener.log Command line argument: -Djava.util.logging.config.file=/home/vignol-bande/Downloads/mesures/apache-tomcat-11.0.1/conf/logging.properties
29-Oct-2025 22:33:44.800 INFO [main] org.apache.catalina.startup.VersionLoggerListener.log Command line argument: -Djava.util.logging.manager=org.apache.juli.ClassLoaderLogManager
29-Oct-2025 22:33:44.800 INFO [main] org.apache.catalina.startup.VersionLoggerListener.log Command line argument: -Djdk.tls.ephemeralDHKeySize=2048
29-Oct-2025 22:33:44.800 INFO [main] org.apache.catalina.startup.VersionLoggerListener.log Command line argument: -Dorg.apache.catalina.security.SecurityListener.UMASK=0027
29-Oct-2025 22:33:44.800 INFO [main] org.apache.catalina.startup.VersionLoggerListener.log Command line argument: --add-opens=java.base/java.lang=ALL-UNNAMED
29-Oct-2025 22:33:44.800 INFO [main] org.apache.catalina.startup.VersionLoggerListener.log Command line argument: --add-opens=java.base/java.io=ALL-UNNAMED
29-Oct-2025 22:33:44.800 INFO [main] org.apache.catalina.startup.VersionLoggerListener.log Command line argument: --add-opens=java.base/java.util=ALL-UNNAMED
29-Oct-2025 22:33:44.800 INFO [main] org.apache.catalina.startup.VersionLoggerListener.log Command line argument: --add-opens=java.base/java.util.concurrent=ALL-UNNAMED
29-Oct-2025 22:33:44.800 INFO [main] org.apache.catalina.startup.VersionLoggerListener.log Command line argument: --add-opens=java.rmi/sun.rmi.transport=ALL-UNNAMED
29-Oct-2025 22:33:44.800 INFO [main] org.apache.catalina.startup.VersionLoggerListener.log Command line argument: --enable-native-access=ALL-UNNAMED
29-Oct-2025 22:33:44.800 INFO [main] org.apache.catalina.startup.VersionLoggerListener.log Command line argument: -Dcatalina.base=/home/vignol-bande/Downloads/mesures/apache-tomcat-11.0.1
29-Oct-2025 22:33:44.800 INFO [main] org.apache.catalina.startup.VersionLoggerListener.log Command line argument: -Dcatalina.home=/home/vignol-bande/Downloads/mesures/apache-tomcat-11.0.1
29-Oct-2025 22:33:44.800 INFO [main] org.apache.catalina.startup.VersionLoggerListener.log Command line argument: -Djava.io.tmpdir=/home/vignol-bande/Downloads/mesures/apache-tomcat-11.0.1/temp
29-Oct-2025 22:33:44.801 INFO [main] org.apache.catalina.core.AprLifecycleListener.lifecycleEvent The Apache Tomcat Native library which allows using OpenSSL was not found on the java.library.path: [/usr/java/packages/lib:/usr/lib/x86_64-linux-gnu/jni:/lib/x86_64-linux-gnu:/usr/lib/x86_64-linux-gnu:/usr/lib/jni:/lib:/usr/lib]
29-Oct-2025 22:33:45.029 INFO [main] org.apache.coyote.AbstractProtocol.init Initializing ProtocolHandler ["http-nio-8080"]
29-Oct-2025 22:33:45.046 INFO [main] org.apache.catalina.startup.Catalina.load Server initialization in [371] milliseconds
29-Oct-2025 22:33:45.076 INFO [main] org.apache.catalina.core.StandardService.startInternal Starting service [Catalina]
29-Oct-2025 22:33:45.077 INFO [main] org.apache.catalina.core.StandardEngine.startInternal Starting Servlet engine: [Apache Tomcat/11.0.1]
29-Oct-2025 22:33:45.088 INFO [main] org.apache.catalina.startup.HostConfig.deployWAR Deploying web application archive [/home/vignol-bande/Downloads/mesures/apache-tomcat-11.0.1/webapps/serv.war]
29-Oct-2025 22:33:45.300 INFO [main] org.apache.catalina.startup.HostConfig.deployWAR Deployment of web application archive [/home/vignol-bande/Downloads/mesures/apache-tomcat-11.0.1/webapps/serv.war] has finished in [211] ms
29-Oct-2025 22:33:45.300 INFO [main] org.apache.catalina.startup.HostConfig.deployWAR Deploying web application archive [/home/vignol-bande/Downloads/mesures/apache-tomcat-11.0.1/webapps/serv1.war]
29-Oct-2025 22:33:45.339 INFO [main] org.apache.catalina.startup.HostConfig.deployWAR Deployment of web application archive [/home/vignol-bande/Downloads/mesures/apache-tomcat-11.0.1/webapps/serv1.war] has finished in [39] ms
29-Oct-2025 22:33:45.340 INFO [main] org.apache.catalina.startup.HostConfig.deployDirectory Deploying web application directory [/home/vignol-bande/Downloads/mesures/apache-tomcat-11.0.1/webapps/host-manager]
29-Oct-2025 22:33:45.374 INFO [main] org.apache.catalina.startup.HostConfig.deployDirectory Deployment of web application directory [/home/vignol-bande/Downloads/mesures/apache-tomcat-11.0.1/webapps/host-manager] has finished in [34] ms
29-Oct-2025 22:33:45.374 INFO [main] org.apache.catalina.startup.HostConfig.deployDirectory Deploying web application directory [/home/vignol-bande/Downloads/mesures/apache-tomcat-11.0.1/webapps/docs]
29-Oct-2025 22:33:45.387 INFO [main] org.apache.catalina.startup.HostConfig.deployDirectory Deployment of web application directory [/home/vignol-bande/Downloads/mesures/apache-tomcat-11.0.1/webapps/docs] has finished in [13] ms
29-Oct-2025 22:33:45.388 INFO [main] org.apache.catalina.startup.HostConfig.deployDirectory Deploying web application directory [/home/vignol-bande/Downloads/mesures/apache-tomcat-11.0.1/webapps/manager]
29-Oct-2025 22:33:45.406 INFO [main] org.apache.catalina.startup.HostConfig.deployDirectory Deployment of web application directory [/home/vignol-bande/Downloads/mesures/apache-tomcat-11.0.1/webapps/manager] has finished in [17] ms
29-Oct-2025 22:33:45.406 INFO [main] org.apache.catalina.startup.HostConfig.deployDirectory Deploying web application directory [/home/vignol-bande/Downloads/mesures/apache-tomcat-11.0.1/webapps/examples]
29-Oct-2025 22:33:45.557 INFO [main] org.apache.catalina.startup.HostConfig.deployDirectory Deployment of web application directory [/home/vignol-bande/Downloads/mesures/apache-tomcat-11.0.1/webapps/examples] has finished in [151] ms
29-Oct-2025 22:33:45.558 INFO [main] org.apache.catalina.startup.HostConfig.deployDirectory Deploying web application directory [/home/vignol-bande/Downloads/mesures/apache-tomcat-11.0.1/webapps/ROOT]
29-Oct-2025 22:33:45.568 INFO [main] org.apache.catalina.startup.HostConfig.deployDirectory Deployment of web application directory [/home/vignol-bande/Downloads/mesures/apache-tomcat-11.0.1/webapps/ROOT] has finished in [9] ms
29-Oct-2025 22:33:45.570 INFO [main] org.apache.coyote.AbstractProtocol.start Starting ProtocolHandler ["http-nio-8080"]
29-Oct-2025 22:33:45.577 INFO [main] org.apache.catalina.startup.Catalina.start Server startup in [530] milliseconds
29-Oct-2025 22:36:55.617 INFO [Catalina-utility-2] org.apache.catalina.startup.HostConfig.undeploy Undeploying context [/serv1]
29-Oct-2025 22:37:35.640 INFO [Catalina-utility-2] org.apache.catalina.startup.HostConfig.deployWAR Deploying web application archive [/home/vignol-bande/Downloads/mesures/apache-tomcat-11.0.1/webapps/serv1.war]
29-Oct-2025 22:37:35.684 INFO [Catalina-utility-2] org.apache.catalina.startup.HostConfig.deployWAR Deployment of web application archive [/home/vignol-bande/Downloads/mesures/apache-tomcat-11.0.1/webapps/serv1.war] has finished in [44] ms
