03-Nov-2025 09:38:08.366 INFO [Catalina-utility-2] org.apache.catalina.startup.HostConfig.undeploy Undeploying context [/serv1]
03-Nov-2025 09:40:57.969 INFO [Catalina-utility-1] org.apache.catalina.startup.HostConfig.deployWAR Deploying web application archive [/home/vignol-bande/Downloads/mesures/apache-tomcat-11.0.1/webapps/serv1.war]
03-Nov-2025 09:40:58.011 INFO [Catalina-utility-1] org.apache.catalina.startup.HostConfig.deployWAR Deployment of web application archive [/home/vignol-bande/Downloads/mesures/apache-tomcat-11.0.1/webapps/serv1.war] has finished in [42] ms
03-Nov-2025 09:42:38.021 INFO [Catalina-utility-1] org.apache.catalina.startup.HostConfig.undeploy Undeploying context [/serv1]
03-Nov-2025 09:46:38.049 INFO [Catalina-utility-1] org.apache.catalina.startup.HostConfig.deployWAR Deploying web application archive [/home/vignol-bande/Downloads/mesures/apache-tomcat-11.0.1/webapps/serv1.war]
03-Nov-2025 09:46:38.072 SEVERE [Catalina-utility-1] org.apache.catalina.startup.HostConfig.deployWAR Error deploying web application archive [/home/vignol-bande/Downloads/mesures/apache-tomcat-11.0.1/webapps/serv1.war]
	java.lang.IllegalStateException: Error starting child
		at org.apache.catalina.core.ContainerBase.addChild(ContainerBase.java:569)
		at org.apache.catalina.core.StandardHost.addChild(StandardHost.java:653)
		at org.apache.catalina.startup.HostConfig.deployWAR(HostConfig.java:933)
		at org.apache.catalina.startup.HostConfig$DeployWar.run(HostConfig.java:1875)
		at java.base/java.util.concurrent.Executors$RunnableAdapter.call(Executors.java:572)
		at java.base/java.util.concurrent.FutureTask.run(FutureTask.java:317)
		at org.apache.tomcat.util.threads.InlineExecutorService.execute(InlineExecutorService.java:75)
		at java.base/java.util.concurrent.AbstractExecutorService.submit(AbstractExecutorService.java:123)
		at org.apache.catalina.startup.HostConfig.deployWARs(HostConfig.java:735)
		at org.apache.catalina.startup.HostConfig.deployApps(HostConfig.java:387)
		at org.apache.catalina.startup.HostConfig.check(HostConfig.java:1642)
		at org.apache.catalina.startup.HostConfig.lifecycleEvent(HostConfig.java:263)
		at org.apache.catalina.util.LifecycleBase.fireLifecycleEvent(LifecycleBase.java:109)
		at org.apache.catalina.core.ContainerBase.backgroundProcess(ContainerBase.java:940)
		at org.apache.catalina.core.ContainerBase$ContainerBackgroundProcessor.processChildren(ContainerBase.java:1139)
		at org.apache.catalina.core.ContainerBase$ContainerBackgroundProcessor.processChildren(ContainerBase.java:1143)
		at org.apache.catalina.core.ContainerBase$ContainerBackgroundProcessor.run(ContainerBase.java:1121)
		at java.base/java.util.concurrent.Executors$RunnableAdapter.call(Executors.java:572)
		at java.base/java.util.concurrent.FutureTask.runAndReset(FutureTask.java:358)
		at java.base/java.util.concurrent.ScheduledThreadPoolExecutor$ScheduledFutureTask.run(ScheduledThreadPoolExecutor.java:305)
		at java.base/java.util.concurrent.ThreadPoolExecutor.runWorker(ThreadPoolExecutor.java:1144)
		at java.base/java.util.concurrent.ThreadPoolExecutor$Worker.run(ThreadPoolExecutor.java:642)
		at org.apache.tomcat.util.threads.TaskThread$WrappingRunnable.run(TaskThread.java:63)
		at java.base/java.lang.Thread.run(Thread.java:1583)
	Caused by: org.apache.catalina.LifecycleException: Failed to start component [StandardEngine[Catalina].StandardHost[localhost].StandardContext[/serv1]]
		at org.apache.catalina.util.LifecycleBase.handleSubClassException(LifecycleBase.java:406)
		at org.apache.catalina.util.LifecycleBase.start(LifecycleBase.java:179)
		at org.apache.catalina.core.ContainerBase.addChild(ContainerBase.java:566)
		... 23 more
	Caused by: java.lang.VerifyError: Bad type on operand stack in arraylength
Exception Details:
  Location:
    app/Serv.doGet(Ljakarta/servlet/http/HttpServletRequest;Ljakarta/servlet/http/HttpServletResponse;)V @105: arraylength
  Reason:
    Invalid type: 'pack/Pair' (current frame, stack[1])
  Current Frame:
    bci: @105
    flags: { }
    locals: { 'app/Serv', 'jakarta/servlet/http/HttpServletRequest', 'jakarta/servlet/http/HttpServletResponse', 'java/lang/String', 'java/lang/String', 'odb/MyInputStream', 'pack/Pair', top, 'odb/MyHttpServletRequest', 'odb/MyHttpServletResponse' }
    stack: { 'odb/MyHttpServletResponse', 'pack/Pair' }
  Bytecode:
    0000000: bb00 3459 2bb7 0037 3a08 bb00 3959 2cb7
    0000010: 003c 3a09 1908 123e b900 4202 004e 1908
    0000020: 1244 b900 4202 003a 042d c700 5b19 08b9
    0000030: 0048 0100 1904 ba00 5300 00b9 0059 0200
    0000040: bb00 5b5a 5f03 01b7 005e 3a05 1905 b600
    0000050: 623a 0619 092a b600 6319 04b9 0066 0200
    0000060: b900 6a02 0019 0919 06be b900 6e02 0019
    0000070: 09b9 0072 0100 1906 bb00 745a 5f04 b700
    0000080: 77b6 007d b12d 1904 ba00 8200 003a 05b8
    0000090: 0086 1905 b800 8cb9 0090 0200 b900 9301
    00000a0: 00b9 0097 0100 3a06 2ab4 0028 1906 b800
    00000b0: 9bb6 009f 3a07 1907 b900 a301 0012 a5b6
    00000c0: 00ab 1909 ba00 be00 00b6 00c4 1907 b900
    00000d0: a301 0012 c6b6 00ab 1909 ba00 cb00 00b6
    00000e0: 00c4 1907 b900 a301 0012 cdb6 00d1 1909
    00000f0: ba00 d600 00b9 00db 0200 1909 b900 7201
    0000100: 0019 07b9 00df 0100 c000 e1bb 0074 5a5f
    0000110: 04b7 0077 bb00 745a 5f04 b700 77b6 007d
    0000120: a700 0a3a 0719 07b6 00e4 b1            
  Exception Handler Table:
    bci [168, 288] => handler: 291
  Stackmap Table:
    full_frame(@133,{Object[#2],Object[#246],Object[#248],Object[#250],Object[#250],Top,Top,Top,Object[#52],Object[#57]},{})
    full_frame(@291,{Object[#2],Object[#246],Object[#248],Object[#250],Object[#250],Object[#250],Object[#12],Top,Object[#52],Object[#57]},{Object[#50]})
    full_frame(@298,{Object[#2],Object[#246],Object[#248],Object[#250],Object[#250],Object[#250],Object[#12],Object[#252],Object[#52],Object[#57]},{})

		at java.base/java.lang.Class.getDeclaredFields0(Native Method)
		at java.base/java.lang.Class.privateGetDeclaredFields(Class.java:3473)
		at java.base/java.lang.Class.getDeclaredFields(Class.java:2542)
		at org.apache.catalina.startup.WebAnnotationSet.loadFieldsAnnotation(WebAnnotationSet.java:199)
		at org.apache.catalina.startup.WebAnnotationSet.loadApplicationServletAnnotations(WebAnnotationSet.java:138)
		at org.apache.catalina.startup.WebAnnotationSet.loadApplicationAnnotations(WebAnnotationSet.java:69)
		at org.apache.catalina.startup.ContextConfig.applicationAnnotationsConfig(ContextConfig.java:319)
		at org.apache.catalina.startup.ContextConfig.configureStart(ContextConfig.java:964)
		at org.apache.catalina.startup.ContextConfig.lifecycleEvent(ContextConfig.java:290)
		at org.apache.catalina.util.LifecycleBase.fireLifecycleEvent(LifecycleBase.java:109)
		at org.apache.catalina.core.StandardContext.startInternal(StandardContext.java:4311)
		at org.apache.catalina.util.LifecycleBase.start(LifecycleBase.java:164)
		... 24 more
03-Nov-2025 09:46:38.073 INFO [Catalina-utility-1] org.apache.catalina.startup.HostConfig.deployWAR Deployment of web application archive [/home/vignol-bande/Downloads/mesures/apache-tomcat-11.0.1/webapps/serv1.war] has finished in [24] ms
03-Nov-2025 09:57:28.146 INFO [Catalina-utility-1] org.apache.catalina.startup.HostConfig.undeploy Undeploying context [/serv1]
03-Nov-2025 09:58:48.163 INFO [Catalina-utility-2] org.apache.catalina.startup.HostConfig.deployWAR Deploying web application archive [/home/vignol-bande/Downloads/mesures/apache-tomcat-11.0.1/webapps/serv1.war]
03-Nov-2025 09:58:48.184 SEVERE [Catalina-utility-2] org.apache.catalina.startup.HostConfig.deployWAR Error deploying web application archive [/home/vignol-bande/Downloads/mesures/apache-tomcat-11.0.1/webapps/serv1.war]
	java.lang.IllegalStateException: Error starting child
		at org.apache.catalina.core.ContainerBase.addChild(ContainerBase.java:569)
		at org.apache.catalina.core.StandardHost.addChild(StandardHost.java:653)
		at org.apache.catalina.startup.HostConfig.deployWAR(HostConfig.java:933)
		at org.apache.catalina.startup.HostConfig$DeployWar.run(HostConfig.java:1875)
		at java.base/java.util.concurrent.Executors$RunnableAdapter.call(Executors.java:572)
		at java.base/java.util.concurrent.FutureTask.run(FutureTask.java:317)
		at org.apache.tomcat.util.threads.InlineExecutorService.execute(InlineExecutorService.java:75)
		at java.base/java.util.concurrent.AbstractExecutorService.submit(AbstractExecutorService.java:123)
		at org.apache.catalina.startup.HostConfig.deployWARs(HostConfig.java:735)
		at org.apache.catalina.startup.HostConfig.deployApps(HostConfig.java:387)
		at org.apache.catalina.startup.HostConfig.check(HostConfig.java:1642)
		at org.apache.catalina.startup.HostConfig.lifecycleEvent(HostConfig.java:263)
		at org.apache.catalina.util.LifecycleBase.fireLifecycleEvent(LifecycleBase.java:109)
		at org.apache.catalina.core.ContainerBase.backgroundProcess(ContainerBase.java:940)
		at org.apache.catalina.core.ContainerBase$ContainerBackgroundProcessor.processChildren(ContainerBase.java:1139)
		at org.apache.catalina.core.ContainerBase$ContainerBackgroundProcessor.processChildren(ContainerBase.java:1143)
		at org.apache.catalina.core.ContainerBase$ContainerBackgroundProcessor.run(ContainerBase.java:1121)
		at java.base/java.util.concurrent.Executors$RunnableAdapter.call(Executors.java:572)
		at java.base/java.util.concurrent.FutureTask.runAndReset(FutureTask.java:358)
		at java.base/java.util.concurrent.ScheduledThreadPoolExecutor$ScheduledFutureTask.run(ScheduledThreadPoolExecutor.java:305)
		at java.base/java.util.concurrent.ThreadPoolExecutor.runWorker(ThreadPoolExecutor.java:1144)
		at java.base/java.util.concurrent.ThreadPoolExecutor$Worker.run(ThreadPoolExecutor.java:642)
		at org.apache.tomcat.util.threads.TaskThread$WrappingRunnable.run(TaskThread.java:63)
		at java.base/java.lang.Thread.run(Thread.java:1583)
	Caused by: org.apache.catalina.LifecycleException: Failed to start component [StandardEngine[Catalina].StandardHost[localhost].StandardContext[/serv1]]
		at org.apache.catalina.util.LifecycleBase.handleSubClassException(LifecycleBase.java:406)
		at org.apache.catalina.util.LifecycleBase.start(LifecycleBase.java:179)
		at org.apache.catalina.core.ContainerBase.addChild(ContainerBase.java:566)
		... 23 more
	Caused by: java.lang.VerifyError: Bad type on operand stack in arraylength
Exception Details:
  Location:
    app/Serv.doGet(Ljakarta/servlet/http/HttpServletRequest;Ljakarta/servlet/http/HttpServletResponse;)V @105: arraylength
  Reason:
    Invalid type: 'pack/Pair' (current frame, stack[1])
  Current Frame:
    bci: @105
    flags: { }
    locals: { 'app/Serv', 'jakarta/servlet/http/HttpServletRequest', 'jakarta/servlet/http/HttpServletResponse', 'java/lang/String', 'java/lang/String', 'odb/MyInputStream', 'pack/Pair', top, 'odb/MyHttpServletRequest', 'odb/MyHttpServletResponse' }
    stack: { 'odb/MyHttpServletResponse', 'pack/Pair' }
  Bytecode:
    0000000: bb00 3459 2bb7 0037 3a08 bb00 3959 2cb7
    0000010: 003c 3a09 1908 123e b900 4202 004e 1908
    0000020: 1244 b900 4202 003a 042d c700 5b19 08b9
    0000030: 0048 0100 1904 ba00 5300 00b9 0059 0200
    0000040: bb00 5b5a 5f03 01b7 005e 3a05 1905 b600
    0000050: 623a 0619 092a b600 6319 04b9 0066 0200
    0000060: b900 6a02 0019 0919 06be b900 6e02 0019
    0000070: 09b9 0072 0100 1906 bb00 745a 5f04 b700
    0000080: 77b6 007d b12d 1904 ba00 8200 003a 05b8
    0000090: 0086 1905 b800 8cb9 0090 0200 b900 9301
    00000a0: 00b9 0097 0100 3a06 2ab4 0028 1906 b800
    00000b0: 9bb6 009f 3a07 1907 b900 a301 0012 a5b6
    00000c0: 00ab 1909 ba00 be00 00b6 00c4 1907 b900
    00000d0: a301 0012 c6b6 00ab 1909 ba00 cb00 00b6
    00000e0: 00c4 1907 b900 a301 0012 cdb6 00d1 1909
    00000f0: ba00 d600 00b9 00db 0200 1909 b900 7201
    0000100: 0019 07b9 00df 0100 c000 e1bb 0074 5a5f
    0000110: 04b7 0077 bb00 745a 5f04 b700 77b6 007d
    0000120: a700 0a3a 0719 07b6 00e4 b1            
  Exception Handler Table:
    bci [168, 288] => handler: 291
  Stackmap Table:
    full_frame(@133,{Object[#2],Object[#246],Object[#248],Object[#250],Object[#250],Top,Top,Top,Object[#52],Object[#57]},{})
    full_frame(@291,{Object[#2],Object[#246],Object[#248],Object[#250],Object[#250],Object[#250],Object[#12],Top,Object[#52],Object[#57]},{Object[#50]})
    full_frame(@298,{Object[#2],Object[#246],Object[#248],Object[#250],Object[#250],Object[#250],Object[#12],Object[#252],Object[#52],Object[#57]},{})

		at java.base/java.lang.Class.getDeclaredFields0(Native Method)
		at java.base/java.lang.Class.privateGetDeclaredFields(Class.java:3473)
		at java.base/java.lang.Class.getDeclaredFields(Class.java:2542)
		at org.apache.catalina.startup.WebAnnotationSet.loadFieldsAnnotation(WebAnnotationSet.java:199)
		at org.apache.catalina.startup.WebAnnotationSet.loadApplicationServletAnnotations(WebAnnotationSet.java:138)
		at org.apache.catalina.startup.WebAnnotationSet.loadApplicationAnnotations(WebAnnotationSet.java:69)
		at org.apache.catalina.startup.ContextConfig.applicationAnnotationsConfig(ContextConfig.java:319)
		at org.apache.catalina.startup.ContextConfig.configureStart(ContextConfig.java:964)
		at org.apache.catalina.startup.ContextConfig.lifecycleEvent(ContextConfig.java:290)
		at org.apache.catalina.util.LifecycleBase.fireLifecycleEvent(LifecycleBase.java:109)
		at org.apache.catalina.core.StandardContext.startInternal(StandardContext.java:4311)
		at org.apache.catalina.util.LifecycleBase.start(LifecycleBase.java:164)
		... 24 more
03-Nov-2025 09:58:48.185 INFO [Catalina-utility-2] org.apache.catalina.startup.HostConfig.deployWAR Deployment of web application archive [/home/vignol-bande/Downloads/mesures/apache-tomcat-11.0.1/webapps/serv1.war] has finished in [22] ms
03-Nov-2025 10:13:18.272 INFO [Catalina-utility-1] org.apache.catalina.startup.HostConfig.undeploy Undeploying context [/serv1]
03-Nov-2025 10:19:38.315 INFO [Catalina-utility-1] org.apache.catalina.startup.HostConfig.deployWAR Deploying web application archive [/home/vignol-bande/Downloads/mesures/apache-tomcat-11.0.1/webapps/serv1.war]
03-Nov-2025 10:19:38.340 SEVERE [Catalina-utility-1] org.apache.catalina.startup.HostConfig.deployWAR Error deploying web application archive [/home/vignol-bande/Downloads/mesures/apache-tomcat-11.0.1/webapps/serv1.war]
	java.lang.IllegalStateException: Error starting child
		at org.apache.catalina.core.ContainerBase.addChild(ContainerBase.java:569)
		at org.apache.catalina.core.StandardHost.addChild(StandardHost.java:653)
		at org.apache.catalina.startup.HostConfig.deployWAR(HostConfig.java:933)
		at org.apache.catalina.startup.HostConfig$DeployWar.run(HostConfig.java:1875)
		at java.base/java.util.concurrent.Executors$RunnableAdapter.call(Executors.java:572)
		at java.base/java.util.concurrent.FutureTask.run(FutureTask.java:317)
		at org.apache.tomcat.util.threads.InlineExecutorService.execute(InlineExecutorService.java:75)
		at java.base/java.util.concurrent.AbstractExecutorService.submit(AbstractExecutorService.java:123)
		at org.apache.catalina.startup.HostConfig.deployWARs(HostConfig.java:735)
		at org.apache.catalina.startup.HostConfig.deployApps(HostConfig.java:387)
		at org.apache.catalina.startup.HostConfig.check(HostConfig.java:1642)
		at org.apache.catalina.startup.HostConfig.lifecycleEvent(HostConfig.java:263)
		at org.apache.catalina.util.LifecycleBase.fireLifecycleEvent(LifecycleBase.java:109)
		at org.apache.catalina.core.ContainerBase.backgroundProcess(ContainerBase.java:940)
		at org.apache.catalina.core.ContainerBase$ContainerBackgroundProcessor.processChildren(ContainerBase.java:1139)
		at org.apache.catalina.core.ContainerBase$ContainerBackgroundProcessor.processChildren(ContainerBase.java:1143)
		at org.apache.catalina.core.ContainerBase$ContainerBackgroundProcessor.run(ContainerBase.java:1121)
		at java.base/java.util.concurrent.Executors$RunnableAdapter.call(Executors.java:572)
		at java.base/java.util.concurrent.FutureTask.runAndReset(FutureTask.java:358)
		at java.base/java.util.concurrent.ScheduledThreadPoolExecutor$ScheduledFutureTask.run(ScheduledThreadPoolExecutor.java:305)
		at java.base/java.util.concurrent.ThreadPoolExecutor.runWorker(ThreadPoolExecutor.java:1144)
		at java.base/java.util.concurrent.ThreadPoolExecutor$Worker.run(ThreadPoolExecutor.java:642)
		at org.apache.tomcat.util.threads.TaskThread$WrappingRunnable.run(TaskThread.java:63)
		at java.base/java.lang.Thread.run(Thread.java:1583)
	Caused by: org.apache.catalina.LifecycleException: Failed to start component [StandardEngine[Catalina].StandardHost[localhost].StandardContext[/serv1]]
		at org.apache.catalina.util.LifecycleBase.handleSubClassException(LifecycleBase.java:406)
		at org.apache.catalina.util.LifecycleBase.start(LifecycleBase.java:179)
		at org.apache.catalina.core.ContainerBase.addChild(ContainerBase.java:566)
		... 23 more
	Caused by: java.lang.VerifyError: Bad type on operand stack in arraylength
Exception Details:
  Location:
    app/Serv.doGet(Ljakarta/servlet/http/HttpServletRequest;Ljakarta/servlet/http/HttpServletResponse;)V @105: arraylength
  Reason:
    Invalid type: 'pack/Pair' (current frame, stack[1])
  Current Frame:
    bci: @105
    flags: { }
    locals: { 'app/Serv', 'jakarta/servlet/http/HttpServletRequest', 'jakarta/servlet/http/HttpServletResponse', 'java/lang/String', 'java/lang/String', 'odb/MyInputStream', 'pack/Pair', top, 'odb/MyHttpServletRequest', 'odb/MyHttpServletResponse' }
    stack: { 'odb/MyHttpServletResponse', 'pack/Pair' }
  Bytecode:
    0000000: bb00 3459 2bb7 0037 3a08 bb00 3959 2cb7
    0000010: 003c 3a09 1908 123e b900 4202 004e 1908
    0000020: 1244 b900 4202 003a 042d c700 5b19 08b9
    0000030: 0048 0100 1904 ba00 5300 00b9 0059 0200
    0000040: bb00 5b5a 5f03 01b7 005e 3a05 1905 b600
    0000050: 623a 0619 092a b600 6319 04b9 0066 0200
    0000060: b900 6a02 0019 0919 06be b900 6e02 0019
    0000070: 09b9 0072 0100 1906 bb00 745a 5f04 b700
    0000080: 77b6 007d b12d 1904 ba00 8200 003a 05b8
    0000090: 0086 1905 b800 8cb9 0090 0200 b900 9301
    00000a0: 00b9 0097 0100 3a06 2ab4 0028 1906 b800
    00000b0: 9bb6 009f 3a07 1907 b900 a301 0012 a5b6
    00000c0: 00ab 1909 ba00 be00 00b6 00c4 1907 b900
    00000d0: a301 0012 c6b6 00ab 1909 ba00 cb00 00b6
    00000e0: 00c4 1907 b900 a301 0012 cdb6 00d1 1909
    00000f0: ba00 d600 00b9 00db 0200 1909 b900 7201
    0000100: 0019 07b9 00df 0100 c000 e1bb 0074 5a5f
    0000110: 04b7 0077 bb00 745a 5f04 b700 77b6 007d
    0000120: a700 0a3a 0719 07b6 00e4 b1            
  Exception Handler Table:
    bci [168, 288] => handler: 291
  Stackmap Table:
    full_frame(@133,{Object[#2],Object[#246],Object[#248],Object[#250],Object[#250],Top,Top,Top,Object[#52],Object[#57]},{})
    full_frame(@291,{Object[#2],Object[#246],Object[#248],Object[#250],Object[#250],Object[#250],Object[#12],Top,Object[#52],Object[#57]},{Object[#50]})
    full_frame(@298,{Object[#2],Object[#246],Object[#248],Object[#250],Object[#250],Object[#250],Object[#12],Object[#252],Object[#52],Object[#57]},{})

		at java.base/java.lang.Class.getDeclaredFields0(Native Method)
		at java.base/java.lang.Class.privateGetDeclaredFields(Class.java:3473)
		at java.base/java.lang.Class.getDeclaredFields(Class.java:2542)
		at org.apache.catalina.startup.WebAnnotationSet.loadFieldsAnnotation(WebAnnotationSet.java:199)
		at org.apache.catalina.startup.WebAnnotationSet.loadApplicationServletAnnotations(WebAnnotationSet.java:138)
		at org.apache.catalina.startup.WebAnnotationSet.loadApplicationAnnotations(WebAnnotationSet.java:69)
		at org.apache.catalina.startup.ContextConfig.applicationAnnotationsConfig(ContextConfig.java:319)
		at org.apache.catalina.startup.ContextConfig.configureStart(ContextConfig.java:964)
		at org.apache.catalina.startup.ContextConfig.lifecycleEvent(ContextConfig.java:290)
		at org.apache.catalina.util.LifecycleBase.fireLifecycleEvent(LifecycleBase.java:109)
		at org.apache.catalina.core.StandardContext.startInternal(StandardContext.java:4311)
		at org.apache.catalina.util.LifecycleBase.start(LifecycleBase.java:164)
		... 24 more
03-Nov-2025 10:19:38.341 INFO [Catalina-utility-1] org.apache.catalina.startup.HostConfig.deployWAR Deployment of web application archive [/home/vignol-bande/Downloads/mesures/apache-tomcat-11.0.1/webapps/serv1.war] has finished in [26] ms
03-Nov-2025 10:59:08.579 INFO [Catalina-utility-1] org.apache.catalina.startup.HostConfig.undeploy Undeploying context [/serv1]
03-Nov-2025 11:03:28.611 INFO [Catalina-utility-2] org.apache.catalina.startup.HostConfig.deployWAR Deploying web application archive [/home/vignol-bande/Downloads/mesures/apache-tomcat-11.0.1/webapps/serv1.war]
03-Nov-2025 11:03:28.638 SEVERE [Catalina-utility-2] org.apache.catalina.startup.HostConfig.deployWAR Error deploying web application archive [/home/vignol-bande/Downloads/mesures/apache-tomcat-11.0.1/webapps/serv1.war]
	java.lang.IllegalStateException: Error starting child
		at org.apache.catalina.core.ContainerBase.addChild(ContainerBase.java:569)
		at org.apache.catalina.core.StandardHost.addChild(StandardHost.java:653)
		at org.apache.catalina.startup.HostConfig.deployWAR(HostConfig.java:933)
		at org.apache.catalina.startup.HostConfig$DeployWar.run(HostConfig.java:1875)
		at java.base/java.util.concurrent.Executors$RunnableAdapter.call(Executors.java:572)
		at java.base/java.util.concurrent.FutureTask.run(FutureTask.java:317)
		at org.apache.tomcat.util.threads.InlineExecutorService.execute(InlineExecutorService.java:75)
		at java.base/java.util.concurrent.AbstractExecutorService.submit(AbstractExecutorService.java:123)
		at org.apache.catalina.startup.HostConfig.deployWARs(HostConfig.java:735)
		at org.apache.catalina.startup.HostConfig.deployApps(HostConfig.java:387)
		at org.apache.catalina.startup.HostConfig.check(HostConfig.java:1642)
		at org.apache.catalina.startup.HostConfig.lifecycleEvent(HostConfig.java:263)
		at org.apache.catalina.util.LifecycleBase.fireLifecycleEvent(LifecycleBase.java:109)
		at org.apache.catalina.core.ContainerBase.backgroundProcess(ContainerBase.java:940)
		at org.apache.catalina.core.ContainerBase$ContainerBackgroundProcessor.processChildren(ContainerBase.java:1139)
		at org.apache.catalina.core.ContainerBase$ContainerBackgroundProcessor.processChildren(ContainerBase.java:1143)
		at org.apache.catalina.core.ContainerBase$ContainerBackgroundProcessor.run(ContainerBase.java:1121)
		at java.base/java.util.concurrent.Executors$RunnableAdapter.call(Executors.java:572)
		at java.base/java.util.concurrent.FutureTask.runAndReset(FutureTask.java:358)
		at java.base/java.util.concurrent.ScheduledThreadPoolExecutor$ScheduledFutureTask.run(ScheduledThreadPoolExecutor.java:305)
		at java.base/java.util.concurrent.ThreadPoolExecutor.runWorker(ThreadPoolExecutor.java:1144)
		at java.base/java.util.concurrent.ThreadPoolExecutor$Worker.run(ThreadPoolExecutor.java:642)
		at org.apache.tomcat.util.threads.TaskThread$WrappingRunnable.run(TaskThread.java:63)
		at java.base/java.lang.Thread.run(Thread.java:1583)
	Caused by: org.apache.catalina.LifecycleException: Failed to start component [StandardEngine[Catalina].StandardHost[localhost].StandardContext[/serv1]]
		at org.apache.catalina.util.LifecycleBase.handleSubClassException(LifecycleBase.java:406)
		at org.apache.catalina.util.LifecycleBase.start(LifecycleBase.java:179)
		at org.apache.catalina.core.ContainerBase.addChild(ContainerBase.java:566)
		... 23 more
	Caused by: java.lang.VerifyError: Bad type on operand stack in arraylength
Exception Details:
  Location:
    app/Serv.doGet(Ljakarta/servlet/http/HttpServletRequest;Ljakarta/servlet/http/HttpServletResponse;)V @105: arraylength
  Reason:
    Invalid type: 'pack/Pair' (current frame, stack[1])
  Current Frame:
    bci: @105
    flags: { }
    locals: { 'app/Serv', 'jakarta/servlet/http/HttpServletRequest', 'jakarta/servlet/http/HttpServletResponse', 'java/lang/String', 'java/lang/String', 'odb/MyInputStream', 'pack/Pair', top, 'odb/MyHttpServletRequest', 'odb/MyHttpServletResponse' }
    stack: { 'odb/MyHttpServletResponse', 'pack/Pair' }
  Bytecode:
    0000000: bb00 3459 2bb7 0037 3a08 bb00 3959 2cb7
    0000010: 003c 3a09 1908 123e b900 4202 004e 1908
    0000020: 1244 b900 4202 003a 042d c700 5b19 08b9
    0000030: 0048 0100 1904 ba00 5300 00b9 0059 0200
    0000040: bb00 5b5a 5f03 01b7 005e 3a05 1905 b600
    0000050: 623a 0619 092a b600 6319 04b9 0066 0200
    0000060: b900 6a02 0019 0919 06be b900 6e02 0019
    0000070: 09b9 0072 0100 1906 bb00 745a 5f04 b700
    0000080: 77b6 007d b12d 1904 ba00 8200 003a 05b8
    0000090: 0086 1905 b800 8cb9 0090 0200 b900 9301
    00000a0: 00b9 0097 0100 3a06 2ab4 0028 1906 b800
    00000b0: 9bb6 009f 3a07 1907 b900 a301 0012 a5b6
    00000c0: 00ab 1909 ba00 be00 00b6 00c4 1907 b900
    00000d0: a301 0012 c6b6 00ab 1909 ba00 cb00 00b6
    00000e0: 00c4 1907 b900 a301 0012 cdb6 00d1 1909
    00000f0: ba00 d600 00b9 00db 0200 1909 b900 7201
    0000100: 0019 07b9 00df 0100 c000 e1bb 0074 5a5f
    0000110: 04b7 0077 bb00 745a 5f04 b700 77b6 007d
    0000120: a700 0a3a 0719 07b6 00e4 b1            
  Exception Handler Table:
    bci [168, 288] => handler: 291
  Stackmap Table:
    full_frame(@133,{Object[#2],Object[#246],Object[#248],Object[#250],Object[#250],Top,Top,Top,Object[#52],Object[#57]},{})
    full_frame(@291,{Object[#2],Object[#246],Object[#248],Object[#250],Object[#250],Object[#250],Object[#12],Top,Object[#52],Object[#57]},{Object[#50]})
    full_frame(@298,{Object[#2],Object[#246],Object[#248],Object[#250],Object[#250],Object[#250],Object[#12],Object[#252],Object[#52],Object[#57]},{})

		at java.base/java.lang.Class.getDeclaredFields0(Native Method)
		at java.base/java.lang.Class.privateGetDeclaredFields(Class.java:3473)
		at java.base/java.lang.Class.getDeclaredFields(Class.java:2542)
		at org.apache.catalina.startup.WebAnnotationSet.loadFieldsAnnotation(WebAnnotationSet.java:199)
		at org.apache.catalina.startup.WebAnnotationSet.loadApplicationServletAnnotations(WebAnnotationSet.java:138)
		at org.apache.catalina.startup.WebAnnotationSet.loadApplicationAnnotations(WebAnnotationSet.java:69)
		at org.apache.catalina.startup.ContextConfig.applicationAnnotationsConfig(ContextConfig.java:319)
		at org.apache.catalina.startup.ContextConfig.configureStart(ContextConfig.java:964)
		at org.apache.catalina.startup.ContextConfig.lifecycleEvent(ContextConfig.java:290)
		at org.apache.catalina.util.LifecycleBase.fireLifecycleEvent(LifecycleBase.java:109)
		at org.apache.catalina.core.StandardContext.startInternal(StandardContext.java:4311)
		at org.apache.catalina.util.LifecycleBase.start(LifecycleBase.java:164)
		... 24 more
03-Nov-2025 11:03:28.639 INFO [Catalina-utility-2] org.apache.catalina.startup.HostConfig.deployWAR Deployment of web application archive [/home/vignol-bande/Downloads/mesures/apache-tomcat-11.0.1/webapps/serv1.war] has finished in [29] ms
03-Nov-2025 11:06:58.658 INFO [Catalina-utility-1] org.apache.catalina.startup.HostConfig.undeploy Undeploying context [/serv1]
03-Nov-2025 11:06:58.664 INFO [Catalina-utility-1] org.apache.catalina.startup.HostConfig.deployWAR Deploying web application archive [/home/vignol-bande/Downloads/mesures/apache-tomcat-11.0.1/webapps/serv1.war]
03-Nov-2025 11:06:58.692 INFO [Catalina-utility-1] org.apache.catalina.startup.HostConfig.deployWAR Deployment of web application archive [/home/vignol-bande/Downloads/mesures/apache-tomcat-11.0.1/webapps/serv1.war] has finished in [28] ms
03-Nov-2025 14:06:09.844 INFO [Catalina-utility-1] org.apache.catalina.startup.HostConfig.undeploy Undeploying context [/serv1]
03-Nov-2025 14:12:19.896 INFO [Catalina-utility-1] org.apache.catalina.startup.HostConfig.deployWAR Deploying web application archive [/home/vignol-bande/Downloads/mesures/apache-tomcat-11.0.1/webapps/serv1.war]
03-Nov-2025 14:12:19.929 INFO [Catalina-utility-1] org.apache.catalina.startup.HostConfig.deployWAR Deployment of web application archive [/home/vignol-bande/Downloads/mesures/apache-tomcat-11.0.1/webapps/serv1.war] has finished in [33] ms
03-Nov-2025 21:05:12.600 INFO [main] org.apache.catalina.startup.VersionLoggerListener.log Server version name:   Apache Tomcat/11.0.1
03-Nov-2025 21:05:12.605 INFO [main] org.apache.catalina.startup.VersionLoggerListener.log Server built:          Nov 6 2024 19:08:24 UTC
03-Nov-2025 21:05:12.606 INFO [main] org.apache.catalina.startup.VersionLoggerListener.log Server version number: 11.0.1.0
03-Nov-2025 21:05:12.606 INFO [main] org.apache.catalina.startup.VersionLoggerListener.log OS Name:               Linux
03-Nov-2025 21:05:12.606 INFO [main] org.apache.catalina.startup.VersionLoggerListener.log OS Version:            6.14.0-29-generic
03-Nov-2025 21:05:12.606 INFO [main] org.apache.catalina.startup.VersionLoggerListener.log Architecture:          amd64
03-Nov-2025 21:05:12.606 INFO [main] org.apache.catalina.startup.VersionLoggerListener.log Java Home:             /usr/lib/jvm/java-21-openjdk-amd64
03-Nov-2025 21:05:12.606 INFO [main] org.apache.catalina.startup.VersionLoggerListener.log JVM Version:           21.0.8+9-Ubuntu-0ubuntu124.04.1
03-Nov-2025 21:05:12.606 INFO [main] org.apache.catalina.startup.VersionLoggerListener.log JVM Vendor:            Ubuntu
03-Nov-2025 21:05:12.606 INFO [main] org.apache.catalina.startup.VersionLoggerListener.log CATALINA_BASE:         /home/vignol-bande/Downloads/mesures/apache-tomcat-11.0.1
03-Nov-2025 21:05:12.606 INFO [main] org.apache.catalina.startup.VersionLoggerListener.log CATALINA_HOME:         /home/vignol-bande/Downloads/mesures/apache-tomcat-11.0.1
03-Nov-2025 21:05:12.621 INFO [main] org.apache.catalina.startup.VersionLoggerListener.log Command line argument: -Djava.util.logging.config.file=/home/vignol-bande/Downloads/mesures/apache-tomcat-11.0.1/conf/logging.properties
03-Nov-2025 21:05:12.622 INFO [main] org.apache.catalina.startup.VersionLoggerListener.log Command line argument: -Djava.util.logging.manager=org.apache.juli.ClassLoaderLogManager
03-Nov-2025 21:05:12.622 INFO [main] org.apache.catalina.startup.VersionLoggerListener.log Command line argument: -Djdk.tls.ephemeralDHKeySize=2048
03-Nov-2025 21:05:12.622 INFO [main] org.apache.catalina.startup.VersionLoggerListener.log Command line argument: -Dorg.apache.catalina.security.SecurityListener.UMASK=0027
03-Nov-2025 21:05:12.622 INFO [main] org.apache.catalina.startup.VersionLoggerListener.log Command line argument: --add-opens=java.base/java.lang=ALL-UNNAMED
03-Nov-2025 21:05:12.622 INFO [main] org.apache.catalina.startup.VersionLoggerListener.log Command line argument: --add-opens=java.base/java.io=ALL-UNNAMED
03-Nov-2025 21:05:12.622 INFO [main] org.apache.catalina.startup.VersionLoggerListener.log Command line argument: --add-opens=java.base/java.util=ALL-UNNAMED
03-Nov-2025 21:05:12.623 INFO [main] org.apache.catalina.startup.VersionLoggerListener.log Command line argument: --add-opens=java.base/java.util.concurrent=ALL-UNNAMED
03-Nov-2025 21:05:12.623 INFO [main] org.apache.catalina.startup.VersionLoggerListener.log Command line argument: --add-opens=java.rmi/sun.rmi.transport=ALL-UNNAMED
03-Nov-2025 21:05:12.623 INFO [main] org.apache.catalina.startup.VersionLoggerListener.log Command line argument: --enable-native-access=ALL-UNNAMED
03-Nov-2025 21:05:12.623 INFO [main] org.apache.catalina.startup.VersionLoggerListener.log Command line argument: -Dcatalina.base=/home/vignol-bande/Downloads/mesures/apache-tomcat-11.0.1
03-Nov-2025 21:05:12.623 INFO [main] org.apache.catalina.startup.VersionLoggerListener.log Command line argument: -Dcatalina.home=/home/vignol-bande/Downloads/mesures/apache-tomcat-11.0.1
03-Nov-2025 21:05:12.623 INFO [main] org.apache.catalina.startup.VersionLoggerListener.log Command line argument: -Djava.io.tmpdir=/home/vignol-bande/Downloads/mesures/apache-tomcat-11.0.1/temp
03-Nov-2025 21:05:12.626 INFO [main] org.apache.catalina.core.AprLifecycleListener.lifecycleEvent The Apache Tomcat Native library which allows using OpenSSL was not found on the java.library.path: [/usr/java/packages/lib:/usr/lib/x86_64-linux-gnu/jni:/lib/x86_64-linux-gnu:/usr/lib/x86_64-linux-gnu:/usr/lib/jni:/lib:/usr/lib]
03-Nov-2025 21:05:13.011 INFO [main] org.apache.coyote.AbstractProtocol.init Initializing ProtocolHandler ["http-nio-8080"]
03-Nov-2025 21:05:13.033 INFO [main] org.apache.catalina.startup.Catalina.load Server initialization in [635] milliseconds
03-Nov-2025 21:05:13.074 INFO [main] org.apache.catalina.core.StandardService.startInternal Starting service [Catalina]
03-Nov-2025 21:05:13.074 INFO [main] org.apache.catalina.core.StandardEngine.startInternal Starting Servlet engine: [Apache Tomcat/11.0.1]
03-Nov-2025 21:05:13.090 INFO [main] org.apache.catalina.startup.HostConfig.deployWAR Deploying web application archive [/home/vignol-bande/Downloads/mesures/apache-tomcat-11.0.1/webapps/serv.war]
03-Nov-2025 21:05:13.365 INFO [main] org.apache.catalina.startup.HostConfig.deployWAR Deployment of web application archive [/home/vignol-bande/Downloads/mesures/apache-tomcat-11.0.1/webapps/serv.war] has finished in [275] ms
03-Nov-2025 21:05:13.366 INFO [main] org.apache.catalina.startup.HostConfig.deployDirectory Deploying web application directory [/home/vignol-bande/Downloads/mesures/apache-tomcat-11.0.1/webapps/host-manager]
03-Nov-2025 21:05:13.401 INFO [main] org.apache.catalina.startup.HostConfig.deployDirectory Deployment of web application directory [/home/vignol-bande/Downloads/mesures/apache-tomcat-11.0.1/webapps/host-manager] has finished in [35] ms
03-Nov-2025 21:05:13.401 INFO [main] org.apache.catalina.startup.HostConfig.deployDirectory Deploying web application directory [/home/vignol-bande/Downloads/mesures/apache-tomcat-11.0.1/webapps/docs]
03-Nov-2025 21:05:13.421 INFO [main] org.apache.catalina.startup.HostConfig.deployDirectory Deployment of web application directory [/home/vignol-bande/Downloads/mesures/apache-tomcat-11.0.1/webapps/docs] has finished in [20] ms
03-Nov-2025 21:05:13.421 INFO [main] org.apache.catalina.startup.HostConfig.deployDirectory Deploying web application directory [/home/vignol-bande/Downloads/mesures/apache-tomcat-11.0.1/webapps/manager]
03-Nov-2025 21:05:13.445 INFO [main] org.apache.catalina.startup.HostConfig.deployDirectory Deployment of web application directory [/home/vignol-bande/Downloads/mesures/apache-tomcat-11.0.1/webapps/manager] has finished in [24] ms
03-Nov-2025 21:05:13.445 INFO [main] org.apache.catalina.startup.HostConfig.deployDirectory Deploying web application directory [/home/vignol-bande/Downloads/mesures/apache-tomcat-11.0.1/webapps/examples]
03-Nov-2025 21:05:13.640 INFO [main] org.apache.catalina.startup.HostConfig.deployDirectory Deployment of web application directory [/home/vignol-bande/Downloads/mesures/apache-tomcat-11.0.1/webapps/examples] has finished in [194] ms
03-Nov-2025 21:05:13.640 INFO [main] org.apache.catalina.startup.HostConfig.deployDirectory Deploying web application directory [/home/vignol-bande/Downloads/mesures/apache-tomcat-11.0.1/webapps/ROOT]
03-Nov-2025 21:05:13.654 INFO [main] org.apache.catalina.startup.HostConfig.deployDirectory Deployment of web application directory [/home/vignol-bande/Downloads/mesures/apache-tomcat-11.0.1/webapps/ROOT] has finished in [14] ms
03-Nov-2025 21:05:13.658 INFO [main] org.apache.coyote.AbstractProtocol.start Starting ProtocolHandler ["http-nio-8080"]
03-Nov-2025 21:05:13.669 INFO [main] org.apache.catalina.startup.Catalina.start Server startup in [634] milliseconds
03-Nov-2025 21:05:43.668 INFO [Catalina-utility-1] org.apache.catalina.startup.HostConfig.deployWAR Deploying web application archive [/home/vignol-bande/Downloads/mesures/apache-tomcat-11.0.1/webapps/serv1.war]
03-Nov-2025 21:05:43.733 INFO [Catalina-utility-1] org.apache.catalina.startup.HostConfig.deployWAR Deployment of web application archive [/home/vignol-bande/Downloads/mesures/apache-tomcat-11.0.1/webapps/serv1.war] has finished in [66] ms
03-Nov-2025 21:42:34.100 INFO [Catalina-utility-1] org.apache.catalina.startup.HostConfig.undeploy Undeploying context [/serv1]
03-Nov-2025 21:43:24.138 INFO [Catalina-utility-2] org.apache.catalina.startup.HostConfig.deployWAR Deploying web application archive [/home/vignol-bande/Downloads/mesures/apache-tomcat-11.0.1/webapps/serv1.war]
03-Nov-2025 21:43:24.167 SEVERE [Catalina-utility-2] org.apache.catalina.startup.HostConfig.deployWAR Error deploying web application archive [/home/vignol-bande/Downloads/mesures/apache-tomcat-11.0.1/webapps/serv1.war]
	java.lang.IllegalStateException: Error starting child
		at org.apache.catalina.core.ContainerBase.addChild(ContainerBase.java:569)
		at org.apache.catalina.core.StandardHost.addChild(StandardHost.java:653)
		at org.apache.catalina.startup.HostConfig.deployWAR(HostConfig.java:933)
		at org.apache.catalina.startup.HostConfig$DeployWar.run(HostConfig.java:1875)
		at java.base/java.util.concurrent.Executors$RunnableAdapter.call(Executors.java:572)
		at java.base/java.util.concurrent.FutureTask.run(FutureTask.java:317)
		at org.apache.tomcat.util.threads.InlineExecutorService.execute(InlineExecutorService.java:75)
		at java.base/java.util.concurrent.AbstractExecutorService.submit(AbstractExecutorService.java:123)
		at org.apache.catalina.startup.HostConfig.deployWARs(HostConfig.java:735)
		at org.apache.catalina.startup.HostConfig.deployApps(HostConfig.java:387)
		at org.apache.catalina.startup.HostConfig.check(HostConfig.java:1642)
		at org.apache.catalina.startup.HostConfig.lifecycleEvent(HostConfig.java:263)
		at org.apache.catalina.util.LifecycleBase.fireLifecycleEvent(LifecycleBase.java:109)
		at org.apache.catalina.core.ContainerBase.backgroundProcess(ContainerBase.java:940)
		at org.apache.catalina.core.ContainerBase$ContainerBackgroundProcessor.processChildren(ContainerBase.java:1139)
		at org.apache.catalina.core.ContainerBase$ContainerBackgroundProcessor.processChildren(ContainerBase.java:1143)
		at org.apache.catalina.core.ContainerBase$ContainerBackgroundProcessor.run(ContainerBase.java:1121)
		at java.base/java.util.concurrent.Executors$RunnableAdapter.call(Executors.java:572)
		at java.base/java.util.concurrent.FutureTask.runAndReset(FutureTask.java:358)
		at java.base/java.util.concurrent.ScheduledThreadPoolExecutor$ScheduledFutureTask.run(ScheduledThreadPoolExecutor.java:305)
		at java.base/java.util.concurrent.ThreadPoolExecutor.runWorker(ThreadPoolExecutor.java:1144)
		at java.base/java.util.concurrent.ThreadPoolExecutor$Worker.run(ThreadPoolExecutor.java:642)
		at org.apache.tomcat.util.threads.TaskThread$WrappingRunnable.run(TaskThread.java:63)
		at java.base/java.lang.Thread.run(Thread.java:1583)
	Caused by: org.apache.catalina.LifecycleException: Failed to start component [StandardEngine[Catalina].StandardHost[localhost].StandardContext[/serv1]]
		at org.apache.catalina.util.LifecycleBase.handleSubClassException(LifecycleBase.java:406)
		at org.apache.catalina.util.LifecycleBase.start(LifecycleBase.java:179)
		at org.apache.catalina.core.ContainerBase.addChild(ContainerBase.java:566)
		... 23 more
	Caused by: java.lang.VerifyError: Bad type on operand stack
Exception Details:
  Location:
    app/Serv.doGet(Ljakarta/servlet/http/HttpServletRequest;Ljakarta/servlet/http/HttpServletResponse;)V @3: invokeinterface
  Reason:
    Type 'jakarta/servlet/http/HttpServletRequest' (current frame, stack[0]) is not assignable to 'odb/MyHttpServletRequest'
  Current Frame:
    bci: @3
    flags: { }
    locals: { 'app/Serv', 'jakarta/servlet/http/HttpServletRequest', 'jakarta/servlet/http/HttpServletResponse' }
    stack: { 'jakarta/servlet/http/HttpServletRequest', 'java/lang/String' }
  Bytecode:
    0000000: 2b12 34b9 003a 0200 4e2b 123c b900 3a02
    0000010: 003a 042d c700 512b b900 4001 0019 04ba
    0000020: 004b 0000 b900 5102 00bb 0053 5a5f 0301
    0000030: b700 563a 0519 05b6 005a 3a06 2c2a b600
    0000040: 5b19 04b9 005e 0200 b900 6402 002c 1906
    0000050: b400 6abe b900 6e02 002c b900 7201 0019
    0000060: 06b6 0078 b12d 1904 ba00 7d00 003a 05b8
    0000070: 0081 1905 b800 87b9 008b 0200 b900 8e01
    0000080: 00b9 0092 0100 3a06 2ab4 0028 1906 b800
    0000090: 96b6 009a 3a07 1907 b900 9e01 0012 a0b6
    00000a0: 00a6 2cba 00b9 0000 b600 bf19 07b9 009e
    00000b0: 0100 12c1 b600 a62c ba00 c600 00b6 00bf
    00000c0: 1907 b900 9e01 0012 c8b6 00cc 2cba 00d1
    00000d0: 0000 b900 d602 002c b900 7201 0019 07b9
    00000e0: 00da 0100 c000 dbbb 0066 5a5f 04b7 00de
    00000f0: b600 78a7 000a 3a07 1907 b600 e1b1     
  Exception Handler Table:
    bci [136, 243] => handler: 246
  Stackmap Table:
    append_frame(@101,Object[#244],Object[#244])
    full_frame(@246,{Object[#2],Object[#246],Object[#248],Object[#244],Object[#244],Object[#244],Object[#12]},{Object[#50]})
    append_frame(@253,Object[#250])

		at java.base/java.lang.Class.getDeclaredFields0(Native Method)
		at java.base/java.lang.Class.privateGetDeclaredFields(Class.java:3473)
		at java.base/java.lang.Class.getDeclaredFields(Class.java:2542)
		at org.apache.catalina.startup.WebAnnotationSet.loadFieldsAnnotation(WebAnnotationSet.java:199)
		at org.apache.catalina.startup.WebAnnotationSet.loadApplicationServletAnnotations(WebAnnotationSet.java:138)
		at org.apache.catalina.startup.WebAnnotationSet.loadApplicationAnnotations(WebAnnotationSet.java:69)
		at org.apache.catalina.startup.ContextConfig.applicationAnnotationsConfig(ContextConfig.java:319)
		at org.apache.catalina.startup.ContextConfig.configureStart(ContextConfig.java:964)
		at org.apache.catalina.startup.ContextConfig.lifecycleEvent(ContextConfig.java:290)
		at org.apache.catalina.util.LifecycleBase.fireLifecycleEvent(LifecycleBase.java:109)
		at org.apache.catalina.core.StandardContext.startInternal(StandardContext.java:4311)
		at org.apache.catalina.util.LifecycleBase.start(LifecycleBase.java:164)
		... 24 more
03-Nov-2025 21:43:24.168 INFO [Catalina-utility-2] org.apache.catalina.startup.HostConfig.deployWAR Deployment of web application archive [/home/vignol-bande/Downloads/mesures/apache-tomcat-11.0.1/webapps/serv1.war] has finished in [31] ms
