01-Oct-2025 00:02:32.630 INFO [Catalina-utility-2] org.apache.catalina.startup.HostConfig.undeploy Retrait de l'application web ayant pour chemin de contexte [/serv]
01-Oct-2025 00:02:32.635 WARNING [Catalina-utility-2] org.apache.catalina.loader.WebappClassLoaderBase.clearReferencesThreads L'application web [serv] semble avoir démarré un thread nommé [HttpClient-30-SelectorManager] mais ne l'a pas arrêté, ce qui va probablement créer une fuite de mémoire ; la trace du thread est : 
 java.base@17.0.5/sun.nio.ch.EPoll.wait(Native Method)
 java.base@17.0.5/sun.nio.ch.EPollSelectorImpl.doSelect(EPollSelectorImpl.java:118)
 java.base@17.0.5/sun.nio.ch.SelectorImpl.lockAndDoSelect(SelectorImpl.java:129)
 java.base@17.0.5/sun.nio.ch.SelectorImpl.select(SelectorImpl.java:141)
 platform/java.net.http@17.0.5/jdk.internal.net.http.HttpClientImpl$SelectorManager.run(HttpClientImpl.java:889)
01-Oct-2025 00:03:02.645 INFO [Catalina-utility-1] org.apache.catalina.startup.HostConfig.deployWAR Déploiement de l'archive [/home/hagimont/shared/code/odb/mesures/apache-tomcat-11.0.1/webapps/serv.war] de l'application web
01-Oct-2025 00:03:02.675 INFO [Catalina-utility-1] org.apache.catalina.startup.HostConfig.deployWAR Le déploiement de l'archive de l'application web [/home/hagimont/shared/code/odb/mesures/apache-tomcat-11.0.1/webapps/serv.war] s'est terminé en [30] ms
01-Oct-2025 00:04:42.689 INFO [Catalina-utility-2] org.apache.catalina.startup.HostConfig.undeploy Retrait de l'application web ayant pour chemin de contexte [/serv]
01-Oct-2025 00:04:42.693 WARNING [Catalina-utility-2] org.apache.catalina.loader.WebappClassLoaderBase.clearReferencesThreads L'application web [serv] semble avoir démarré un thread nommé [HttpClient-31-SelectorManager] mais ne l'a pas arrêté, ce qui va probablement créer une fuite de mémoire ; la trace du thread est : 
 java.base@17.0.5/sun.nio.ch.EPoll.wait(Native Method)
 java.base@17.0.5/sun.nio.ch.EPollSelectorImpl.doSelect(EPollSelectorImpl.java:118)
 java.base@17.0.5/sun.nio.ch.SelectorImpl.lockAndDoSelect(SelectorImpl.java:129)
 java.base@17.0.5/sun.nio.ch.SelectorImpl.select(SelectorImpl.java:141)
 platform/java.net.http@17.0.5/jdk.internal.net.http.HttpClientImpl$SelectorManager.run(HttpClientImpl.java:889)
01-Oct-2025 00:05:02.700 INFO [Catalina-utility-1] org.apache.catalina.startup.HostConfig.deployWAR Déploiement de l'archive [/home/hagimont/shared/code/odb/mesures/apache-tomcat-11.0.1/webapps/serv.war] de l'application web
01-Oct-2025 00:05:02.727 INFO [Catalina-utility-1] org.apache.catalina.startup.HostConfig.deployWAR Le déploiement de l'archive de l'application web [/home/hagimont/shared/code/odb/mesures/apache-tomcat-11.0.1/webapps/serv.war] s'est terminé en [26] ms
01-Oct-2025 00:06:12.738 INFO [Catalina-utility-2] org.apache.catalina.startup.HostConfig.undeploy Retrait de l'application web ayant pour chemin de contexte [/serv]
01-Oct-2025 00:06:12.743 WARNING [Catalina-utility-2] org.apache.catalina.loader.WebappClassLoaderBase.clearReferencesThreads L'application web [serv] semble avoir démarré un thread nommé [HttpClient-32-SelectorManager] mais ne l'a pas arrêté, ce qui va probablement créer une fuite de mémoire ; la trace du thread est : 
 java.base@17.0.5/sun.nio.ch.EPoll.wait(Native Method)
 java.base@17.0.5/sun.nio.ch.EPollSelectorImpl.doSelect(EPollSelectorImpl.java:118)
 java.base@17.0.5/sun.nio.ch.SelectorImpl.lockAndDoSelect(SelectorImpl.java:129)
 java.base@17.0.5/sun.nio.ch.SelectorImpl.select(SelectorImpl.java:141)
 platform/java.net.http@17.0.5/jdk.internal.net.http.HttpClientImpl$SelectorManager.run(HttpClientImpl.java:889)
01-Oct-2025 00:06:22.747 INFO [Catalina-utility-2] org.apache.catalina.startup.HostConfig.deployWAR Déploiement de l'archive [/home/hagimont/shared/code/odb/mesures/apache-tomcat-11.0.1/webapps/serv.war] de l'application web
01-Oct-2025 00:06:22.769 INFO [Catalina-utility-2] org.apache.catalina.startup.HostConfig.deployWAR Le déploiement de l'archive de l'application web [/home/hagimont/shared/code/odb/mesures/apache-tomcat-11.0.1/webapps/serv.war] s'est terminé en [23] ms
01-Oct-2025 00:33:43.003 INFO [Catalina-utility-2] org.apache.catalina.startup.HostConfig.undeploy Retrait de l'application web ayant pour chemin de contexte [/serv]
01-Oct-2025 00:33:43.008 WARNING [Catalina-utility-2] org.apache.catalina.loader.WebappClassLoaderBase.clearReferencesThreads L'application web [serv] semble avoir démarré un thread nommé [HttpClient-33-SelectorManager] mais ne l'a pas arrêté, ce qui va probablement créer une fuite de mémoire ; la trace du thread est : 
 java.base@17.0.5/sun.nio.ch.EPoll.wait(Native Method)
 java.base@17.0.5/sun.nio.ch.EPollSelectorImpl.doSelect(EPollSelectorImpl.java:118)
 java.base@17.0.5/sun.nio.ch.SelectorImpl.lockAndDoSelect(SelectorImpl.java:129)
 java.base@17.0.5/sun.nio.ch.SelectorImpl.select(SelectorImpl.java:141)
 platform/java.net.http@17.0.5/jdk.internal.net.http.HttpClientImpl$SelectorManager.run(HttpClientImpl.java:889)
01-Oct-2025 00:33:43.015 INFO [Catalina-utility-2] org.apache.catalina.startup.HostConfig.deployWAR Déploiement de l'archive [/home/hagimont/shared/code/odb/mesures/apache-tomcat-11.0.1/webapps/serv.war] de l'application web
01-Oct-2025 00:33:43.035 INFO [Catalina-utility-2] org.apache.catalina.startup.HostConfig.deployWAR Le déploiement de l'archive de l'application web [/home/hagimont/shared/code/odb/mesures/apache-tomcat-11.0.1/webapps/serv.war] s'est terminé en [21] ms
01-Oct-2025 00:40:53.100 INFO [Catalina-utility-2] org.apache.catalina.startup.HostConfig.undeploy Retrait de l'application web ayant pour chemin de contexte [/serv]
01-Oct-2025 00:40:53.105 WARNING [Catalina-utility-2] org.apache.catalina.loader.WebappClassLoaderBase.clearReferencesThreads L'application web [serv] semble avoir démarré un thread nommé [HttpClient-34-SelectorManager] mais ne l'a pas arrêté, ce qui va probablement créer une fuite de mémoire ; la trace du thread est : 
 java.base@17.0.5/sun.nio.ch.EPoll.wait(Native Method)
 java.base@17.0.5/sun.nio.ch.EPollSelectorImpl.doSelect(EPollSelectorImpl.java:118)
 java.base@17.0.5/sun.nio.ch.SelectorImpl.lockAndDoSelect(SelectorImpl.java:129)
 java.base@17.0.5/sun.nio.ch.SelectorImpl.select(SelectorImpl.java:141)
 platform/java.net.http@17.0.5/jdk.internal.net.http.HttpClientImpl$SelectorManager.run(HttpClientImpl.java:889)
01-Oct-2025 00:40:53.106 WARNING [Catalina-utility-2] org.apache.catalina.loader.WebappClassLoaderBase.clearReferencesThreads L'application web [serv] semble avoir démarré un thread nommé [HttpClient-34-Worker-2] mais ne l'a pas arrêté, ce qui va probablement créer une fuite de mémoire ; la trace du thread est : 
 java.base@17.0.5/jdk.internal.misc.Unsafe.park(Native Method)
 java.base@17.0.5/java.util.concurrent.locks.LockSupport.parkNanos(LockSupport.java:252)
 java.base@17.0.5/java.util.concurrent.SynchronousQueue$TransferStack.transfer(SynchronousQueue.java:401)
 java.base@17.0.5/java.util.concurrent.SynchronousQueue.poll(SynchronousQueue.java:903)
 java.base@17.0.5/java.util.concurrent.ThreadPoolExecutor.getTask(ThreadPoolExecutor.java:1061)
 java.base@17.0.5/java.util.concurrent.ThreadPoolExecutor.runWorker(ThreadPoolExecutor.java:1122)
 java.base@17.0.5/java.util.concurrent.ThreadPoolExecutor$Worker.run(ThreadPoolExecutor.java:635)
 java.base@17.0.5/java.lang.Thread.run(Thread.java:833)
01-Oct-2025 00:40:53.107 WARNING [Catalina-utility-2] org.apache.catalina.loader.WebappClassLoaderBase.clearReferencesThreads L'application web [serv] semble avoir démarré un thread nommé [HttpClient-34-Worker-3] mais ne l'a pas arrêté, ce qui va probablement créer une fuite de mémoire ; la trace du thread est : 
 java.base@17.0.5/jdk.internal.misc.Unsafe.park(Native Method)
 java.base@17.0.5/java.util.concurrent.locks.LockSupport.parkNanos(LockSupport.java:252)
 java.base@17.0.5/java.util.concurrent.SynchronousQueue$TransferStack.transfer(SynchronousQueue.java:401)
 java.base@17.0.5/java.util.concurrent.SynchronousQueue.poll(SynchronousQueue.java:903)
 java.base@17.0.5/java.util.concurrent.ThreadPoolExecutor.getTask(ThreadPoolExecutor.java:1061)
 java.base@17.0.5/java.util.concurrent.ThreadPoolExecutor.runWorker(ThreadPoolExecutor.java:1122)
 java.base@17.0.5/java.util.concurrent.ThreadPoolExecutor$Worker.run(ThreadPoolExecutor.java:635)
 java.base@17.0.5/java.lang.Thread.run(Thread.java:833)
01-Oct-2025 00:40:53.108 WARNING [Catalina-utility-2] org.apache.catalina.loader.WebappClassLoaderBase.clearReferencesThreads L'application web [serv] semble avoir démarré un thread nommé [HttpClient-34-Worker-4] mais ne l'a pas arrêté, ce qui va probablement créer une fuite de mémoire ; la trace du thread est : 
 java.base@17.0.5/jdk.internal.misc.Unsafe.park(Native Method)
 java.base@17.0.5/java.util.concurrent.locks.LockSupport.parkNanos(LockSupport.java:252)
 java.base@17.0.5/java.util.concurrent.SynchronousQueue$TransferStack.transfer(SynchronousQueue.java:401)
 java.base@17.0.5/java.util.concurrent.SynchronousQueue.poll(SynchronousQueue.java:903)
 java.base@17.0.5/java.util.concurrent.ThreadPoolExecutor.getTask(ThreadPoolExecutor.java:1061)
 java.base@17.0.5/java.util.concurrent.ThreadPoolExecutor.runWorker(ThreadPoolExecutor.java:1122)
 java.base@17.0.5/java.util.concurrent.ThreadPoolExecutor$Worker.run(ThreadPoolExecutor.java:635)
 java.base@17.0.5/java.lang.Thread.run(Thread.java:833)
01-Oct-2025 00:40:53.111 INFO [Catalina-utility-2] org.apache.catalina.startup.HostConfig.deployWAR Déploiement de l'archive [/home/hagimont/shared/code/odb/mesures/apache-tomcat-11.0.1/webapps/serv.war] de l'application web
01-Oct-2025 00:40:53.132 INFO [Catalina-utility-2] org.apache.catalina.startup.HostConfig.deployWAR Le déploiement de l'archive de l'application web [/home/hagimont/shared/code/odb/mesures/apache-tomcat-11.0.1/webapps/serv.war] s'est terminé en [21] ms
01-Oct-2025 00:50:03.692 INFO [main] org.apache.catalina.core.StandardServer.await Une commande d'arrêt valide a été reçue sur le port d'arrêt, arrêt de l'instance du serveur
01-Oct-2025 00:50:03.693 INFO [main] org.apache.coyote.AbstractProtocol.pause Le gestionnaire de protocole ["http-nio-8080"] est mis en pause
01-Oct-2025 00:50:03.695 INFO [main] org.apache.catalina.core.StandardService.stopInternal Arrêt du service [Catalina]
01-Oct-2025 00:50:03.704 WARNING [main] org.apache.catalina.loader.WebappClassLoaderBase.clearReferencesThreads L'application web [serv] semble avoir démarré un thread nommé [HttpClient-35-SelectorManager] mais ne l'a pas arrêté, ce qui va probablement créer une fuite de mémoire ; la trace du thread est : 
 java.base@17.0.5/sun.nio.ch.EPoll.wait(Native Method)
 java.base@17.0.5/sun.nio.ch.EPollSelectorImpl.doSelect(EPollSelectorImpl.java:118)
 java.base@17.0.5/sun.nio.ch.SelectorImpl.lockAndDoSelect(SelectorImpl.java:129)
 java.base@17.0.5/sun.nio.ch.SelectorImpl.select(SelectorImpl.java:141)
 platform/java.net.http@17.0.5/jdk.internal.net.http.HttpClientImpl$SelectorManager.run(HttpClientImpl.java:889)
01-Oct-2025 00:50:03.705 WARNING [main] org.apache.catalina.loader.WebappClassLoaderBase.clearReferencesThreads L'application web [serv] semble avoir démarré un thread nommé [HttpClient-35-Worker-4] mais ne l'a pas arrêté, ce qui va probablement créer une fuite de mémoire ; la trace du thread est : 
 java.base@17.0.5/jdk.internal.misc.Unsafe.park(Native Method)
 java.base@17.0.5/java.util.concurrent.locks.LockSupport.parkNanos(LockSupport.java:252)
 java.base@17.0.5/java.util.concurrent.SynchronousQueue$TransferStack.transfer(SynchronousQueue.java:401)
 java.base@17.0.5/java.util.concurrent.SynchronousQueue.poll(SynchronousQueue.java:903)
 java.base@17.0.5/java.util.concurrent.ThreadPoolExecutor.getTask(ThreadPoolExecutor.java:1061)
 java.base@17.0.5/java.util.concurrent.ThreadPoolExecutor.runWorker(ThreadPoolExecutor.java:1122)
 java.base@17.0.5/java.util.concurrent.ThreadPoolExecutor$Worker.run(ThreadPoolExecutor.java:635)
 java.base@17.0.5/java.lang.Thread.run(Thread.java:833)
01-Oct-2025 00:50:03.705 WARNING [main] org.apache.catalina.loader.WebappClassLoaderBase.clearReferencesThreads L'application web [serv] semble avoir démarré un thread nommé [HttpClient-35-Worker-5] mais ne l'a pas arrêté, ce qui va probablement créer une fuite de mémoire ; la trace du thread est : 
 java.base@17.0.5/jdk.internal.misc.Unsafe.park(Native Method)
 java.base@17.0.5/java.util.concurrent.locks.LockSupport.parkNanos(LockSupport.java:252)
 java.base@17.0.5/java.util.concurrent.SynchronousQueue$TransferStack.transfer(SynchronousQueue.java:401)
 java.base@17.0.5/java.util.concurrent.SynchronousQueue.poll(SynchronousQueue.java:903)
 java.base@17.0.5/java.util.concurrent.ThreadPoolExecutor.getTask(ThreadPoolExecutor.java:1061)
 java.base@17.0.5/java.util.concurrent.ThreadPoolExecutor.runWorker(ThreadPoolExecutor.java:1122)
 java.base@17.0.5/java.util.concurrent.ThreadPoolExecutor$Worker.run(ThreadPoolExecutor.java:635)
 java.base@17.0.5/java.lang.Thread.run(Thread.java:833)
01-Oct-2025 00:50:03.705 WARNING [main] org.apache.catalina.loader.WebappClassLoaderBase.clearReferencesThreads L'application web [serv] semble avoir démarré un thread nommé [HttpClient-35-Worker-6] mais ne l'a pas arrêté, ce qui va probablement créer une fuite de mémoire ; la trace du thread est : 
 java.base@17.0.5/jdk.internal.misc.Unsafe.park(Native Method)
 java.base@17.0.5/java.util.concurrent.locks.LockSupport.parkNanos(LockSupport.java:252)
 java.base@17.0.5/java.util.concurrent.SynchronousQueue$TransferStack.transfer(SynchronousQueue.java:401)
 java.base@17.0.5/java.util.concurrent.SynchronousQueue.poll(SynchronousQueue.java:903)
 java.base@17.0.5/java.util.concurrent.ThreadPoolExecutor.getTask(ThreadPoolExecutor.java:1061)
 java.base@17.0.5/java.util.concurrent.ThreadPoolExecutor.runWorker(ThreadPoolExecutor.java:1122)
 java.base@17.0.5/java.util.concurrent.ThreadPoolExecutor$Worker.run(ThreadPoolExecutor.java:635)
 java.base@17.0.5/java.lang.Thread.run(Thread.java:833)
01-Oct-2025 00:50:03.708 INFO [main] org.apache.coyote.AbstractProtocol.stop Arrêt du gestionnaire de protocole ["http-nio-8080"]
01-Oct-2025 00:50:03.720 INFO [main] org.apache.coyote.AbstractProtocol.destroy Destruction du gestionnaire de protocole ["http-nio-8080"]
01-Oct-2025 00:50:07.851 INFO [main] org.apache.catalina.startup.VersionLoggerListener.log Nom version serveur :              Apache Tomcat/11.0.1
01-Oct-2025 00:50:07.855 INFO [main] org.apache.catalina.startup.VersionLoggerListener.log Serveur compilé :                  Nov 6 2024 19:08:24 UTC
01-Oct-2025 00:50:07.856 INFO [main] org.apache.catalina.startup.VersionLoggerListener.log Version du serveur :               11.0.1.0
01-Oct-2025 00:50:07.856 INFO [main] org.apache.catalina.startup.VersionLoggerListener.log Nom de l'OS :                      Linux
01-Oct-2025 00:50:07.856 INFO [main] org.apache.catalina.startup.VersionLoggerListener.log Version OS :                       6.8.0-83-generic
01-Oct-2025 00:50:07.856 INFO [main] org.apache.catalina.startup.VersionLoggerListener.log Architecture :                     amd64
01-Oct-2025 00:50:07.856 INFO [main] org.apache.catalina.startup.VersionLoggerListener.log Java Home :                        /home/hagimont/install/jdk-17.0.5
01-Oct-2025 00:50:07.856 INFO [main] org.apache.catalina.startup.VersionLoggerListener.log Version JVM :                      17.0.5+9-LTS-191
01-Oct-2025 00:50:07.856 INFO [main] org.apache.catalina.startup.VersionLoggerListener.log Fournisseur de la JVM :            Oracle Corporation
01-Oct-2025 00:50:07.856 INFO [main] org.apache.catalina.startup.VersionLoggerListener.log CATALINA_BASE :                    /home/hagimont/shared/code/odb/mesures/apache-tomcat-11.0.1
01-Oct-2025 00:50:07.856 INFO [main] org.apache.catalina.startup.VersionLoggerListener.log CATALINA_HOME :                    /home/hagimont/shared/code/odb/mesures/apache-tomcat-11.0.1
01-Oct-2025 00:50:07.865 INFO [main] org.apache.catalina.startup.VersionLoggerListener.log Argument de la ligne de commande : -Djava.util.logging.config.file=/home/hagimont/shared/code/odb/mesures/apache-tomcat-11.0.1/conf/logging.properties
01-Oct-2025 00:50:07.865 INFO [main] org.apache.catalina.startup.VersionLoggerListener.log Argument de la ligne de commande : -Djava.util.logging.manager=org.apache.juli.ClassLoaderLogManager
01-Oct-2025 00:50:07.865 INFO [main] org.apache.catalina.startup.VersionLoggerListener.log Argument de la ligne de commande : -Djdk.tls.ephemeralDHKeySize=2048
01-Oct-2025 00:50:07.865 INFO [main] org.apache.catalina.startup.VersionLoggerListener.log Argument de la ligne de commande : -Dorg.apache.catalina.security.SecurityListener.UMASK=0027
01-Oct-2025 00:50:07.866 INFO [main] org.apache.catalina.startup.VersionLoggerListener.log Argument de la ligne de commande : --add-opens=java.base/java.lang=ALL-UNNAMED
01-Oct-2025 00:50:07.866 INFO [main] org.apache.catalina.startup.VersionLoggerListener.log Argument de la ligne de commande : --add-opens=java.base/java.io=ALL-UNNAMED
01-Oct-2025 00:50:07.866 INFO [main] org.apache.catalina.startup.VersionLoggerListener.log Argument de la ligne de commande : --add-opens=java.base/java.util=ALL-UNNAMED
01-Oct-2025 00:50:07.866 INFO [main] org.apache.catalina.startup.VersionLoggerListener.log Argument de la ligne de commande : --add-opens=java.base/java.util.concurrent=ALL-UNNAMED
01-Oct-2025 00:50:07.866 INFO [main] org.apache.catalina.startup.VersionLoggerListener.log Argument de la ligne de commande : --add-opens=java.rmi/sun.rmi.transport=ALL-UNNAMED
01-Oct-2025 00:50:07.866 INFO [main] org.apache.catalina.startup.VersionLoggerListener.log Argument de la ligne de commande : --enable-native-access=ALL-UNNAMED
01-Oct-2025 00:50:07.866 INFO [main] org.apache.catalina.startup.VersionLoggerListener.log Argument de la ligne de commande : -Dcatalina.base=/home/hagimont/shared/code/odb/mesures/apache-tomcat-11.0.1
01-Oct-2025 00:50:07.866 INFO [main] org.apache.catalina.startup.VersionLoggerListener.log Argument de la ligne de commande : -Dcatalina.home=/home/hagimont/shared/code/odb/mesures/apache-tomcat-11.0.1
01-Oct-2025 00:50:07.866 INFO [main] org.apache.catalina.startup.VersionLoggerListener.log Argument de la ligne de commande : -Djava.io.tmpdir=/home/hagimont/shared/code/odb/mesures/apache-tomcat-11.0.1/temp
01-Oct-2025 00:50:07.868 INFO [main] org.apache.catalina.core.AprLifecycleListener.lifecycleEvent La librairie Apache Tomcat Native basée sur APR qui permet des performances optimales dans les environnements de production n'a pas été trouvée sur le java.library.path : [/usr/java/packages/lib:/usr/lib64:/lib64:/lib:/usr/lib]
01-Oct-2025 00:50:08.151 INFO [main] org.apache.coyote.AbstractProtocol.init Initialisation du gestionnaire de protocole ["http-nio-8080"]
01-Oct-2025 00:50:08.174 INFO [main] org.apache.catalina.startup.Catalina.load L'initialisation du serveur a pris [481] millisecondes
01-Oct-2025 00:50:08.235 INFO [main] org.apache.catalina.core.StandardService.startInternal Démarrage du service [Catalina]
01-Oct-2025 00:50:08.235 INFO [main] org.apache.catalina.core.StandardEngine.startInternal Démarrage du moteur de Servlets : [Apache Tomcat/11.0.1]
01-Oct-2025 00:50:08.258 INFO [main] org.apache.catalina.startup.HostConfig.deployWAR Déploiement de l'archive [/home/hagimont/shared/code/odb/mesures/apache-tomcat-11.0.1/webapps/serv.war] de l'application web
01-Oct-2025 00:50:08.587 INFO [main] org.apache.catalina.startup.HostConfig.deployWAR Le déploiement de l'archive de l'application web [/home/hagimont/shared/code/odb/mesures/apache-tomcat-11.0.1/webapps/serv.war] s'est terminé en [326] ms
01-Oct-2025 00:50:08.588 INFO [main] org.apache.catalina.startup.HostConfig.deployDirectory Déploiement du répertoire d'application web [/home/hagimont/shared/code/odb/mesures/apache-tomcat-11.0.1/webapps/manager]
01-Oct-2025 00:50:08.624 INFO [main] org.apache.catalina.startup.HostConfig.deployDirectory Le déploiement du répertoire [/home/hagimont/shared/code/odb/mesures/apache-tomcat-11.0.1/webapps/manager] de l'application web s'est terminé en [37] ms
01-Oct-2025 00:50:08.624 INFO [main] org.apache.catalina.startup.HostConfig.deployDirectory Déploiement du répertoire d'application web [/home/hagimont/shared/code/odb/mesures/apache-tomcat-11.0.1/webapps/examples]
01-Oct-2025 00:50:08.822 INFO [main] org.apache.catalina.startup.HostConfig.deployDirectory Le déploiement du répertoire [/home/hagimont/shared/code/odb/mesures/apache-tomcat-11.0.1/webapps/examples] de l'application web s'est terminé en [198] ms
01-Oct-2025 00:50:08.822 INFO [main] org.apache.catalina.startup.HostConfig.deployDirectory Déploiement du répertoire d'application web [/home/hagimont/shared/code/odb/mesures/apache-tomcat-11.0.1/webapps/ROOT]
01-Oct-2025 00:50:08.839 INFO [main] org.apache.catalina.startup.HostConfig.deployDirectory Le déploiement du répertoire [/home/hagimont/shared/code/odb/mesures/apache-tomcat-11.0.1/webapps/ROOT] de l'application web s'est terminé en [17] ms
01-Oct-2025 00:50:08.840 INFO [main] org.apache.catalina.startup.HostConfig.deployDirectory Déploiement du répertoire d'application web [/home/hagimont/shared/code/odb/mesures/apache-tomcat-11.0.1/webapps/host-manager]
01-Oct-2025 00:50:08.858 INFO [main] org.apache.catalina.startup.HostConfig.deployDirectory Le déploiement du répertoire [/home/hagimont/shared/code/odb/mesures/apache-tomcat-11.0.1/webapps/host-manager] de l'application web s'est terminé en [18] ms
01-Oct-2025 00:50:08.858 INFO [main] org.apache.catalina.startup.HostConfig.deployDirectory Déploiement du répertoire d'application web [/home/hagimont/shared/code/odb/mesures/apache-tomcat-11.0.1/webapps/docs]
01-Oct-2025 00:50:08.876 INFO [main] org.apache.catalina.startup.HostConfig.deployDirectory Le déploiement du répertoire [/home/hagimont/shared/code/odb/mesures/apache-tomcat-11.0.1/webapps/docs] de l'application web s'est terminé en [18] ms
01-Oct-2025 00:50:08.882 INFO [main] org.apache.coyote.AbstractProtocol.start Démarrage du gestionnaire de protocole ["http-nio-8080"]
01-Oct-2025 00:50:08.895 INFO [main] org.apache.catalina.startup.Catalina.start Le démarrage du serveur a pris [720] millisecondes
01-Oct-2025 13:30:42.077 INFO [main] org.apache.catalina.core.StandardServer.await Une commande d'arrêt valide a été reçue sur le port d'arrêt, arrêt de l'instance du serveur
01-Oct-2025 13:30:42.078 INFO [main] org.apache.coyote.AbstractProtocol.pause Le gestionnaire de protocole ["http-nio-8080"] est mis en pause
01-Oct-2025 13:30:42.080 INFO [main] org.apache.catalina.core.StandardService.stopInternal Arrêt du service [Catalina]
01-Oct-2025 13:30:42.100 WARNING [main] org.apache.catalina.loader.WebappClassLoaderBase.clearReferencesThreads L'application web [serv] semble avoir démarré un thread nommé [HttpClient-1-SelectorManager] mais ne l'a pas arrêté, ce qui va probablement créer une fuite de mémoire ; la trace du thread est : 
 java.base@17.0.5/sun.nio.ch.EPoll.wait(Native Method)
 java.base@17.0.5/sun.nio.ch.EPollSelectorImpl.doSelect(EPollSelectorImpl.java:118)
 java.base@17.0.5/sun.nio.ch.SelectorImpl.lockAndDoSelect(SelectorImpl.java:129)
 java.base@17.0.5/sun.nio.ch.SelectorImpl.select(SelectorImpl.java:141)
 platform/java.net.http@17.0.5/jdk.internal.net.http.HttpClientImpl$SelectorManager.run(HttpClientImpl.java:889)
01-Oct-2025 13:30:42.107 INFO [main] org.apache.coyote.AbstractProtocol.stop Arrêt du gestionnaire de protocole ["http-nio-8080"]
01-Oct-2025 13:30:42.120 INFO [main] org.apache.coyote.AbstractProtocol.destroy Destruction du gestionnaire de protocole ["http-nio-8080"]
01-Oct-2025 21:03:46.374 INFO [main] org.apache.catalina.startup.VersionLoggerListener.log Nom version serveur :              Apache Tomcat/11.0.1
01-Oct-2025 21:03:46.376 INFO [main] org.apache.catalina.startup.VersionLoggerListener.log Serveur compilé :                  Nov 6 2024 19:08:24 UTC
01-Oct-2025 21:03:46.377 INFO [main] org.apache.catalina.startup.VersionLoggerListener.log Version du serveur :               11.0.1.0
01-Oct-2025 21:03:46.377 INFO [main] org.apache.catalina.startup.VersionLoggerListener.log Nom de l'OS :                      Linux
01-Oct-2025 21:03:46.377 INFO [main] org.apache.catalina.startup.VersionLoggerListener.log Version OS :                       6.8.0-83-generic
01-Oct-2025 21:03:46.377 INFO [main] org.apache.catalina.startup.VersionLoggerListener.log Architecture :                     amd64
01-Oct-2025 21:03:46.377 INFO [main] org.apache.catalina.startup.VersionLoggerListener.log Java Home :                        /home/hagimont/install/jdk-17.0.5
01-Oct-2025 21:03:46.377 INFO [main] org.apache.catalina.startup.VersionLoggerListener.log Version JVM :                      17.0.5+9-LTS-191
01-Oct-2025 21:03:46.377 INFO [main] org.apache.catalina.startup.VersionLoggerListener.log Fournisseur de la JVM :            Oracle Corporation
01-Oct-2025 21:03:46.377 INFO [main] org.apache.catalina.startup.VersionLoggerListener.log CATALINA_BASE :                    /home/hagimont/shared/code/odb/mesures/apache-tomcat-11.0.1
01-Oct-2025 21:03:46.377 INFO [main] org.apache.catalina.startup.VersionLoggerListener.log CATALINA_HOME :                    /home/hagimont/shared/code/odb/mesures/apache-tomcat-11.0.1
01-Oct-2025 21:03:46.386 INFO [main] org.apache.catalina.startup.VersionLoggerListener.log Argument de la ligne de commande : -Djava.util.logging.config.file=/home/hagimont/shared/code/odb/mesures/apache-tomcat-11.0.1/conf/logging.properties
01-Oct-2025 21:03:46.386 INFO [main] org.apache.catalina.startup.VersionLoggerListener.log Argument de la ligne de commande : -Djava.util.logging.manager=org.apache.juli.ClassLoaderLogManager
01-Oct-2025 21:03:46.387 INFO [main] org.apache.catalina.startup.VersionLoggerListener.log Argument de la ligne de commande : -Djdk.tls.ephemeralDHKeySize=2048
01-Oct-2025 21:03:46.387 INFO [main] org.apache.catalina.startup.VersionLoggerListener.log Argument de la ligne de commande : -Dorg.apache.catalina.security.SecurityListener.UMASK=0027
01-Oct-2025 21:03:46.387 INFO [main] org.apache.catalina.startup.VersionLoggerListener.log Argument de la ligne de commande : --add-opens=java.base/java.lang=ALL-UNNAMED
01-Oct-2025 21:03:46.387 INFO [main] org.apache.catalina.startup.VersionLoggerListener.log Argument de la ligne de commande : --add-opens=java.base/java.io=ALL-UNNAMED
01-Oct-2025 21:03:46.387 INFO [main] org.apache.catalina.startup.VersionLoggerListener.log Argument de la ligne de commande : --add-opens=java.base/java.util=ALL-UNNAMED
01-Oct-2025 21:03:46.387 INFO [main] org.apache.catalina.startup.VersionLoggerListener.log Argument de la ligne de commande : --add-opens=java.base/java.util.concurrent=ALL-UNNAMED
01-Oct-2025 21:03:46.387 INFO [main] org.apache.catalina.startup.VersionLoggerListener.log Argument de la ligne de commande : --add-opens=java.rmi/sun.rmi.transport=ALL-UNNAMED
01-Oct-2025 21:03:46.387 INFO [main] org.apache.catalina.startup.VersionLoggerListener.log Argument de la ligne de commande : --enable-native-access=ALL-UNNAMED
01-Oct-2025 21:03:46.387 INFO [main] org.apache.catalina.startup.VersionLoggerListener.log Argument de la ligne de commande : -Dcatalina.base=/home/hagimont/shared/code/odb/mesures/apache-tomcat-11.0.1
01-Oct-2025 21:03:46.388 INFO [main] org.apache.catalina.startup.VersionLoggerListener.log Argument de la ligne de commande : -Dcatalina.home=/home/hagimont/shared/code/odb/mesures/apache-tomcat-11.0.1
01-Oct-2025 21:03:46.388 INFO [main] org.apache.catalina.startup.VersionLoggerListener.log Argument de la ligne de commande : -Djava.io.tmpdir=/home/hagimont/shared/code/odb/mesures/apache-tomcat-11.0.1/temp
01-Oct-2025 21:03:46.389 INFO [main] org.apache.catalina.core.AprLifecycleListener.lifecycleEvent La librairie Apache Tomcat Native basée sur APR qui permet des performances optimales dans les environnements de production n'a pas été trouvée sur le java.library.path : [/usr/java/packages/lib:/usr/lib64:/lib64:/lib:/usr/lib]
01-Oct-2025 21:03:46.563 INFO [main] org.apache.coyote.AbstractProtocol.init Initialisation du gestionnaire de protocole ["http-nio-8080"]
01-Oct-2025 21:03:46.576 INFO [main] org.apache.catalina.startup.Catalina.load L'initialisation du serveur a pris [344] millisecondes
01-Oct-2025 21:03:46.613 INFO [main] org.apache.catalina.core.StandardService.startInternal Démarrage du service [Catalina]
01-Oct-2025 21:03:46.614 INFO [main] org.apache.catalina.core.StandardEngine.startInternal Démarrage du moteur de Servlets : [Apache Tomcat/11.0.1]
01-Oct-2025 21:03:46.631 INFO [main] org.apache.catalina.startup.HostConfig.deployWAR Déploiement de l'archive [/home/hagimont/shared/code/odb/mesures/apache-tomcat-11.0.1/webapps/serv.war] de l'application web
01-Oct-2025 21:03:46.820 INFO [main] org.apache.catalina.startup.HostConfig.deployWAR Le déploiement de l'archive de l'application web [/home/hagimont/shared/code/odb/mesures/apache-tomcat-11.0.1/webapps/serv.war] s'est terminé en [189] ms
01-Oct-2025 21:03:46.821 INFO [main] org.apache.catalina.startup.HostConfig.deployDirectory Déploiement du répertoire d'application web [/home/hagimont/shared/code/odb/mesures/apache-tomcat-11.0.1/webapps/manager]
01-Oct-2025 21:03:46.840 INFO [main] org.apache.catalina.startup.HostConfig.deployDirectory Le déploiement du répertoire [/home/hagimont/shared/code/odb/mesures/apache-tomcat-11.0.1/webapps/manager] de l'application web s'est terminé en [19] ms
01-Oct-2025 21:03:46.841 INFO [main] org.apache.catalina.startup.HostConfig.deployDirectory Déploiement du répertoire d'application web [/home/hagimont/shared/code/odb/mesures/apache-tomcat-11.0.1/webapps/examples]
01-Oct-2025 21:03:47.004 INFO [main] org.apache.catalina.startup.HostConfig.deployDirectory Le déploiement du répertoire [/home/hagimont/shared/code/odb/mesures/apache-tomcat-11.0.1/webapps/examples] de l'application web s'est terminé en [162] ms
01-Oct-2025 21:03:47.004 INFO [main] org.apache.catalina.startup.HostConfig.deployDirectory Déploiement du répertoire d'application web [/home/hagimont/shared/code/odb/mesures/apache-tomcat-11.0.1/webapps/ROOT]
01-Oct-2025 21:03:47.021 INFO [main] org.apache.catalina.startup.HostConfig.deployDirectory Le déploiement du répertoire [/home/hagimont/shared/code/odb/mesures/apache-tomcat-11.0.1/webapps/ROOT] de l'application web s'est terminé en [17] ms
01-Oct-2025 21:03:47.021 INFO [main] org.apache.catalina.startup.HostConfig.deployDirectory Déploiement du répertoire d'application web [/home/hagimont/shared/code/odb/mesures/apache-tomcat-11.0.1/webapps/host-manager]
01-Oct-2025 21:03:47.039 INFO [main] org.apache.catalina.startup.HostConfig.deployDirectory Le déploiement du répertoire [/home/hagimont/shared/code/odb/mesures/apache-tomcat-11.0.1/webapps/host-manager] de l'application web s'est terminé en [18] ms
01-Oct-2025 21:03:47.040 INFO [main] org.apache.catalina.startup.HostConfig.deployDirectory Déploiement du répertoire d'application web [/home/hagimont/shared/code/odb/mesures/apache-tomcat-11.0.1/webapps/docs]
01-Oct-2025 21:03:47.055 INFO [main] org.apache.catalina.startup.HostConfig.deployDirectory Le déploiement du répertoire [/home/hagimont/shared/code/odb/mesures/apache-tomcat-11.0.1/webapps/docs] de l'application web s'est terminé en [15] ms
01-Oct-2025 21:03:47.059 INFO [main] org.apache.coyote.AbstractProtocol.start Démarrage du gestionnaire de protocole ["http-nio-8080"]
01-Oct-2025 21:03:47.069 INFO [main] org.apache.catalina.startup.Catalina.start Le démarrage du serveur a pris [493] millisecondes
01-Oct-2025 21:05:57.103 INFO [Catalina-utility-2] org.apache.catalina.startup.HostConfig.undeploy Retrait de l'application web ayant pour chemin de contexte [/serv]
01-Oct-2025 21:05:57.114 WARNING [Catalina-utility-2] org.apache.catalina.loader.WebappClassLoaderBase.clearReferencesThreads L'application web [serv] semble avoir démarré un thread nommé [HttpClient-1-SelectorManager] mais ne l'a pas arrêté, ce qui va probablement créer une fuite de mémoire ; la trace du thread est : 
 java.base@17.0.5/sun.nio.ch.EPoll.wait(Native Method)
 java.base@17.0.5/sun.nio.ch.EPollSelectorImpl.doSelect(EPollSelectorImpl.java:118)
 java.base@17.0.5/sun.nio.ch.SelectorImpl.lockAndDoSelect(SelectorImpl.java:129)
 java.base@17.0.5/sun.nio.ch.SelectorImpl.select(SelectorImpl.java:141)
 platform/java.net.http@17.0.5/jdk.internal.net.http.HttpClientImpl$SelectorManager.run(HttpClientImpl.java:889)
01-Oct-2025 21:06:07.131 INFO [Catalina-utility-1] org.apache.catalina.startup.HostConfig.deployWAR Déploiement de l'archive [/home/hagimont/shared/code/odb/mesures/apache-tomcat-11.0.1/webapps/serv.war] de l'application web
01-Oct-2025 21:06:07.151 INFO [Catalina-utility-1] org.apache.catalina.startup.HostConfig.deployWAR Le déploiement de l'archive de l'application web [/home/hagimont/shared/code/odb/mesures/apache-tomcat-11.0.1/webapps/serv.war] s'est terminé en [20] ms
