27-Oct-2025 16:13:13.839 INFO [main] org.apache.catalina.core.ApplicationContext.log ContextListener: contextInitialized()
27-Oct-2025 16:13:13.839 INFO [main] org.apache.catalina.core.ApplicationContext.log SessionListener: contextInitialized()
27-Oct-2025 16:13:13.840 INFO [main] org.apache.catalina.core.ApplicationContext.log ContextListener: attributeAdded('StockTicker', 'async.Stockticker@459f7aa3')
27-Oct-2025 16:13:13.873 INFO [main] org.apache.catalina.core.ApplicationContext.log SessionListener: contextDestroyed()
27-Oct-2025 16:13:13.873 INFO [main] org.apache.catalina.core.ApplicationContext.log ContextListener: contextDestroyed()
27-Oct-2025 16:28:16.649 INFO [main] org.apache.catalina.core.ApplicationContext.log ContextListener: contextInitialized()
27-Oct-2025 16:28:16.649 INFO [main] org.apache.catalina.core.ApplicationContext.log SessionListener: contextInitialized()
27-Oct-2025 16:28:16.650 INFO [main] org.apache.catalina.core.ApplicationContext.log ContextListener: attributeAdded('StockTicker', 'async.Stockticker@7db534f2')
27-Oct-2025 16:28:16.680 INFO [main] org.apache.catalina.core.ApplicationContext.log SessionListener: contextDestroyed()
27-Oct-2025 16:28:16.680 INFO [main] org.apache.catalina.core.ApplicationContext.log ContextListener: contextDestroyed()
27-Oct-2025 16:42:20.656 INFO [main] org.apache.catalina.core.ApplicationContext.log ContextListener: contextInitialized()
27-Oct-2025 16:42:20.656 INFO [main] org.apache.catalina.core.ApplicationContext.log SessionListener: contextInitialized()
27-Oct-2025 16:42:20.657 INFO [main] org.apache.catalina.core.ApplicationContext.log ContextListener: attributeAdded('StockTicker', 'async.Stockticker@7eb01b12')
27-Oct-2025 16:42:20.689 INFO [main] org.apache.catalina.core.ApplicationContext.log SessionListener: contextDestroyed()
27-Oct-2025 16:42:20.689 INFO [main] org.apache.catalina.core.ApplicationContext.log ContextListener: contextDestroyed()
27-Oct-2025 17:40:33.012 INFO [main] org.apache.catalina.core.ApplicationContext.log ContextListener: contextInitialized()
27-Oct-2025 17:40:33.013 INFO [main] org.apache.catalina.core.ApplicationContext.log SessionListener: contextInitialized()
27-Oct-2025 17:40:33.014 INFO [main] org.apache.catalina.core.ApplicationContext.log ContextListener: attributeAdded('StockTicker', 'async.Stockticker@733c423e')
27-Oct-2025 17:40:33.054 INFO [main] org.apache.catalina.core.ApplicationContext.log SessionListener: contextDestroyed()
27-Oct-2025 17:40:33.054 INFO [main] org.apache.catalina.core.ApplicationContext.log ContextListener: contextDestroyed()
27-Oct-2025 18:01:14.690 INFO [main] org.apache.catalina.core.ApplicationContext.log ContextListener: contextInitialized()
27-Oct-2025 18:01:14.690 INFO [main] org.apache.catalina.core.ApplicationContext.log SessionListener: contextInitialized()
27-Oct-2025 18:01:14.691 INFO [main] org.apache.catalina.core.ApplicationContext.log ContextListener: attributeAdded('StockTicker', 'async.Stockticker@407cf41')
27-Oct-2025 18:10:36.531 INFO [main] org.apache.catalina.core.ApplicationContext.log SessionListener: contextDestroyed()
27-Oct-2025 18:10:36.531 INFO [main] org.apache.catalina.core.ApplicationContext.log ContextListener: contextDestroyed()
27-Oct-2025 18:10:37.387 INFO [main] org.apache.catalina.core.ApplicationContext.log ContextListener: contextInitialized()
27-Oct-2025 18:10:37.387 INFO [main] org.apache.catalina.core.ApplicationContext.log SessionListener: contextInitialized()
27-Oct-2025 18:10:37.388 INFO [main] org.apache.catalina.core.ApplicationContext.log ContextListener: attributeAdded('StockTicker', 'async.Stockticker@2e185cd7')
27-Oct-2025 18:17:08.094 INFO [main] org.apache.catalina.core.ApplicationContext.log SessionListener: contextDestroyed()
27-Oct-2025 18:17:08.094 INFO [main] org.apache.catalina.core.ApplicationContext.log ContextListener: contextDestroyed()
27-Oct-2025 18:17:08.969 INFO [main] org.apache.catalina.core.ApplicationContext.log ContextListener: contextInitialized()
27-Oct-2025 18:17:08.969 INFO [main] org.apache.catalina.core.ApplicationContext.log SessionListener: contextInitialized()
27-Oct-2025 18:17:08.970 INFO [main] org.apache.catalina.core.ApplicationContext.log ContextListener: attributeAdded('StockTicker', 'async.Stockticker@407cf41')
